{"/home/runner/work/cse110-w21-group17/cse110-w21-group17/source/site/frontend/js/utils.js":{"path":"/home/runner/work/cse110-w21-group17/cse110-w21-group17/source/site/frontend/js/utils.js","statementMap":{"0":{"start":{"line":11,"column":4},"end":{"line":24,"column":42}},"1":{"start":{"line":24,"column":26},"end":{"line":24,"column":41}},"2":{"start":{"line":32,"column":4},"end":{"line":32,"column":33}},"3":{"start":{"line":32,"column":21},"end":{"line":32,"column":33}},"4":{"start":{"line":33,"column":4},"end":{"line":33,"column":83}}},"fnMap":{"0":{"name":"postData","decl":{"start":{"line":10,"column":16},"end":{"line":10,"column":24}},"loc":{"start":{"line":10,"column":36},"end":{"line":25,"column":1}},"line":10},"1":{"name":"(anonymous_1)","decl":{"start":{"line":24,"column":14},"end":{"line":24,"column":15}},"loc":{"start":{"line":24,"column":26},"end":{"line":24,"column":41}},"line":24},"2":{"name":"create_uid","decl":{"start":{"line":31,"column":16},"end":{"line":31,"column":26}},"loc":{"start":{"line":31,"column":35},"end":{"line":34,"column":1}},"line":31}},"branchMap":{"0":{"loc":{"start":{"line":32,"column":4},"end":{"line":32,"column":33}},"type":"if","locations":[{"start":{"line":32,"column":4},"end":{"line":32,"column":33}},{"start":{"line":32,"column":4},"end":{"line":32,"column":33}}],"line":32}},"s":{"0":111,"1":107,"2":10,"3":2,"4":8},"f":{"0":111,"1":107,"2":10},"b":{"0":[2,8]},"_coverageSchema":"1a1c01bbd47fc00a2c39e90264f33305004495a9","hash":"9ba9d0ce9c6c3acb207295cb659ef3ecfa70df1f"},"/home/runner/work/cse110-w21-group17/cse110-w21-group17/source/site/frontend/js/components/control-button.js":{"path":"/home/runner/work/cse110-w21-group17/cse110-w21-group17/source/site/frontend/js/components/control-button.js","statementMap":{"0":{"start":{"line":13,"column":12},"end":{"line":13,"column":20}},"1":{"start":{"line":14,"column":25},"end":{"line":16,"column":14}},"2":{"start":{"line":17,"column":12},"end":{"line":17,"column":36}},"3":{"start":{"line":20,"column":12},"end":{"line":20,"column":81}},"4":{"start":{"line":23,"column":4},"end":{"line":23,"column":62}},"5":{"start":{"line":24,"column":4},"end":{"line":24,"column":26}}},"fnMap":{"0":{"name":"define_control_button","decl":{"start":{"line":6,"column":16},"end":{"line":6,"column":37}},"loc":{"start":{"line":6,"column":44},"end":{"line":25,"column":1}},"line":6},"1":{"name":"(anonymous_1)","decl":{"start":{"line":12,"column":8},"end":{"line":12,"column":9}},"loc":{"start":{"line":12,"column":22},"end":{"line":21,"column":9}},"line":12}},"branchMap":{},"s":{"0":4323,"1":4323,"2":4323,"3":4323,"4":141,"5":141},"f":{"0":141,"1":4323},"b":{},"_coverageSchema":"1a1c01bbd47fc00a2c39e90264f33305004495a9","hash":"61f7b69209660ea7b9726129fed3679b132ecef2"},"/home/runner/work/cse110-w21-group17/cse110-w21-group17/source/site/frontend/js/components/modal.js":{"path":"/home/runner/work/cse110-w21-group17/cse110-w21-group17/source/site/frontend/js/components/modal.js","statementMap":{"0":{"start":{"line":13,"column":12},"end":{"line":13,"column":20}},"1":{"start":{"line":14,"column":25},"end":{"line":16,"column":14}},"2":{"start":{"line":17,"column":12},"end":{"line":17,"column":36}},"3":{"start":{"line":20,"column":12},"end":{"line":20,"column":71}},"4":{"start":{"line":21,"column":12},"end":{"line":21,"column":75}},"5":{"start":{"line":22,"column":12},"end":{"line":22,"column":75}},"6":{"start":{"line":23,"column":12},"end":{"line":23,"column":83}},"7":{"start":{"line":24,"column":12},"end":{"line":24,"column":81}},"8":{"start":{"line":27,"column":12},"end":{"line":27,"column":39}},"9":{"start":{"line":28,"column":12},"end":{"line":28,"column":44}},"10":{"start":{"line":29,"column":12},"end":{"line":29,"column":43}},"11":{"start":{"line":32,"column":12},"end":{"line":32,"column":89}},"12":{"start":{"line":33,"column":12},"end":{"line":33,"column":87}},"13":{"start":{"line":34,"column":12},"end":{"line":34,"column":85}},"14":{"start":{"line":41,"column":34},"end":{"line":46,"column":9}},"15":{"start":{"line":42,"column":12},"end":{"line":42,"column":46}},"16":{"start":{"line":43,"column":12},"end":{"line":43,"column":56}},"17":{"start":{"line":44,"column":12},"end":{"line":44,"column":55}},"18":{"start":{"line":45,"column":12},"end":{"line":45,"column":54}},"19":{"start":{"line":52,"column":33},"end":{"line":59,"column":9}},"20":{"start":{"line":53,"column":12},"end":{"line":53,"column":46}},"21":{"start":{"line":54,"column":12},"end":{"line":54,"column":56}},"22":{"start":{"line":55,"column":12},"end":{"line":55,"column":55}},"23":{"start":{"line":56,"column":12},"end":{"line":56,"column":54}},"24":{"start":{"line":58,"column":12},"end":{"line":58,"column":48}},"25":{"start":{"line":65,"column":32},"end":{"line":72,"column":9}},"26":{"start":{"line":66,"column":12},"end":{"line":66,"column":46}},"27":{"start":{"line":67,"column":12},"end":{"line":67,"column":56}},"28":{"start":{"line":68,"column":12},"end":{"line":68,"column":55}},"29":{"start":{"line":69,"column":12},"end":{"line":69,"column":54}},"30":{"start":{"line":71,"column":12},"end":{"line":71,"column":47}},"31":{"start":{"line":78,"column":24},"end":{"line":84,"column":9}},"32":{"start":{"line":79,"column":12},"end":{"line":79,"column":47}},"33":{"start":{"line":80,"column":12},"end":{"line":80,"column":57}},"34":{"start":{"line":81,"column":12},"end":{"line":81,"column":55}},"35":{"start":{"line":82,"column":12},"end":{"line":82,"column":54}},"36":{"start":{"line":83,"column":12},"end":{"line":83,"column":52}},"37":{"start":{"line":92,"column":26},"end":{"line":101,"column":9}},"38":{"start":{"line":93,"column":12},"end":{"line":93,"column":47}},"39":{"start":{"line":94,"column":12},"end":{"line":94,"column":56}},"40":{"start":{"line":95,"column":12},"end":{"line":95,"column":56}},"41":{"start":{"line":96,"column":12},"end":{"line":96,"column":55}},"42":{"start":{"line":97,"column":12},"end":{"line":97,"column":52}},"43":{"start":{"line":99,"column":12},"end":{"line":99,"column":48}},"44":{"start":{"line":100,"column":12},"end":{"line":100,"column":46}},"45":{"start":{"line":105,"column":4},"end":{"line":105,"column":45}},"46":{"start":{"line":106,"column":4},"end":{"line":106,"column":18}}},"fnMap":{"0":{"name":"define_modal","decl":{"start":{"line":6,"column":16},"end":{"line":6,"column":28}},"loc":{"start":{"line":6,"column":35},"end":{"line":107,"column":1}},"line":6},"1":{"name":"(anonymous_1)","decl":{"start":{"line":12,"column":8},"end":{"line":12,"column":9}},"loc":{"start":{"line":12,"column":22},"end":{"line":35,"column":9}},"line":12},"2":{"name":"(anonymous_2)","decl":{"start":{"line":41,"column":34},"end":{"line":41,"column":35}},"loc":{"start":{"line":41,"column":40},"end":{"line":46,"column":9}},"line":41},"3":{"name":"(anonymous_3)","decl":{"start":{"line":52,"column":33},"end":{"line":52,"column":34}},"loc":{"start":{"line":52,"column":39},"end":{"line":59,"column":9}},"line":52},"4":{"name":"(anonymous_4)","decl":{"start":{"line":65,"column":32},"end":{"line":65,"column":33}},"loc":{"start":{"line":65,"column":38},"end":{"line":72,"column":9}},"line":65},"5":{"name":"(anonymous_5)","decl":{"start":{"line":78,"column":24},"end":{"line":78,"column":25}},"loc":{"start":{"line":78,"column":42},"end":{"line":84,"column":9}},"line":78},"6":{"name":"(anonymous_6)","decl":{"start":{"line":92,"column":26},"end":{"line":92,"column":27}},"loc":{"start":{"line":92,"column":63},"end":{"line":101,"column":9}},"line":92}},"branchMap":{},"s":{"0":144,"1":144,"2":144,"3":144,"4":144,"5":144,"6":144,"7":144,"8":144,"9":144,"10":144,"11":144,"12":144,"13":144,"14":144,"15":100,"16":100,"17":100,"18":100,"19":144,"20":9,"21":9,"22":9,"23":9,"24":9,"25":144,"26":6,"27":6,"28":6,"29":6,"30":6,"31":144,"32":132,"33":132,"34":132,"35":132,"36":132,"37":144,"38":16,"39":16,"40":16,"41":16,"42":16,"43":16,"44":16,"45":141,"46":141},"f":{"0":141,"1":144,"2":100,"3":9,"4":6,"5":132,"6":16},"b":{},"_coverageSchema":"1a1c01bbd47fc00a2c39e90264f33305004495a9","hash":"ddd3b0af1e1977a8ad0917a7b0ae6d44b6bda0ff"},"/home/runner/work/cse110-w21-group17/cse110-w21-group17/source/site/frontend/js/components/timer-display.js":{"path":"/home/runner/work/cse110-w21-group17/cse110-w21-group17/source/site/frontend/js/components/timer-display.js","statementMap":{"0":{"start":{"line":13,"column":12},"end":{"line":13,"column":20}},"1":{"start":{"line":14,"column":25},"end":{"line":16,"column":14}},"2":{"start":{"line":17,"column":12},"end":{"line":17,"column":36}},"3":{"start":{"line":19,"column":12},"end":{"line":19,"column":80}},"4":{"start":{"line":20,"column":12},"end":{"line":20,"column":77}},"5":{"start":{"line":23,"column":12},"end":{"line":23,"column":46}},"6":{"start":{"line":24,"column":12},"end":{"line":24,"column":45}},"7":{"start":{"line":25,"column":12},"end":{"line":25,"column":44}},"8":{"start":{"line":26,"column":12},"end":{"line":26,"column":44}},"9":{"start":{"line":27,"column":12},"end":{"line":27,"column":33}},"10":{"start":{"line":28,"column":12},"end":{"line":28,"column":38}},"11":{"start":{"line":40,"column":12},"end":{"line":46,"column":13}},"12":{"start":{"line":42,"column":43},"end":{"line":42,"column":66}},"13":{"start":{"line":44,"column":20},"end":{"line":44,"column":37}},"14":{"start":{"line":50,"column":26},"end":{"line":50,"column":65}},"15":{"start":{"line":51,"column":32},"end":{"line":51,"column":71}},"16":{"start":{"line":53,"column":12},"end":{"line":54,"column":40}},"17":{"start":{"line":54,"column":16},"end":{"line":54,"column":40}},"18":{"start":{"line":56,"column":12},"end":{"line":57,"column":52}},"19":{"start":{"line":57,"column":16},"end":{"line":57,"column":52}},"20":{"start":{"line":59,"column":12},"end":{"line":59,"column":73}},"21":{"start":{"line":62,"column":12},"end":{"line":62,"column":40}},"22":{"start":{"line":74,"column":12},"end":{"line":74,"column":47}},"23":{"start":{"line":74,"column":40},"end":{"line":74,"column":47}},"24":{"start":{"line":77,"column":12},"end":{"line":82,"column":13}},"25":{"start":{"line":78,"column":33},"end":{"line":78,"column":58}},"26":{"start":{"line":79,"column":16},"end":{"line":79,"column":39}},"27":{"start":{"line":80,"column":16},"end":{"line":80,"column":29}},"28":{"start":{"line":81,"column":16},"end":{"line":81,"column":23}},"29":{"start":{"line":86,"column":26},"end":{"line":86,"column":65}},"30":{"start":{"line":87,"column":26},"end":{"line":87,"column":65}},"31":{"start":{"line":89,"column":12},"end":{"line":90,"column":40}},"32":{"start":{"line":90,"column":16},"end":{"line":90,"column":40}},"33":{"start":{"line":92,"column":12},"end":{"line":93,"column":40}},"34":{"start":{"line":93,"column":16},"end":{"line":93,"column":40}},"35":{"start":{"line":95,"column":12},"end":{"line":95,"column":67}},"36":{"start":{"line":98,"column":12},"end":{"line":98,"column":40}},"37":{"start":{"line":111,"column":12},"end":{"line":114,"column":13}},"38":{"start":{"line":112,"column":16},"end":{"line":112,"column":52}},"39":{"start":{"line":113,"column":16},"end":{"line":113,"column":38}},"40":{"start":{"line":116,"column":12},"end":{"line":116,"column":51}},"41":{"start":{"line":125,"column":12},"end":{"line":125,"column":42}},"42":{"start":{"line":133,"column":12},"end":{"line":133,"column":42}},"43":{"start":{"line":134,"column":12},"end":{"line":134,"column":36}},"44":{"start":{"line":135,"column":12},"end":{"line":135,"column":49}},"45":{"start":{"line":143,"column":12},"end":{"line":143,"column":40}},"46":{"start":{"line":146,"column":4},"end":{"line":146,"column":60}},"47":{"start":{"line":147,"column":4},"end":{"line":147,"column":25}}},"fnMap":{"0":{"name":"define_timer_display","decl":{"start":{"line":6,"column":16},"end":{"line":6,"column":36}},"loc":{"start":{"line":6,"column":43},"end":{"line":148,"column":1}},"line":6},"1":{"name":"(anonymous_1)","decl":{"start":{"line":12,"column":8},"end":{"line":12,"column":9}},"loc":{"start":{"line":12,"column":22},"end":{"line":29,"column":9}},"line":12},"2":{"name":"(anonymous_2)","decl":{"start":{"line":39,"column":8},"end":{"line":39,"column":9}},"loc":{"start":{"line":39,"column":47},"end":{"line":63,"column":9}},"line":39},"3":{"name":"(anonymous_3)","decl":{"start":{"line":42,"column":37},"end":{"line":42,"column":38}},"loc":{"start":{"line":42,"column":43},"end":{"line":42,"column":66}},"line":42},"4":{"name":"(anonymous_4)","decl":{"start":{"line":43,"column":16},"end":{"line":43,"column":17}},"loc":{"start":{"line":43,"column":33},"end":{"line":45,"column":17}},"line":43},"5":{"name":"(anonymous_5)","decl":{"start":{"line":72,"column":8},"end":{"line":72,"column":9}},"loc":{"start":{"line":72,"column":27},"end":{"line":99,"column":9}},"line":72},"6":{"name":"(anonymous_6)","decl":{"start":{"line":107,"column":8},"end":{"line":107,"column":9}},"loc":{"start":{"line":107,"column":40},"end":{"line":117,"column":9}},"line":107},"7":{"name":"(anonymous_7)","decl":{"start":{"line":124,"column":8},"end":{"line":124,"column":9}},"loc":{"start":{"line":124,"column":26},"end":{"line":126,"column":9}},"line":124},"8":{"name":"(anonymous_8)","decl":{"start":{"line":132,"column":8},"end":{"line":132,"column":9}},"loc":{"start":{"line":132,"column":15},"end":{"line":136,"column":9}},"line":132},"9":{"name":"(anonymous_9)","decl":{"start":{"line":142,"column":8},"end":{"line":142,"column":9}},"loc":{"start":{"line":142,"column":20},"end":{"line":144,"column":9}},"line":142}},"branchMap":{"0":{"loc":{"start":{"line":53,"column":12},"end":{"line":54,"column":40}},"type":"if","locations":[{"start":{"line":53,"column":12},"end":{"line":54,"column":40}},{"start":{"line":53,"column":12},"end":{"line":54,"column":40}}],"line":53},"1":{"loc":{"start":{"line":56,"column":12},"end":{"line":57,"column":52}},"type":"if","locations":[{"start":{"line":56,"column":12},"end":{"line":57,"column":52}},{"start":{"line":56,"column":12},"end":{"line":57,"column":52}}],"line":56},"2":{"loc":{"start":{"line":74,"column":12},"end":{"line":74,"column":47}},"type":"if","locations":[{"start":{"line":74,"column":12},"end":{"line":74,"column":47}},{"start":{"line":74,"column":12},"end":{"line":74,"column":47}}],"line":74},"3":{"loc":{"start":{"line":77,"column":12},"end":{"line":82,"column":13}},"type":"if","locations":[{"start":{"line":77,"column":12},"end":{"line":82,"column":13}},{"start":{"line":77,"column":12},"end":{"line":82,"column":13}}],"line":77},"4":{"loc":{"start":{"line":89,"column":12},"end":{"line":90,"column":40}},"type":"if","locations":[{"start":{"line":89,"column":12},"end":{"line":90,"column":40}},{"start":{"line":89,"column":12},"end":{"line":90,"column":40}}],"line":89},"5":{"loc":{"start":{"line":92,"column":12},"end":{"line":93,"column":40}},"type":"if","locations":[{"start":{"line":92,"column":12},"end":{"line":93,"column":40}},{"start":{"line":92,"column":12},"end":{"line":93,"column":40}}],"line":92},"6":{"loc":{"start":{"line":107,"column":24},"end":{"line":107,"column":38}},"type":"default-arg","locations":[{"start":{"line":107,"column":34},"end":{"line":107,"column":38}}],"line":107},"7":{"loc":{"start":{"line":111,"column":12},"end":{"line":114,"column":13}},"type":"if","locations":[{"start":{"line":111,"column":12},"end":{"line":114,"column":13}},{"start":{"line":111,"column":12},"end":{"line":114,"column":13}}],"line":111}},"s":{"0":151,"1":151,"2":151,"3":151,"4":151,"5":151,"6":151,"7":151,"8":151,"9":151,"10":151,"11":51,"12":833,"13":35,"14":51,"15":51,"16":51,"17":50,"18":51,"19":47,"20":51,"21":51,"22":835,"23":1,"24":834,"25":35,"26":35,"27":35,"28":35,"29":799,"30":799,"31":799,"32":773,"33":799,"34":228,"35":799,"36":799,"37":192,"38":39,"39":39,"40":192,"41":46,"42":20,"43":20,"44":20,"45":19,"46":141,"47":141},"f":{"0":141,"1":151,"2":51,"3":833,"4":35,"5":835,"6":192,"7":46,"8":20,"9":19},"b":{"0":[50,1],"1":[47,4],"2":[1,834],"3":[35,799],"4":[773,26],"5":[228,571],"6":[40],"7":[39,153]},"_coverageSchema":"1a1c01bbd47fc00a2c39e90264f33305004495a9","hash":"47f3a99c15a19e459da9845b377f0c5cae3b89cb"},"/home/runner/work/cse110-w21-group17/cse110-w21-group17/source/site/frontend/js/timer.js":{"path":"/home/runner/work/cse110-w21-group17/cse110-w21-group17/source/site/frontend/js/timer.js","statementMap":{"0":{"start":{"line":15,"column":0},"end":{"line":15,"column":31}},"1":{"start":{"line":16,"column":0},"end":{"line":16,"column":39}},"2":{"start":{"line":17,"column":0},"end":{"line":17,"column":49}},"3":{"start":{"line":20,"column":0},"end":{"line":20,"column":27}},"4":{"start":{"line":21,"column":0},"end":{"line":21,"column":29}},"5":{"start":{"line":22,"column":0},"end":{"line":22,"column":28}},"6":{"start":{"line":23,"column":0},"end":{"line":23,"column":25}},"7":{"start":{"line":24,"column":0},"end":{"line":24,"column":66}},"8":{"start":{"line":25,"column":0},"end":{"line":25,"column":84}},"9":{"start":{"line":26,"column":0},"end":{"line":26,"column":70}},"10":{"start":{"line":27,"column":0},"end":{"line":27,"column":90}},"11":{"start":{"line":28,"column":0},"end":{"line":28,"column":96}},"12":{"start":{"line":29,"column":0},"end":{"line":29,"column":233}},"13":{"start":{"line":32,"column":0},"end":{"line":32,"column":36}},"14":{"start":{"line":33,"column":0},"end":{"line":33,"column":38}},"15":{"start":{"line":34,"column":0},"end":{"line":34,"column":45}},"16":{"start":{"line":35,"column":0},"end":{"line":35,"column":55}},"17":{"start":{"line":36,"column":0},"end":{"line":36,"column":57}},"18":{"start":{"line":37,"column":0},"end":{"line":37,"column":59}},"19":{"start":{"line":41,"column":0},"end":{"line":41,"column":43}},"20":{"start":{"line":42,"column":0},"end":{"line":42,"column":49}},"21":{"start":{"line":45,"column":0},"end":{"line":45,"column":33}},"22":{"start":{"line":46,"column":0},"end":{"line":46,"column":33}},"23":{"start":{"line":47,"column":0},"end":{"line":47,"column":29}},"24":{"start":{"line":48,"column":0},"end":{"line":48,"column":33}},"25":{"start":{"line":49,"column":0},"end":{"line":49,"column":35}},"26":{"start":{"line":50,"column":0},"end":{"line":50,"column":29}},"27":{"start":{"line":51,"column":0},"end":{"line":51,"column":35}},"28":{"start":{"line":52,"column":0},"end":{"line":52,"column":33}},"29":{"start":{"line":53,"column":0},"end":{"line":53,"column":31}},"30":{"start":{"line":54,"column":0},"end":{"line":54,"column":35}},"31":{"start":{"line":55,"column":0},"end":{"line":55,"column":41}},"32":{"start":{"line":56,"column":0},"end":{"line":56,"column":35}},"33":{"start":{"line":57,"column":0},"end":{"line":57,"column":27}},"34":{"start":{"line":58,"column":0},"end":{"line":58,"column":27}},"35":{"start":{"line":59,"column":0},"end":{"line":59,"column":43}},"36":{"start":{"line":60,"column":24},"end":{"line":82,"column":1}},"37":{"start":{"line":89,"column":0},"end":{"line":97,"column":1}},"38":{"start":{"line":90,"column":4},"end":{"line":96,"column":5}},"39":{"start":{"line":92,"column":12},"end":{"line":92,"column":71}},"40":{"start":{"line":93,"column":12},"end":{"line":93,"column":56}},"41":{"start":{"line":102,"column":0},"end":{"line":107,"column":1}},"42":{"start":{"line":103,"column":4},"end":{"line":103,"column":68}},"43":{"start":{"line":104,"column":4},"end":{"line":104,"column":73}},"44":{"start":{"line":105,"column":4},"end":{"line":105,"column":73}},"45":{"start":{"line":106,"column":4},"end":{"line":106,"column":32}},"46":{"start":{"line":112,"column":0},"end":{"line":119,"column":1}},"47":{"start":{"line":113,"column":4},"end":{"line":115,"column":5}},"48":{"start":{"line":114,"column":8},"end":{"line":114,"column":30}},"49":{"start":{"line":116,"column":4},"end":{"line":116,"column":60}},"50":{"start":{"line":117,"column":4},"end":{"line":117,"column":47}},"51":{"start":{"line":118,"column":4},"end":{"line":118,"column":58}},"52":{"start":{"line":124,"column":0},"end":{"line":127,"column":1}},"53":{"start":{"line":125,"column":4},"end":{"line":125,"column":47}},"54":{"start":{"line":126,"column":4},"end":{"line":126,"column":39}},"55":{"start":{"line":132,"column":0},"end":{"line":138,"column":1}},"56":{"start":{"line":133,"column":4},"end":{"line":137,"column":59}},"57":{"start":{"line":145,"column":0},"end":{"line":151,"column":1}},"58":{"start":{"line":146,"column":4},"end":{"line":146,"column":112}},"59":{"start":{"line":147,"column":4},"end":{"line":147,"column":56}},"60":{"start":{"line":148,"column":4},"end":{"line":148,"column":110}},"61":{"start":{"line":149,"column":4},"end":{"line":149,"column":68}},"62":{"start":{"line":150,"column":4},"end":{"line":150,"column":67}},"63":{"start":{"line":156,"column":0},"end":{"line":161,"column":1}},"64":{"start":{"line":157,"column":4},"end":{"line":157,"column":53}},"65":{"start":{"line":158,"column":4},"end":{"line":158,"column":129}},"66":{"start":{"line":159,"column":4},"end":{"line":159,"column":68}},"67":{"start":{"line":160,"column":4},"end":{"line":160,"column":67}},"68":{"start":{"line":164,"column":18},"end":{"line":164,"column":49}},"69":{"start":{"line":165,"column":0},"end":{"line":165,"column":25}},"70":{"start":{"line":166,"column":0},"end":{"line":166,"column":51}},"71":{"start":{"line":175,"column":4},"end":{"line":181,"column":10}},"72":{"start":{"line":180,"column":12},"end":{"line":180,"column":36}},"73":{"start":{"line":185,"column":4},"end":{"line":188,"column":7}},"74":{"start":{"line":193,"column":0},"end":{"line":227,"column":32}},"75":{"start":{"line":194,"column":20},"end":{"line":194,"column":33}},"76":{"start":{"line":195,"column":18},"end":{"line":195,"column":39}},"77":{"start":{"line":197,"column":24},"end":{"line":197,"column":37}},"78":{"start":{"line":198,"column":22},"end":{"line":198,"column":48}},"79":{"start":{"line":200,"column":28},"end":{"line":200,"column":41}},"80":{"start":{"line":201,"column":26},"end":{"line":201,"column":53}},"81":{"start":{"line":203,"column":32},"end":{"line":203,"column":45}},"82":{"start":{"line":204,"column":30},"end":{"line":204,"column":48}},"83":{"start":{"line":206,"column":36},"end":{"line":206,"column":49}},"84":{"start":{"line":207,"column":34},"end":{"line":207,"column":51}},"85":{"start":{"line":209,"column":40},"end":{"line":209,"column":53}},"86":{"start":{"line":210,"column":38},"end":{"line":210,"column":60}},"87":{"start":{"line":213,"column":28},"end":{"line":226,"column":29}},"88":{"start":{"line":214,"column":32},"end":{"line":214,"column":69}},"89":{"start":{"line":216,"column":32},"end":{"line":218,"column":33}},"90":{"start":{"line":217,"column":36},"end":{"line":217,"column":101}},"91":{"start":{"line":219,"column":32},"end":{"line":219,"column":46}},"92":{"start":{"line":220,"column":32},"end":{"line":220,"column":92}},"93":{"start":{"line":222,"column":32},"end":{"line":225,"column":35}},"94":{"start":{"line":224,"column":36},"end":{"line":224,"column":49}}},"fnMap":{"0":{"name":"(anonymous_0)","decl":{"start":{"line":89,"column":28},"end":{"line":89,"column":29}},"loc":{"start":{"line":89,"column":34},"end":{"line":97,"column":1}},"line":89},"1":{"name":"(anonymous_1)","decl":{"start":{"line":91,"column":8},"end":{"line":91,"column":9}},"loc":{"start":{"line":91,"column":14},"end":{"line":94,"column":9}},"line":91},"2":{"name":"(anonymous_2)","decl":{"start":{"line":95,"column":8},"end":{"line":95,"column":9}},"loc":{"start":{"line":95,"column":14},"end":{"line":95,"column":17}},"line":95},"3":{"name":"(anonymous_3)","decl":{"start":{"line":102,"column":26},"end":{"line":102,"column":27}},"loc":{"start":{"line":102,"column":32},"end":{"line":107,"column":1}},"line":102},"4":{"name":"(anonymous_4)","decl":{"start":{"line":112,"column":19},"end":{"line":112,"column":20}},"loc":{"start":{"line":112,"column":25},"end":{"line":119,"column":1}},"line":112},"5":{"name":"(anonymous_5)","decl":{"start":{"line":124,"column":23},"end":{"line":124,"column":24}},"loc":{"start":{"line":124,"column":29},"end":{"line":127,"column":1}},"line":124},"6":{"name":"(anonymous_6)","decl":{"start":{"line":132,"column":23},"end":{"line":132,"column":24}},"loc":{"start":{"line":132,"column":29},"end":{"line":138,"column":1}},"line":132},"7":{"name":"(anonymous_7)","decl":{"start":{"line":145,"column":20},"end":{"line":145,"column":21}},"loc":{"start":{"line":145,"column":26},"end":{"line":151,"column":1}},"line":145},"8":{"name":"(anonymous_8)","decl":{"start":{"line":156,"column":19},"end":{"line":156,"column":20}},"loc":{"start":{"line":156,"column":25},"end":{"line":161,"column":1}},"line":156},"9":{"name":"request_user_data_and_start","decl":{"start":{"line":172,"column":9},"end":{"line":172,"column":36}},"loc":{"start":{"line":172,"column":39},"end":{"line":182,"column":1}},"line":172},"10":{"name":"(anonymous_10)","decl":{"start":{"line":178,"column":14},"end":{"line":178,"column":15}},"loc":{"start":{"line":178,"column":22},"end":{"line":181,"column":9}},"line":178},"11":{"name":"state_entry","decl":{"start":{"line":184,"column":9},"end":{"line":184,"column":20}},"loc":{"start":{"line":184,"column":23},"end":{"line":189,"column":1}},"line":184},"12":{"name":"(anonymous_12)","decl":{"start":{"line":194,"column":10},"end":{"line":194,"column":11}},"loc":{"start":{"line":194,"column":20},"end":{"line":194,"column":33}},"line":194},"13":{"name":"(anonymous_13)","decl":{"start":{"line":195,"column":10},"end":{"line":195,"column":11}},"loc":{"start":{"line":195,"column":18},"end":{"line":195,"column":39}},"line":195},"14":{"name":"(anonymous_14)","decl":{"start":{"line":197,"column":14},"end":{"line":197,"column":15}},"loc":{"start":{"line":197,"column":24},"end":{"line":197,"column":37}},"line":197},"15":{"name":"(anonymous_15)","decl":{"start":{"line":198,"column":14},"end":{"line":198,"column":15}},"loc":{"start":{"line":198,"column":22},"end":{"line":198,"column":48}},"line":198},"16":{"name":"(anonymous_16)","decl":{"start":{"line":200,"column":18},"end":{"line":200,"column":19}},"loc":{"start":{"line":200,"column":28},"end":{"line":200,"column":41}},"line":200},"17":{"name":"(anonymous_17)","decl":{"start":{"line":201,"column":18},"end":{"line":201,"column":19}},"loc":{"start":{"line":201,"column":26},"end":{"line":201,"column":53}},"line":201},"18":{"name":"(anonymous_18)","decl":{"start":{"line":203,"column":22},"end":{"line":203,"column":23}},"loc":{"start":{"line":203,"column":32},"end":{"line":203,"column":45}},"line":203},"19":{"name":"(anonymous_19)","decl":{"start":{"line":204,"column":22},"end":{"line":204,"column":23}},"loc":{"start":{"line":204,"column":30},"end":{"line":204,"column":48}},"line":204},"20":{"name":"(anonymous_20)","decl":{"start":{"line":206,"column":26},"end":{"line":206,"column":27}},"loc":{"start":{"line":206,"column":36},"end":{"line":206,"column":49}},"line":206},"21":{"name":"(anonymous_21)","decl":{"start":{"line":207,"column":26},"end":{"line":207,"column":27}},"loc":{"start":{"line":207,"column":34},"end":{"line":207,"column":51}},"line":207},"22":{"name":"(anonymous_22)","decl":{"start":{"line":209,"column":30},"end":{"line":209,"column":31}},"loc":{"start":{"line":209,"column":40},"end":{"line":209,"column":53}},"line":209},"23":{"name":"(anonymous_23)","decl":{"start":{"line":210,"column":30},"end":{"line":210,"column":31}},"loc":{"start":{"line":210,"column":38},"end":{"line":210,"column":60}},"line":210},"24":{"name":"(anonymous_24)","decl":{"start":{"line":211,"column":30},"end":{"line":211,"column":31}},"loc":{"start":{"line":211,"column":36},"end":{"line":227,"column":25}},"line":211},"25":{"name":"(anonymous_25)","decl":{"start":{"line":222,"column":67},"end":{"line":222,"column":68}},"loc":{"start":{"line":222,"column":73},"end":{"line":225,"column":33}},"line":222}},"branchMap":{"0":{"loc":{"start":{"line":113,"column":4},"end":{"line":115,"column":5}},"type":"if","locations":[{"start":{"line":113,"column":4},"end":{"line":115,"column":5}},{"start":{"line":113,"column":4},"end":{"line":115,"column":5}}],"line":113},"1":{"loc":{"start":{"line":134,"column":8},"end":{"line":137,"column":58}},"type":"cond-expr","locations":[{"start":{"line":134,"column":40},"end":{"line":134,"column":59}},{"start":{"line":135,"column":12},"end":{"line":137,"column":58}}],"line":134},"2":{"loc":{"start":{"line":213,"column":28},"end":{"line":226,"column":29}},"type":"if","locations":[{"start":{"line":213,"column":28},"end":{"line":226,"column":29}},{"start":{"line":213,"column":28},"end":{"line":226,"column":29}}],"line":213},"3":{"loc":{"start":{"line":216,"column":32},"end":{"line":218,"column":33}},"type":"if","locations":[{"start":{"line":216,"column":32},"end":{"line":218,"column":33}},{"start":{"line":216,"column":32},"end":{"line":218,"column":33}}],"line":216}},"s":{"0":140,"1":140,"2":140,"3":140,"4":140,"5":140,"6":140,"7":140,"8":140,"9":140,"10":140,"11":140,"12":140,"13":140,"14":140,"15":140,"16":140,"17":140,"18":140,"19":140,"20":140,"21":140,"22":140,"23":140,"24":140,"25":140,"26":140,"27":140,"28":140,"29":140,"30":140,"31":140,"32":140,"33":140,"34":140,"35":140,"36":140,"37":140,"38":6,"39":4,"40":4,"41":140,"42":5,"43":5,"44":5,"45":5,"46":140,"47":19,"48":1,"49":19,"50":19,"51":19,"52":140,"53":4,"54":4,"55":140,"56":227,"57":140,"58":2,"59":2,"60":2,"61":2,"62":2,"63":140,"64":2,"65":2,"66":2,"67":2,"68":140,"69":140,"70":140,"71":13,"72":13,"73":140,"74":140,"75":140,"76":140,"77":140,"78":140,"79":140,"80":140,"81":140,"82":140,"83":140,"84":140,"85":140,"86":140,"87":140,"88":127,"89":127,"90":111,"91":127,"92":115,"93":13,"94":13},"f":{"0":6,"1":4,"2":2,"3":5,"4":19,"5":4,"6":227,"7":2,"8":2,"9":13,"10":13,"11":140,"12":140,"13":140,"14":140,"15":140,"16":140,"17":140,"18":140,"19":140,"20":140,"21":140,"22":140,"23":140,"24":140,"25":13},"b":{"0":[1,18],"1":[38,189],"2":[127,13],"3":[111,16]},"_coverageSchema":"1a1c01bbd47fc00a2c39e90264f33305004495a9","hash":"b01061c70f351c2f21e4ea481448f5d148d99685"},"/home/runner/work/cse110-w21-group17/cse110-w21-group17/source/site/frontend/js/components/settings.js":{"path":"/home/runner/work/cse110-w21-group17/cse110-w21-group17/source/site/frontend/js/components/settings.js","statementMap":{"0":{"start":{"line":14,"column":12},"end":{"line":14,"column":20}},"1":{"start":{"line":15,"column":25},"end":{"line":17,"column":14}},"2":{"start":{"line":18,"column":12},"end":{"line":18,"column":36}},"3":{"start":{"line":20,"column":23},"end":{"line":20,"column":27}},"4":{"start":{"line":22,"column":16},"end":{"line":22,"column":68}},"5":{"start":{"line":25,"column":27},"end":{"line":25,"column":78}},"6":{"start":{"line":27,"column":12},"end":{"line":27,"column":91}},"7":{"start":{"line":30,"column":12},"end":{"line":50,"column":13}},"8":{"start":{"line":30,"column":25},"end":{"line":30,"column":26}},"9":{"start":{"line":31,"column":16},"end":{"line":49,"column":19}},"10":{"start":{"line":33,"column":20},"end":{"line":33,"column":107}},"11":{"start":{"line":34,"column":20},"end":{"line":34,"column":56}},"12":{"start":{"line":36,"column":20},"end":{"line":36,"column":86}},"13":{"start":{"line":38,"column":20},"end":{"line":38,"column":108}},"14":{"start":{"line":39,"column":20},"end":{"line":39,"column":109}},"15":{"start":{"line":41,"column":20},"end":{"line":46,"column":21}},"16":{"start":{"line":42,"column":24},"end":{"line":42,"column":104}},"17":{"start":{"line":45,"column":24},"end":{"line":45,"column":103}},"18":{"start":{"line":48,"column":20},"end":{"line":48,"column":45}},"19":{"start":{"line":53,"column":23},"end":{"line":53,"column":47}},"20":{"start":{"line":54,"column":12},"end":{"line":58,"column":19}},"21":{"start":{"line":55,"column":32},"end":{"line":55,"column":45}},"22":{"start":{"line":57,"column":20},"end":{"line":57,"column":99}},"23":{"start":{"line":63,"column":12},"end":{"line":63,"column":89}},"24":{"start":{"line":68,"column":12},"end":{"line":70,"column":14}},"25":{"start":{"line":69,"column":16},"end":{"line":69,"column":36}},"26":{"start":{"line":72,"column":12},"end":{"line":72,"column":87}},"27":{"start":{"line":77,"column":12},"end":{"line":79,"column":14}},"28":{"start":{"line":78,"column":16},"end":{"line":78,"column":35}},"29":{"start":{"line":82,"column":12},"end":{"line":82,"column":95}},"30":{"start":{"line":87,"column":12},"end":{"line":90,"column":15}},"31":{"start":{"line":88,"column":16},"end":{"line":88,"column":78}},"32":{"start":{"line":89,"column":16},"end":{"line":89,"column":41}},"33":{"start":{"line":96,"column":12},"end":{"line":96,"column":81}},"34":{"start":{"line":102,"column":12},"end":{"line":102,"column":71}},"35":{"start":{"line":108,"column":12},"end":{"line":108,"column":77}},"36":{"start":{"line":109,"column":12},"end":{"line":117,"column":15}},"37":{"start":{"line":110,"column":16},"end":{"line":116,"column":17}},"38":{"start":{"line":112,"column":24},"end":{"line":112,"column":50}},"39":{"start":{"line":113,"column":24},"end":{"line":113,"column":49}},"40":{"start":{"line":126,"column":16},"end":{"line":129,"column":17}},"41":{"start":{"line":128,"column":20},"end":{"line":128,"column":32}},"42":{"start":{"line":130,"column":16},"end":{"line":130,"column":29}},"43":{"start":{"line":135,"column":12},"end":{"line":135,"column":77}},"44":{"start":{"line":140,"column":12},"end":{"line":147,"column":15}},"45":{"start":{"line":141,"column":16},"end":{"line":145,"column":17}},"46":{"start":{"line":142,"column":20},"end":{"line":142,"column":76}},"47":{"start":{"line":144,"column":20},"end":{"line":144,"column":120}},"48":{"start":{"line":146,"column":16},"end":{"line":146,"column":41}},"49":{"start":{"line":150,"column":12},"end":{"line":150,"column":85}},"50":{"start":{"line":155,"column":12},"end":{"line":162,"column":15}},"51":{"start":{"line":156,"column":16},"end":{"line":160,"column":17}},"52":{"start":{"line":157,"column":20},"end":{"line":157,"column":80}},"53":{"start":{"line":159,"column":20},"end":{"line":159,"column":120}},"54":{"start":{"line":161,"column":16},"end":{"line":161,"column":41}},"55":{"start":{"line":165,"column":12},"end":{"line":165,"column":83}},"56":{"start":{"line":170,"column":12},"end":{"line":177,"column":15}},"57":{"start":{"line":171,"column":16},"end":{"line":175,"column":17}},"58":{"start":{"line":172,"column":20},"end":{"line":172,"column":79}},"59":{"start":{"line":174,"column":20},"end":{"line":174,"column":120}},"60":{"start":{"line":176,"column":16},"end":{"line":176,"column":41}},"61":{"start":{"line":182,"column":12},"end":{"line":182,"column":36}},"62":{"start":{"line":183,"column":12},"end":{"line":183,"column":39}},"63":{"start":{"line":191,"column":12},"end":{"line":191,"column":95}},"64":{"start":{"line":192,"column":12},"end":{"line":192,"column":80}},"65":{"start":{"line":193,"column":12},"end":{"line":193,"column":88}},"66":{"start":{"line":194,"column":12},"end":{"line":194,"column":86}},"67":{"start":{"line":195,"column":12},"end":{"line":195,"column":64}},"68":{"start":{"line":196,"column":12},"end":{"line":200,"column":14}},"69":{"start":{"line":199,"column":16},"end":{"line":199,"column":123}},"70":{"start":{"line":199,"column":89},"end":{"line":199,"column":110}},"71":{"start":{"line":209,"column":25},"end":{"line":209,"column":79}},"72":{"start":{"line":209,"column":35},"end":{"line":209,"column":79}},"73":{"start":{"line":210,"column":27},"end":{"line":210,"column":78}},"74":{"start":{"line":211,"column":12},"end":{"line":211,"column":40}},"75":{"start":{"line":215,"column":4},"end":{"line":215,"column":51}},"76":{"start":{"line":216,"column":4},"end":{"line":216,"column":21}}},"fnMap":{"0":{"name":"define_settings","decl":{"start":{"line":7,"column":16},"end":{"line":7,"column":31}},"loc":{"start":{"line":7,"column":38},"end":{"line":217,"column":1}},"line":7},"1":{"name":"(anonymous_1)","decl":{"start":{"line":13,"column":8},"end":{"line":13,"column":9}},"loc":{"start":{"line":13,"column":22},"end":{"line":184,"column":9}},"line":13},"2":{"name":"_class","decl":{"start":{"line":21,"column":21},"end":{"line":21,"column":27}},"loc":{"start":{"line":21,"column":34},"end":{"line":23,"column":13}},"line":21},"3":{"name":"(anonymous_3)","decl":{"start":{"line":31,"column":54},"end":{"line":31,"column":55}},"loc":{"start":{"line":31,"column":66},"end":{"line":49,"column":17}},"line":31},"4":{"name":"(anonymous_4)","decl":{"start":{"line":55,"column":22},"end":{"line":55,"column":23}},"loc":{"start":{"line":55,"column":32},"end":{"line":55,"column":45}},"line":55},"5":{"name":"(anonymous_5)","decl":{"start":{"line":56,"column":22},"end":{"line":56,"column":23}},"loc":{"start":{"line":56,"column":30},"end":{"line":58,"column":17}},"line":56},"6":{"name":"(anonymous_6)","decl":{"start":{"line":68,"column":61},"end":{"line":68,"column":62}},"loc":{"start":{"line":68,"column":73},"end":{"line":70,"column":13}},"line":68},"7":{"name":"(anonymous_7)","decl":{"start":{"line":77,"column":60},"end":{"line":77,"column":61}},"loc":{"start":{"line":77,"column":72},"end":{"line":79,"column":13}},"line":77},"8":{"name":"(anonymous_8)","decl":{"start":{"line":87,"column":65},"end":{"line":87,"column":66}},"loc":{"start":{"line":87,"column":77},"end":{"line":90,"column":13}},"line":87},"9":{"name":"(anonymous_9)","decl":{"start":{"line":109,"column":55},"end":{"line":109,"column":56}},"loc":{"start":{"line":109,"column":67},"end":{"line":117,"column":13}},"line":109},"10":{"name":"(anonymous_10)","decl":{"start":{"line":111,"column":20},"end":{"line":111,"column":21}},"loc":{"start":{"line":111,"column":26},"end":{"line":114,"column":21}},"line":111},"11":{"name":"(anonymous_11)","decl":{"start":{"line":115,"column":20},"end":{"line":115,"column":21}},"loc":{"start":{"line":115,"column":26},"end":{"line":115,"column":29}},"line":115},"12":{"name":"validate_durations","decl":{"start":{"line":125,"column":21},"end":{"line":125,"column":39}},"loc":{"start":{"line":125,"column":42},"end":{"line":131,"column":13}},"line":125},"13":{"name":"(anonymous_13)","decl":{"start":{"line":140,"column":56},"end":{"line":140,"column":57}},"loc":{"start":{"line":140,"column":68},"end":{"line":147,"column":13}},"line":140},"14":{"name":"(anonymous_14)","decl":{"start":{"line":155,"column":60},"end":{"line":155,"column":61}},"loc":{"start":{"line":155,"column":72},"end":{"line":162,"column":13}},"line":155},"15":{"name":"(anonymous_15)","decl":{"start":{"line":170,"column":59},"end":{"line":170,"column":60}},"loc":{"start":{"line":170,"column":71},"end":{"line":177,"column":13}},"line":170},"16":{"name":"(anonymous_16)","decl":{"start":{"line":190,"column":8},"end":{"line":190,"column":9}},"loc":{"start":{"line":190,"column":18},"end":{"line":201,"column":9}},"line":190},"17":{"name":"(anonymous_17)","decl":{"start":{"line":198,"column":20},"end":{"line":198,"column":21}},"loc":{"start":{"line":198,"column":28},"end":{"line":200,"column":13}},"line":198},"18":{"name":"(anonymous_18)","decl":{"start":{"line":199,"column":82},"end":{"line":199,"column":83}},"loc":{"start":{"line":199,"column":89},"end":{"line":199,"column":110}},"line":199},"19":{"name":"(anonymous_19)","decl":{"start":{"line":208,"column":8},"end":{"line":208,"column":9}},"loc":{"start":{"line":208,"column":30},"end":{"line":212,"column":9}},"line":208},"20":{"name":"(anonymous_20)","decl":{"start":{"line":209,"column":25},"end":{"line":209,"column":26}},"loc":{"start":{"line":209,"column":35},"end":{"line":209,"column":79}},"line":209}},"branchMap":{"0":{"loc":{"start":{"line":41,"column":20},"end":{"line":46,"column":21}},"type":"if","locations":[{"start":{"line":41,"column":20},"end":{"line":46,"column":21}},{"start":{"line":41,"column":20},"end":{"line":46,"column":21}}],"line":41},"1":{"loc":{"start":{"line":126,"column":16},"end":{"line":129,"column":17}},"type":"if","locations":[{"start":{"line":126,"column":16},"end":{"line":129,"column":17}},{"start":{"line":126,"column":16},"end":{"line":129,"column":17}}],"line":126},"2":{"loc":{"start":{"line":126,"column":20},"end":{"line":127,"column":94}},"type":"binary-expr","locations":[{"start":{"line":126,"column":20},"end":{"line":126,"column":98}},{"start":{"line":127,"column":20},"end":{"line":127,"column":94}}],"line":126},"3":{"loc":{"start":{"line":141,"column":16},"end":{"line":145,"column":17}},"type":"if","locations":[{"start":{"line":141,"column":16},"end":{"line":145,"column":17}},{"start":{"line":141,"column":16},"end":{"line":145,"column":17}}],"line":141},"4":{"loc":{"start":{"line":156,"column":16},"end":{"line":160,"column":17}},"type":"if","locations":[{"start":{"line":156,"column":16},"end":{"line":160,"column":17}},{"start":{"line":156,"column":16},"end":{"line":160,"column":17}}],"line":156},"5":{"loc":{"start":{"line":171,"column":16},"end":{"line":175,"column":17}},"type":"if","locations":[{"start":{"line":171,"column":16},"end":{"line":175,"column":17}},{"start":{"line":171,"column":16},"end":{"line":175,"column":17}}],"line":171}},"s":{"0":140,"1":140,"2":140,"3":140,"4":430,"5":140,"6":140,"7":140,"8":140,"9":560,"10":25,"11":25,"12":25,"13":25,"14":25,"15":25,"16":3,"17":22,"18":25,"19":140,"20":140,"21":140,"22":140,"23":140,"24":140,"25":2,"26":140,"27":140,"28":2,"29":140,"30":140,"31":7,"32":7,"33":140,"34":140,"35":140,"36":140,"37":3,"38":2,"39":2,"40":12,"41":6,"42":6,"43":140,"44":140,"45":4,"46":2,"47":2,"48":4,"49":140,"50":140,"51":4,"52":2,"53":2,"54":4,"55":140,"56":140,"57":4,"58":2,"59":2,"60":4,"61":140,"62":140,"63":77,"64":77,"65":77,"66":77,"67":77,"68":77,"69":77,"70":130,"71":2,"72":2,"73":2,"74":2,"75":140,"76":140},"f":{"0":140,"1":140,"2":430,"3":25,"4":140,"5":140,"6":2,"7":2,"8":7,"9":3,"10":2,"11":1,"12":12,"13":4,"14":4,"15":4,"16":77,"17":77,"18":130,"19":2,"20":2},"b":{"0":[3,22],"1":[6,6],"2":[12,8],"3":[2,2],"4":[2,2],"5":[2,2]},"_coverageSchema":"1a1c01bbd47fc00a2c39e90264f33305004495a9","hash":"b65d52d70d852f69c3efca19a6a8a8e1aaba6ead"},"/home/runner/work/cse110-w21-group17/cse110-w21-group17/source/site/frontend/js/components/task-list.js":{"path":"/home/runner/work/cse110-w21-group17/cse110-w21-group17/source/site/frontend/js/components/task-list.js","statementMap":{"0":{"start":{"line":16,"column":6},"end":{"line":16,"column":14}},"1":{"start":{"line":18,"column":19},"end":{"line":20,"column":8}},"2":{"start":{"line":21,"column":6},"end":{"line":21,"column":30}},"3":{"start":{"line":24,"column":6},"end":{"line":24,"column":68}},"4":{"start":{"line":25,"column":6},"end":{"line":25,"column":74}},"5":{"start":{"line":26,"column":6},"end":{"line":26,"column":73}},"6":{"start":{"line":27,"column":6},"end":{"line":27,"column":70}},"7":{"start":{"line":29,"column":6},"end":{"line":29,"column":79}},"8":{"start":{"line":36,"column":6},"end":{"line":36,"column":80}},"9":{"start":{"line":36,"column":59},"end":{"line":36,"column":78}},"10":{"start":{"line":38,"column":6},"end":{"line":38,"column":35}},"11":{"start":{"line":39,"column":6},"end":{"line":39,"column":35}},"12":{"start":{"line":49,"column":18},"end":{"line":49,"column":46}},"13":{"start":{"line":50,"column":16},"end":{"line":50,"column":27}},"14":{"start":{"line":51,"column":6},"end":{"line":51,"column":25}},"15":{"start":{"line":52,"column":6},"end":{"line":52,"column":17}},"16":{"start":{"line":61,"column":6},"end":{"line":61,"column":101}},"17":{"start":{"line":63,"column":6},"end":{"line":63,"column":158}},"18":{"start":{"line":63,"column":50},"end":{"line":63,"column":83}},"19":{"start":{"line":63,"column":98},"end":{"line":63,"column":157}},"20":{"start":{"line":66,"column":6},"end":{"line":66,"column":137}},"21":{"start":{"line":66,"column":50},"end":{"line":66,"column":63}},"22":{"start":{"line":66,"column":78},"end":{"line":66,"column":136}},"23":{"start":{"line":69,"column":6},"end":{"line":69,"column":157}},"24":{"start":{"line":69,"column":50},"end":{"line":69,"column":82}},"25":{"start":{"line":69,"column":97},"end":{"line":69,"column":156}},"26":{"start":{"line":77,"column":18},"end":{"line":77,"column":46}},"27":{"start":{"line":78,"column":16},"end":{"line":78,"column":27}},"28":{"start":{"line":79,"column":6},"end":{"line":79,"column":22}},"29":{"start":{"line":80,"column":6},"end":{"line":80,"column":37}},"30":{"start":{"line":88,"column":21},"end":{"line":88,"column":36}},"31":{"start":{"line":89,"column":6},"end":{"line":89,"column":61}},"32":{"start":{"line":97,"column":21},"end":{"line":97,"column":36}},"33":{"start":{"line":98,"column":6},"end":{"line":98,"column":62}},"34":{"start":{"line":102,"column":2},"end":{"line":102,"column":50}},"35":{"start":{"line":103,"column":2},"end":{"line":103,"column":19}}},"fnMap":{"0":{"name":"define_task_list","decl":{"start":{"line":6,"column":16},"end":{"line":6,"column":32}},"loc":{"start":{"line":6,"column":39},"end":{"line":104,"column":1}},"line":6},"1":{"name":"(anonymous_1)","decl":{"start":{"line":12,"column":4},"end":{"line":12,"column":5}},"loc":{"start":{"line":12,"column":18},"end":{"line":40,"column":5}},"line":12},"2":{"name":"(anonymous_2)","decl":{"start":{"line":36,"column":53},"end":{"line":36,"column":54}},"loc":{"start":{"line":36,"column":59},"end":{"line":36,"column":78}},"line":36},"3":{"name":"(anonymous_3)","decl":{"start":{"line":48,"column":4},"end":{"line":48,"column":5}},"loc":{"start":{"line":48,"column":30},"end":{"line":53,"column":5}},"line":48},"4":{"name":"(anonymous_4)","decl":{"start":{"line":59,"column":4},"end":{"line":59,"column":5}},"loc":{"start":{"line":59,"column":19},"end":{"line":70,"column":5}},"line":59},"5":{"name":"(anonymous_5)","decl":{"start":{"line":63,"column":45},"end":{"line":63,"column":46}},"loc":{"start":{"line":63,"column":50},"end":{"line":63,"column":83}},"line":63},"6":{"name":"(anonymous_6)","decl":{"start":{"line":63,"column":93},"end":{"line":63,"column":94}},"loc":{"start":{"line":63,"column":98},"end":{"line":63,"column":157}},"line":63},"7":{"name":"(anonymous_7)","decl":{"start":{"line":66,"column":45},"end":{"line":66,"column":46}},"loc":{"start":{"line":66,"column":50},"end":{"line":66,"column":63}},"line":66},"8":{"name":"(anonymous_8)","decl":{"start":{"line":66,"column":73},"end":{"line":66,"column":74}},"loc":{"start":{"line":66,"column":78},"end":{"line":66,"column":136}},"line":66},"9":{"name":"(anonymous_9)","decl":{"start":{"line":69,"column":45},"end":{"line":69,"column":46}},"loc":{"start":{"line":69,"column":50},"end":{"line":69,"column":82}},"line":69},"10":{"name":"(anonymous_10)","decl":{"start":{"line":69,"column":92},"end":{"line":69,"column":93}},"loc":{"start":{"line":69,"column":97},"end":{"line":69,"column":156}},"line":69},"11":{"name":"(anonymous_11)","decl":{"start":{"line":76,"column":4},"end":{"line":76,"column":5}},"loc":{"start":{"line":76,"column":19},"end":{"line":81,"column":5}},"line":76},"12":{"name":"(anonymous_12)","decl":{"start":{"line":87,"column":4},"end":{"line":87,"column":5}},"loc":{"start":{"line":87,"column":20},"end":{"line":90,"column":5}},"line":87},"13":{"name":"(anonymous_13)","decl":{"start":{"line":96,"column":4},"end":{"line":96,"column":5}},"loc":{"start":{"line":96,"column":20},"end":{"line":99,"column":5}},"line":96}},"branchMap":{"0":{"loc":{"start":{"line":63,"column":50},"end":{"line":63,"column":83}},"type":"binary-expr","locations":[{"start":{"line":63,"column":50},"end":{"line":63,"column":64}},{"start":{"line":63,"column":68},"end":{"line":63,"column":83}}],"line":63},"1":{"loc":{"start":{"line":69,"column":50},"end":{"line":69,"column":82}},"type":"binary-expr","locations":[{"start":{"line":69,"column":50},"end":{"line":69,"column":64}},{"start":{"line":69,"column":68},"end":{"line":69,"column":82}}],"line":69}},"s":{"0":140,"1":140,"2":140,"3":140,"4":140,"5":140,"6":140,"7":140,"8":140,"9":2,"10":140,"11":140,"12":599,"13":599,"14":595,"15":595,"16":258,"17":258,"18":607,"19":287,"20":254,"21":595,"22":212,"23":254,"24":595,"25":100,"26":2,"27":2,"28":2,"29":2,"30":38,"31":38,"32":36,"33":36,"34":140,"35":140},"f":{"0":140,"1":140,"2":2,"3":599,"4":258,"5":607,"6":287,"7":595,"8":212,"9":595,"10":100,"11":2,"12":38,"13":36},"b":{"0":[607,391],"1":[595,383]},"_coverageSchema":"1a1c01bbd47fc00a2c39e90264f33305004495a9","hash":"74afcca2f6ab19de3e0b5598457dd1656f71fda3"},"/home/runner/work/cse110-w21-group17/cse110-w21-group17/source/site/frontend/js/components/task.js":{"path":"/home/runner/work/cse110-w21-group17/cse110-w21-group17/source/site/frontend/js/components/task.js","statementMap":{"0":{"start":{"line":16,"column":12},"end":{"line":16,"column":20}},"1":{"start":{"line":17,"column":25},"end":{"line":17,"column":60}},"2":{"start":{"line":18,"column":12},"end":{"line":18,"column":36}},"3":{"start":{"line":21,"column":12},"end":{"line":21,"column":73}},"4":{"start":{"line":22,"column":12},"end":{"line":22,"column":89}},"5":{"start":{"line":23,"column":12},"end":{"line":23,"column":85}},"6":{"start":{"line":24,"column":12},"end":{"line":24,"column":81}},"7":{"start":{"line":25,"column":12},"end":{"line":25,"column":79}},"8":{"start":{"line":26,"column":12},"end":{"line":26,"column":83}},"9":{"start":{"line":27,"column":12},"end":{"line":27,"column":99}},"10":{"start":{"line":28,"column":12},"end":{"line":28,"column":93}},"11":{"start":{"line":30,"column":12},"end":{"line":30,"column":73}},"12":{"start":{"line":31,"column":12},"end":{"line":31,"column":89}},"13":{"start":{"line":32,"column":12},"end":{"line":32,"column":87}},"14":{"start":{"line":33,"column":12},"end":{"line":33,"column":85}},"15":{"start":{"line":35,"column":12},"end":{"line":35,"column":67}},"16":{"start":{"line":36,"column":12},"end":{"line":36,"column":67}},"17":{"start":{"line":39,"column":12},"end":{"line":39,"column":86}},"18":{"start":{"line":39,"column":66},"end":{"line":39,"column":84}},"19":{"start":{"line":40,"column":12},"end":{"line":40,"column":82}},"20":{"start":{"line":40,"column":64},"end":{"line":40,"column":80}},"21":{"start":{"line":41,"column":12},"end":{"line":41,"column":77}},"22":{"start":{"line":41,"column":62},"end":{"line":41,"column":75}},"23":{"start":{"line":42,"column":12},"end":{"line":42,"column":78}},"24":{"start":{"line":42,"column":64},"end":{"line":42,"column":76}},"25":{"start":{"line":43,"column":12},"end":{"line":43,"column":82}},"26":{"start":{"line":43,"column":66},"end":{"line":43,"column":80}},"27":{"start":{"line":44,"column":12},"end":{"line":44,"column":80}},"28":{"start":{"line":44,"column":65},"end":{"line":44,"column":78}},"29":{"start":{"line":47,"column":12},"end":{"line":47,"column":29}},"30":{"start":{"line":50,"column":12},"end":{"line":50,"column":37}},"31":{"start":{"line":51,"column":12},"end":{"line":51,"column":38}},"32":{"start":{"line":52,"column":12},"end":{"line":52,"column":38}},"33":{"start":{"line":53,"column":12},"end":{"line":53,"column":45}},"34":{"start":{"line":54,"column":12},"end":{"line":54,"column":40}},"35":{"start":{"line":55,"column":12},"end":{"line":55,"column":36}},"36":{"start":{"line":56,"column":12},"end":{"line":56,"column":35}},"37":{"start":{"line":57,"column":12},"end":{"line":57,"column":33}},"38":{"start":{"line":58,"column":12},"end":{"line":58,"column":45}},"39":{"start":{"line":68,"column":12},"end":{"line":68,"column":49}},"40":{"start":{"line":69,"column":12},"end":{"line":69,"column":49}},"41":{"start":{"line":70,"column":12},"end":{"line":70,"column":63}},"42":{"start":{"line":78,"column":12},"end":{"line":78,"column":49}},"43":{"start":{"line":79,"column":12},"end":{"line":79,"column":49}},"44":{"start":{"line":80,"column":12},"end":{"line":80,"column":35}},"45":{"start":{"line":81,"column":12},"end":{"line":81,"column":36}},"46":{"start":{"line":89,"column":12},"end":{"line":89,"column":63}},"47":{"start":{"line":90,"column":12},"end":{"line":90,"column":60}},"48":{"start":{"line":91,"column":12},"end":{"line":91,"column":49}},"49":{"start":{"line":92,"column":12},"end":{"line":92,"column":56}},"50":{"start":{"line":93,"column":12},"end":{"line":93,"column":54}},"51":{"start":{"line":94,"column":12},"end":{"line":94,"column":53}},"52":{"start":{"line":95,"column":12},"end":{"line":95,"column":55}},"53":{"start":{"line":96,"column":12},"end":{"line":98,"column":13}},"54":{"start":{"line":97,"column":16},"end":{"line":97,"column":79}},"55":{"start":{"line":108,"column":12},"end":{"line":108,"column":29}},"56":{"start":{"line":109,"column":12},"end":{"line":109,"column":79}},"57":{"start":{"line":110,"column":12},"end":{"line":110,"column":64}},"58":{"start":{"line":111,"column":12},"end":{"line":111,"column":134}},"59":{"start":{"line":112,"column":12},"end":{"line":112,"column":71}},"60":{"start":{"line":113,"column":12},"end":{"line":113,"column":29}},"61":{"start":{"line":114,"column":12},"end":{"line":116,"column":13}},"62":{"start":{"line":115,"column":16},"end":{"line":115,"column":40}},"63":{"start":{"line":125,"column":12},"end":{"line":128,"column":13}},"64":{"start":{"line":127,"column":16},"end":{"line":127,"column":49}},"65":{"start":{"line":129,"column":12},"end":{"line":129,"column":45}},"66":{"start":{"line":138,"column":12},"end":{"line":138,"column":51}},"67":{"start":{"line":146,"column":12},"end":{"line":150,"column":13}},"68":{"start":{"line":147,"column":16},"end":{"line":147,"column":33}},"69":{"start":{"line":149,"column":16},"end":{"line":149,"column":35}},"70":{"start":{"line":161,"column":32},"end":{"line":161,"column":34}},"71":{"start":{"line":162,"column":44},"end":{"line":162,"column":69}},"72":{"start":{"line":163,"column":45},"end":{"line":163,"column":71}},"73":{"start":{"line":164,"column":12},"end":{"line":175,"column":13}},"74":{"start":{"line":165,"column":43},"end":{"line":165,"column":89}},"75":{"start":{"line":166,"column":44},"end":{"line":166,"column":91}},"76":{"start":{"line":167,"column":16},"end":{"line":172,"column":18}},"77":{"start":{"line":173,"column":16},"end":{"line":173,"column":66}},"78":{"start":{"line":174,"column":16},"end":{"line":174,"column":68}},"79":{"start":{"line":177,"column":12},"end":{"line":177,"column":46}},"80":{"start":{"line":178,"column":12},"end":{"line":178,"column":33}},"81":{"start":{"line":187,"column":12},"end":{"line":195,"column":15}},"82":{"start":{"line":188,"column":16},"end":{"line":194,"column":17}},"83":{"start":{"line":190,"column":20},"end":{"line":190,"column":42}},"84":{"start":{"line":193,"column":20},"end":{"line":193,"column":42}},"85":{"start":{"line":203,"column":12},"end":{"line":203,"column":34}},"86":{"start":{"line":205,"column":12},"end":{"line":207,"column":13}},"87":{"start":{"line":206,"column":16},"end":{"line":206,"column":22}},"88":{"start":{"line":209,"column":12},"end":{"line":209,"column":46}},"89":{"start":{"line":211,"column":27},"end":{"line":217,"column":25}},"90":{"start":{"line":218,"column":12},"end":{"line":218,"column":56}},"91":{"start":{"line":219,"column":12},"end":{"line":219,"column":78}},"92":{"start":{"line":221,"column":12},"end":{"line":231,"column":13}},"93":{"start":{"line":222,"column":16},"end":{"line":228,"column":23}},"94":{"start":{"line":224,"column":24},"end":{"line":224,"column":76}},"95":{"start":{"line":227,"column":24},"end":{"line":227,"column":57}},"96":{"start":{"line":230,"column":16},"end":{"line":230,"column":50}},"97":{"start":{"line":241,"column":12},"end":{"line":256,"column":13}},"98":{"start":{"line":242,"column":16},"end":{"line":242,"column":101}},"99":{"start":{"line":243,"column":16},"end":{"line":243,"column":29}},"100":{"start":{"line":245,"column":17},"end":{"line":256,"column":13}},"101":{"start":{"line":246,"column":16},"end":{"line":246,"column":103}},"102":{"start":{"line":247,"column":16},"end":{"line":247,"column":29}},"103":{"start":{"line":249,"column":17},"end":{"line":256,"column":13}},"104":{"start":{"line":250,"column":16},"end":{"line":250,"column":105}},"105":{"start":{"line":251,"column":16},"end":{"line":251,"column":29}},"106":{"start":{"line":253,"column":17},"end":{"line":256,"column":13}},"107":{"start":{"line":254,"column":16},"end":{"line":254,"column":108}},"108":{"start":{"line":255,"column":16},"end":{"line":255,"column":29}},"109":{"start":{"line":257,"column":12},"end":{"line":257,"column":24}},"110":{"start":{"line":260,"column":4},"end":{"line":260,"column":43}},"111":{"start":{"line":261,"column":4},"end":{"line":261,"column":17}}},"fnMap":{"0":{"name":"define_task","decl":{"start":{"line":9,"column":16},"end":{"line":9,"column":27}},"loc":{"start":{"line":9,"column":34},"end":{"line":262,"column":1}},"line":9},"1":{"name":"(anonymous_1)","decl":{"start":{"line":15,"column":8},"end":{"line":15,"column":9}},"loc":{"start":{"line":15,"column":22},"end":{"line":59,"column":9}},"line":15},"2":{"name":"(anonymous_2)","decl":{"start":{"line":39,"column":59},"end":{"line":39,"column":60}},"loc":{"start":{"line":39,"column":66},"end":{"line":39,"column":84}},"line":39},"3":{"name":"(anonymous_3)","decl":{"start":{"line":40,"column":57},"end":{"line":40,"column":58}},"loc":{"start":{"line":40,"column":64},"end":{"line":40,"column":80}},"line":40},"4":{"name":"(anonymous_4)","decl":{"start":{"line":41,"column":56},"end":{"line":41,"column":57}},"loc":{"start":{"line":41,"column":62},"end":{"line":41,"column":75}},"line":41},"5":{"name":"(anonymous_5)","decl":{"start":{"line":42,"column":58},"end":{"line":42,"column":59}},"loc":{"start":{"line":42,"column":64},"end":{"line":42,"column":76}},"line":42},"6":{"name":"(anonymous_6)","decl":{"start":{"line":43,"column":60},"end":{"line":43,"column":61}},"loc":{"start":{"line":43,"column":66},"end":{"line":43,"column":80}},"line":43},"7":{"name":"(anonymous_7)","decl":{"start":{"line":44,"column":59},"end":{"line":44,"column":60}},"loc":{"start":{"line":44,"column":65},"end":{"line":44,"column":78}},"line":44},"8":{"name":"(anonymous_8)","decl":{"start":{"line":67,"column":8},"end":{"line":67,"column":9}},"loc":{"start":{"line":67,"column":20},"end":{"line":71,"column":9}},"line":67},"9":{"name":"(anonymous_9)","decl":{"start":{"line":77,"column":8},"end":{"line":77,"column":9}},"loc":{"start":{"line":77,"column":20},"end":{"line":82,"column":9}},"line":77},"10":{"name":"(anonymous_10)","decl":{"start":{"line":88,"column":8},"end":{"line":88,"column":9}},"loc":{"start":{"line":88,"column":27},"end":{"line":99,"column":9}},"line":88},"11":{"name":"(anonymous_11)","decl":{"start":{"line":107,"column":8},"end":{"line":107,"column":9}},"loc":{"start":{"line":107,"column":23},"end":{"line":117,"column":9}},"line":107},"12":{"name":"(anonymous_12)","decl":{"start":{"line":124,"column":8},"end":{"line":124,"column":9}},"loc":{"start":{"line":124,"column":22},"end":{"line":130,"column":9}},"line":124},"13":{"name":"(anonymous_13)","decl":{"start":{"line":137,"column":8},"end":{"line":137,"column":9}},"loc":{"start":{"line":137,"column":21},"end":{"line":139,"column":9}},"line":137},"14":{"name":"(anonymous_14)","decl":{"start":{"line":145,"column":8},"end":{"line":145,"column":9}},"loc":{"start":{"line":145,"column":17},"end":{"line":151,"column":9}},"line":145},"15":{"name":"(anonymous_15)","decl":{"start":{"line":160,"column":8},"end":{"line":160,"column":9}},"loc":{"start":{"line":160,"column":41},"end":{"line":179,"column":9}},"line":160},"16":{"name":"(anonymous_16)","decl":{"start":{"line":186,"column":8},"end":{"line":186,"column":9}},"loc":{"start":{"line":186,"column":40},"end":{"line":196,"column":9}},"line":186},"17":{"name":"(anonymous_17)","decl":{"start":{"line":187,"column":34},"end":{"line":187,"column":35}},"loc":{"start":{"line":187,"column":39},"end":{"line":195,"column":13}},"line":187},"18":{"name":"(anonymous_18)","decl":{"start":{"line":202,"column":8},"end":{"line":202,"column":9}},"loc":{"start":{"line":202,"column":18},"end":{"line":232,"column":9}},"line":202},"19":{"name":"(anonymous_19)","decl":{"start":{"line":223,"column":20},"end":{"line":223,"column":21}},"loc":{"start":{"line":223,"column":26},"end":{"line":225,"column":21}},"line":223},"20":{"name":"(anonymous_20)","decl":{"start":{"line":226,"column":20},"end":{"line":226,"column":21}},"loc":{"start":{"line":226,"column":26},"end":{"line":228,"column":21}},"line":226},"21":{"name":"(anonymous_21)","decl":{"start":{"line":240,"column":8},"end":{"line":240,"column":9}},"loc":{"start":{"line":240,"column":27},"end":{"line":258,"column":9}},"line":240}},"branchMap":{"0":{"loc":{"start":{"line":96,"column":12},"end":{"line":98,"column":13}},"type":"if","locations":[{"start":{"line":96,"column":12},"end":{"line":98,"column":13}},{"start":{"line":96,"column":12},"end":{"line":98,"column":13}}],"line":96},"1":{"loc":{"start":{"line":111,"column":47},"end":{"line":111,"column":133}},"type":"cond-expr","locations":[{"start":{"line":111,"column":84},"end":{"line":111,"column":104}},{"start":{"line":111,"column":107},"end":{"line":111,"column":133}}],"line":111},"2":{"loc":{"start":{"line":114,"column":12},"end":{"line":116,"column":13}},"type":"if","locations":[{"start":{"line":114,"column":12},"end":{"line":116,"column":13}},{"start":{"line":114,"column":12},"end":{"line":116,"column":13}}],"line":114},"3":{"loc":{"start":{"line":114,"column":16},"end":{"line":114,"column":72}},"type":"binary-expr","locations":[{"start":{"line":114,"column":16},"end":{"line":114,"column":29}},{"start":{"line":114,"column":34},"end":{"line":114,"column":50}},{"start":{"line":114,"column":54},"end":{"line":114,"column":71}}],"line":114},"4":{"loc":{"start":{"line":125,"column":12},"end":{"line":128,"column":13}},"type":"if","locations":[{"start":{"line":125,"column":12},"end":{"line":128,"column":13}},{"start":{"line":125,"column":12},"end":{"line":128,"column":13}}],"line":125},"5":{"loc":{"start":{"line":146,"column":12},"end":{"line":150,"column":13}},"type":"if","locations":[{"start":{"line":146,"column":12},"end":{"line":150,"column":13}},{"start":{"line":146,"column":12},"end":{"line":150,"column":13}}],"line":146},"6":{"loc":{"start":{"line":188,"column":16},"end":{"line":194,"column":17}},"type":"if","locations":[{"start":{"line":188,"column":16},"end":{"line":194,"column":17}},{"start":{"line":188,"column":16},"end":{"line":194,"column":17}}],"line":188},"7":{"loc":{"start":{"line":205,"column":12},"end":{"line":207,"column":13}},"type":"if","locations":[{"start":{"line":205,"column":12},"end":{"line":207,"column":13}},{"start":{"line":205,"column":12},"end":{"line":207,"column":13}}],"line":205},"8":{"loc":{"start":{"line":211,"column":27},"end":{"line":217,"column":25}},"type":"cond-expr","locations":[{"start":{"line":211,"column":48},"end":{"line":217,"column":13}},{"start":{"line":217,"column":16},"end":{"line":217,"column":25}}],"line":211},"9":{"loc":{"start":{"line":221,"column":12},"end":{"line":231,"column":13}},"type":"if","locations":[{"start":{"line":221,"column":12},"end":{"line":231,"column":13}},{"start":{"line":221,"column":12},"end":{"line":231,"column":13}}],"line":221},"10":{"loc":{"start":{"line":241,"column":12},"end":{"line":256,"column":13}},"type":"if","locations":[{"start":{"line":241,"column":12},"end":{"line":256,"column":13}},{"start":{"line":241,"column":12},"end":{"line":256,"column":13}}],"line":241},"11":{"loc":{"start":{"line":245,"column":17},"end":{"line":256,"column":13}},"type":"if","locations":[{"start":{"line":245,"column":17},"end":{"line":256,"column":13}},{"start":{"line":245,"column":17},"end":{"line":256,"column":13}}],"line":245},"12":{"loc":{"start":{"line":249,"column":17},"end":{"line":256,"column":13}},"type":"if","locations":[{"start":{"line":249,"column":17},"end":{"line":256,"column":13}},{"start":{"line":249,"column":17},"end":{"line":256,"column":13}}],"line":249},"13":{"loc":{"start":{"line":253,"column":17},"end":{"line":256,"column":13}},"type":"if","locations":[{"start":{"line":253,"column":17},"end":{"line":256,"column":13}},{"start":{"line":253,"column":17},"end":{"line":256,"column":13}}],"line":253}},"s":{"0":597,"1":597,"2":597,"3":597,"4":597,"5":597,"6":597,"7":597,"8":597,"9":597,"10":597,"11":597,"12":597,"13":597,"14":597,"15":597,"16":597,"17":597,"18":4,"19":597,"20":18,"21":597,"22":2,"23":597,"24":2,"25":597,"26":17,"27":597,"28":3,"29":597,"30":597,"31":597,"32":597,"33":597,"34":597,"35":597,"36":597,"37":597,"38":597,"39":597,"40":597,"41":597,"42":20,"43":20,"44":20,"45":20,"46":312,"47":312,"48":312,"49":312,"50":312,"51":312,"52":312,"53":312,"54":66,"55":595,"56":595,"57":595,"58":595,"59":595,"60":595,"61":595,"62":312,"63":5,"64":4,"65":5,"66":4,"67":3,"68":2,"69":1,"70":2,"71":2,"72":2,"73":2,"74":6,"75":6,"76":6,"77":6,"78":6,"79":2,"80":2,"81":7,"82":11,"83":5,"84":6,"85":17,"86":17,"87":10,"88":7,"89":7,"90":7,"91":7,"92":7,"93":4,"94":2,"95":2,"96":3,"97":17,"98":2,"99":2,"100":15,"101":2,"102":2,"103":13,"104":4,"105":4,"106":9,"107":2,"108":2,"109":7,"110":140,"111":140},"f":{"0":140,"1":597,"2":4,"3":18,"4":2,"5":2,"6":17,"7":3,"8":597,"9":20,"10":312,"11":595,"12":5,"13":4,"14":3,"15":2,"16":7,"17":11,"18":17,"19":2,"20":2,"21":17},"b":{"0":[66,246],"1":[511,84],"2":[312,283],"3":[595,595,383],"4":[4,1],"5":[2,1],"6":[5,6],"7":[10,7],"8":[1,6],"9":[4,3],"10":[2,15],"11":[2,13],"12":[4,9],"13":[2,7]},"_coverageSchema":"1a1c01bbd47fc00a2c39e90264f33305004495a9","hash":"be2030ab0eaead6314481b856910b11ffda81061"},"/home/runner/work/cse110-w21-group17/cse110-w21-group17/source/site/frontend/js/persistence/data.js":{"path":"/home/runner/work/cse110-w21-group17/cse110-w21-group17/source/site/frontend/js/persistence/data.js","statementMap":{"0":{"start":{"line":16,"column":19},"end":{"line":16,"column":87}},"1":{"start":{"line":16,"column":66},"end":{"line":16,"column":86}},"2":{"start":{"line":17,"column":4},"end":{"line":17,"column":125}},"3":{"start":{"line":20,"column":4},"end":{"line":20,"column":58}},"4":{"start":{"line":23,"column":4},"end":{"line":23,"column":22}},"5":{"start":{"line":31,"column":4},"end":{"line":31,"column":100}},"6":{"start":{"line":31,"column":82},"end":{"line":31,"column":98}},"7":{"start":{"line":34,"column":4},"end":{"line":34,"column":22}},"8":{"start":{"line":43,"column":16},"end":{"line":43,"column":77}},"9":{"start":{"line":43,"column":60},"end":{"line":43,"column":76}},"10":{"start":{"line":44,"column":4},"end":{"line":44,"column":46}},"11":{"start":{"line":52,"column":14},"end":{"line":52,"column":78}},"12":{"start":{"line":52,"column":61},"end":{"line":52,"column":77}},"13":{"start":{"line":53,"column":4},"end":{"line":53,"column":48}},"14":{"start":{"line":56,"column":4},"end":{"line":56,"column":58}},"15":{"start":{"line":57,"column":4},"end":{"line":57,"column":27}},"16":{"start":{"line":60,"column":4},"end":{"line":60,"column":22}},"17":{"start":{"line":69,"column":4},"end":{"line":69,"column":52}},"18":{"start":{"line":72,"column":4},"end":{"line":72,"column":22}},"19":{"start":{"line":80,"column":4},"end":{"line":80,"column":55}},"20":{"start":{"line":81,"column":4},"end":{"line":92,"column":5}},"21":{"start":{"line":82,"column":8},"end":{"line":88,"column":14}},"22":{"start":{"line":87,"column":16},"end":{"line":87,"column":47}},"23":{"start":{"line":91,"column":8},"end":{"line":91,"column":76}},"24":{"start":{"line":99,"column":4},"end":{"line":106,"column":5}},"25":{"start":{"line":100,"column":8},"end":{"line":102,"column":10}},"26":{"start":{"line":105,"column":8},"end":{"line":105,"column":45}},"27":{"start":{"line":117,"column":18},"end":{"line":117,"column":82}},"28":{"start":{"line":117,"column":65},"end":{"line":117,"column":81}},"29":{"start":{"line":118,"column":16},"end":{"line":118,"column":23}},"30":{"start":{"line":120,"column":4},"end":{"line":122,"column":132}},"31":{"start":{"line":121,"column":8},"end":{"line":121,"column":43}},"32":{"start":{"line":124,"column":4},"end":{"line":124,"column":84}},"33":{"start":{"line":126,"column":15},"end":{"line":126,"column":55}},"34":{"start":{"line":127,"column":4},"end":{"line":127,"column":86}},"35":{"start":{"line":128,"column":4},"end":{"line":128,"column":50}},"36":{"start":{"line":130,"column":4},"end":{"line":130,"column":58}},"37":{"start":{"line":131,"column":4},"end":{"line":131,"column":56}},"38":{"start":{"line":140,"column":23},"end":{"line":140,"column":60}},"39":{"start":{"line":141,"column":23},"end":{"line":141,"column":74}},"40":{"start":{"line":142,"column":4},"end":{"line":142,"column":55}},"41":{"start":{"line":143,"column":4},"end":{"line":146,"column":5}},"42":{"start":{"line":144,"column":8},"end":{"line":144,"column":51}},"43":{"start":{"line":145,"column":8},"end":{"line":145,"column":110}},"44":{"start":{"line":154,"column":4},"end":{"line":154,"column":67}},"45":{"start":{"line":155,"column":4},"end":{"line":157,"column":5}},"46":{"start":{"line":156,"column":8},"end":{"line":156,"column":92}},"47":{"start":{"line":158,"column":4},"end":{"line":158,"column":58}},"48":{"start":{"line":161,"column":4},"end":{"line":161,"column":22}},"49":{"start":{"line":169,"column":4},"end":{"line":169,"column":62}},"50":{"start":{"line":172,"column":4},"end":{"line":172,"column":22}},"51":{"start":{"line":182,"column":4},"end":{"line":182,"column":54}},"52":{"start":{"line":191,"column":4},"end":{"line":191,"column":42}},"53":{"start":{"line":201,"column":4},"end":{"line":201,"column":57}},"54":{"start":{"line":211,"column":4},"end":{"line":211,"column":52}},"55":{"start":{"line":211,"column":39},"end":{"line":211,"column":52}},"56":{"start":{"line":212,"column":4},"end":{"line":212,"column":35}},"57":{"start":{"line":212,"column":22},"end":{"line":212,"column":35}},"58":{"start":{"line":213,"column":4},"end":{"line":213,"column":48}},"59":{"start":{"line":223,"column":4},"end":{"line":223,"column":51}},"60":{"start":{"line":232,"column":23},"end":{"line":232,"column":81}},"61":{"start":{"line":232,"column":67},"end":{"line":232,"column":80}},"62":{"start":{"line":233,"column":4},"end":{"line":233,"column":64}},"63":{"start":{"line":242,"column":4},"end":{"line":242,"column":37}},"64":{"start":{"line":252,"column":20},"end":{"line":254,"column":74}},"65":{"start":{"line":253,"column":23},"end":{"line":253,"column":55}},"66":{"start":{"line":254,"column":23},"end":{"line":254,"column":66}},"67":{"start":{"line":255,"column":21},"end":{"line":257,"column":75}},"68":{"start":{"line":256,"column":23},"end":{"line":256,"column":55}},"69":{"start":{"line":257,"column":23},"end":{"line":257,"column":67}},"70":{"start":{"line":258,"column":19},"end":{"line":260,"column":74}},"71":{"start":{"line":259,"column":23},"end":{"line":259,"column":55}},"72":{"start":{"line":260,"column":23},"end":{"line":260,"column":66}},"73":{"start":{"line":261,"column":16},"end":{"line":261,"column":49}},"74":{"start":{"line":262,"column":14},"end":{"line":262,"column":46}},"75":{"start":{"line":263,"column":4},"end":{"line":263,"column":103}},"76":{"start":{"line":264,"column":4},"end":{"line":264,"column":111}},"77":{"start":{"line":265,"column":4},"end":{"line":265,"column":15}}},"fnMap":{"0":{"name":"create_task","decl":{"start":{"line":15,"column":16},"end":{"line":15,"column":27}},"loc":{"start":{"line":15,"column":55},"end":{"line":24,"column":1}},"line":15},"1":{"name":"(anonymous_1)","decl":{"start":{"line":16,"column":61},"end":{"line":16,"column":62}},"loc":{"start":{"line":16,"column":66},"end":{"line":16,"column":86}},"line":16},"2":{"name":"delete_task","decl":{"start":{"line":30,"column":16},"end":{"line":30,"column":27}},"loc":{"start":{"line":30,"column":37},"end":{"line":35,"column":1}},"line":30},"3":{"name":"(anonymous_3)","decl":{"start":{"line":31,"column":77},"end":{"line":31,"column":78}},"loc":{"start":{"line":31,"column":82},"end":{"line":31,"column":98}},"line":31},"4":{"name":"read_task","decl":{"start":{"line":42,"column":16},"end":{"line":42,"column":25}},"loc":{"start":{"line":42,"column":35},"end":{"line":45,"column":1}},"line":42},"5":{"name":"(anonymous_5)","decl":{"start":{"line":43,"column":55},"end":{"line":43,"column":56}},"loc":{"start":{"line":43,"column":60},"end":{"line":43,"column":76}},"line":43},"6":{"name":"update_task","decl":{"start":{"line":51,"column":16},"end":{"line":51,"column":27}},"loc":{"start":{"line":51,"column":34},"end":{"line":61,"column":1}},"line":51},"7":{"name":"(anonymous_7)","decl":{"start":{"line":52,"column":56},"end":{"line":52,"column":57}},"loc":{"start":{"line":52,"column":61},"end":{"line":52,"column":77}},"line":52},"8":{"name":"update_settings","decl":{"start":{"line":67,"column":16},"end":{"line":67,"column":31}},"loc":{"start":{"line":67,"column":42},"end":{"line":73,"column":1}},"line":67},"9":{"name":"upload_userdata","decl":{"start":{"line":79,"column":16},"end":{"line":79,"column":31}},"loc":{"start":{"line":79,"column":34},"end":{"line":93,"column":1}},"line":79},"10":{"name":"(anonymous_10)","decl":{"start":{"line":86,"column":18},"end":{"line":86,"column":19}},"loc":{"start":{"line":86,"column":26},"end":{"line":88,"column":13}},"line":86},"11":{"name":"delete_user_data","decl":{"start":{"line":98,"column":16},"end":{"line":98,"column":32}},"loc":{"start":{"line":98,"column":35},"end":{"line":107,"column":1}},"line":98},"12":{"name":"move_task","decl":{"start":{"line":116,"column":16},"end":{"line":116,"column":25}},"loc":{"start":{"line":116,"column":43},"end":{"line":132,"column":1}},"line":116},"13":{"name":"(anonymous_13)","decl":{"start":{"line":117,"column":60},"end":{"line":117,"column":61}},"loc":{"start":{"line":117,"column":65},"end":{"line":117,"column":81}},"line":117},"14":{"name":"advance_break_cycle","decl":{"start":{"line":138,"column":16},"end":{"line":138,"column":35}},"loc":{"start":{"line":138,"column":38},"end":{"line":147,"column":1}},"line":138},"15":{"name":"advance_task","decl":{"start":{"line":153,"column":16},"end":{"line":153,"column":28}},"loc":{"start":{"line":153,"column":31},"end":{"line":162,"column":1}},"line":153},"16":{"name":"update_state","decl":{"start":{"line":168,"column":16},"end":{"line":168,"column":28}},"loc":{"start":{"line":168,"column":31},"end":{"line":173,"column":1}},"line":168},"17":{"name":"current_task","decl":{"start":{"line":181,"column":16},"end":{"line":181,"column":28}},"loc":{"start":{"line":181,"column":31},"end":{"line":183,"column":1}},"line":181},"18":{"name":"statelet","decl":{"start":{"line":190,"column":16},"end":{"line":190,"column":24}},"loc":{"start":{"line":190,"column":27},"end":{"line":192,"column":1}},"line":190},"19":{"name":"is_finished","decl":{"start":{"line":200,"column":16},"end":{"line":200,"column":27}},"loc":{"start":{"line":200,"column":34},"end":{"line":202,"column":1}},"line":200},"20":{"name":"is_running","decl":{"start":{"line":210,"column":16},"end":{"line":210,"column":26}},"loc":{"start":{"line":210,"column":33},"end":{"line":214,"column":1}},"line":210},"21":{"name":"is_pending","decl":{"start":{"line":222,"column":16},"end":{"line":222,"column":26}},"loc":{"start":{"line":222,"column":33},"end":{"line":224,"column":1}},"line":222},"22":{"name":"next_task_id","decl":{"start":{"line":231,"column":16},"end":{"line":231,"column":28}},"loc":{"start":{"line":231,"column":31},"end":{"line":234,"column":1}},"line":231},"23":{"name":"(anonymous_23)","decl":{"start":{"line":232,"column":62},"end":{"line":232,"column":63}},"loc":{"start":{"line":232,"column":67},"end":{"line":232,"column":80}},"line":232},"24":{"name":"active_userstate","decl":{"start":{"line":241,"column":16},"end":{"line":241,"column":32}},"loc":{"start":{"line":241,"column":35},"end":{"line":243,"column":1}},"line":241},"25":{"name":"analysis","decl":{"start":{"line":251,"column":16},"end":{"line":251,"column":24}},"loc":{"start":{"line":251,"column":27},"end":{"line":266,"column":1}},"line":251},"26":{"name":"(anonymous_26)","decl":{"start":{"line":253,"column":16},"end":{"line":253,"column":17}},"loc":{"start":{"line":253,"column":23},"end":{"line":253,"column":55}},"line":253},"27":{"name":"(anonymous_27)","decl":{"start":{"line":254,"column":16},"end":{"line":254,"column":17}},"loc":{"start":{"line":254,"column":23},"end":{"line":254,"column":66}},"line":254},"28":{"name":"(anonymous_28)","decl":{"start":{"line":256,"column":16},"end":{"line":256,"column":17}},"loc":{"start":{"line":256,"column":23},"end":{"line":256,"column":55}},"line":256},"29":{"name":"(anonymous_29)","decl":{"start":{"line":257,"column":16},"end":{"line":257,"column":17}},"loc":{"start":{"line":257,"column":23},"end":{"line":257,"column":67}},"line":257},"30":{"name":"(anonymous_30)","decl":{"start":{"line":259,"column":16},"end":{"line":259,"column":17}},"loc":{"start":{"line":259,"column":23},"end":{"line":259,"column":55}},"line":259},"31":{"name":"(anonymous_31)","decl":{"start":{"line":260,"column":16},"end":{"line":260,"column":17}},"loc":{"start":{"line":260,"column":23},"end":{"line":260,"column":66}},"line":260}},"branchMap":{"0":{"loc":{"start":{"line":15,"column":34},"end":{"line":15,"column":53}},"type":"default-arg","locations":[{"start":{"line":15,"column":49},"end":{"line":15,"column":53}}],"line":15},"1":{"loc":{"start":{"line":17,"column":43},"end":{"line":17,"column":114}},"type":"cond-expr","locations":[{"start":{"line":17,"column":61},"end":{"line":17,"column":73}},{"start":{"line":17,"column":76},"end":{"line":17,"column":114}}],"line":17},"2":{"loc":{"start":{"line":44,"column":11},"end":{"line":44,"column":45}},"type":"cond-expr","locations":[{"start":{"line":44,"column":30},"end":{"line":44,"column":38}},{"start":{"line":44,"column":41},"end":{"line":44,"column":45}}],"line":44},"3":{"loc":{"start":{"line":81,"column":4},"end":{"line":92,"column":5}},"type":"if","locations":[{"start":{"line":81,"column":4},"end":{"line":92,"column":5}},{"start":{"line":81,"column":4},"end":{"line":92,"column":5}}],"line":81},"4":{"loc":{"start":{"line":99,"column":4},"end":{"line":106,"column":5}},"type":"if","locations":[{"start":{"line":99,"column":4},"end":{"line":106,"column":5}},{"start":{"line":99,"column":4},"end":{"line":106,"column":5}}],"line":99},"5":{"loc":{"start":{"line":122,"column":13},"end":{"line":122,"column":131}},"type":"binary-expr","locations":[{"start":{"line":122,"column":13},"end":{"line":122,"column":63}},{"start":{"line":122,"column":67},"end":{"line":122,"column":76}},{"start":{"line":122,"column":80},"end":{"line":122,"column":131}}],"line":122},"6":{"loc":{"start":{"line":143,"column":4},"end":{"line":146,"column":5}},"type":"if","locations":[{"start":{"line":143,"column":4},"end":{"line":146,"column":5}},{"start":{"line":143,"column":4},"end":{"line":146,"column":5}}],"line":143},"7":{"loc":{"start":{"line":145,"column":48},"end":{"line":145,"column":109}},"type":"cond-expr","locations":[{"start":{"line":145,"column":81},"end":{"line":145,"column":93}},{"start":{"line":145,"column":96},"end":{"line":145,"column":109}}],"line":145},"8":{"loc":{"start":{"line":155,"column":4},"end":{"line":157,"column":5}},"type":"if","locations":[{"start":{"line":155,"column":4},"end":{"line":157,"column":5}},{"start":{"line":155,"column":4},"end":{"line":157,"column":5}}],"line":155},"9":{"loc":{"start":{"line":211,"column":4},"end":{"line":211,"column":52}},"type":"if","locations":[{"start":{"line":211,"column":4},"end":{"line":211,"column":52}},{"start":{"line":211,"column":4},"end":{"line":211,"column":52}}],"line":211},"10":{"loc":{"start":{"line":212,"column":4},"end":{"line":212,"column":35}},"type":"if","locations":[{"start":{"line":212,"column":4},"end":{"line":212,"column":35}},{"start":{"line":212,"column":4},"end":{"line":212,"column":35}}],"line":212},"11":{"loc":{"start":{"line":223,"column":11},"end":{"line":223,"column":50}},"type":"binary-expr","locations":[{"start":{"line":223,"column":11},"end":{"line":223,"column":28}},{"start":{"line":223,"column":32},"end":{"line":223,"column":50}}],"line":223},"12":{"loc":{"start":{"line":233,"column":11},"end":{"line":233,"column":63}},"type":"cond-expr","locations":[{"start":{"line":233,"column":38},"end":{"line":233,"column":42}},{"start":{"line":233,"column":45},"end":{"line":233,"column":63}}],"line":233}},"s":{"0":12,"1":28,"2":12,"3":12,"4":12,"5":10,"6":28,"7":10,"8":5744,"9":15776,"10":5744,"11":47,"12":73,"13":47,"14":47,"15":47,"16":47,"17":
[...]
:59,"column":78},"end":{"line":59,"column":90}},"18":{"start":{"line":60,"column":4},"end":{"line":60,"column":26}},"19":{"start":{"line":61,"column":4},"end":{"line":61,"column":11}}},"fnMap":{"0":{"name":"transition","decl":{"start":{"line":19,"column":16},"end":{"line":19,"column":26}},"loc":{"start":{"line":19,"column":54},"end":{"line":43,"column":1}},"line":19},"1":{"name":"(anonymous_1)","decl":{"start":{"line":30,"column":77},"end":{"line":30,"column":78}},"loc":{"start":{"line":30,"column":82},"end":{"line":30,"column":132}},"line":30},"2":{"name":"(anonymous_2)","decl":{"start":{"line":40,"column":73},"end":{"line":40,"column":74}},"loc":{"start":{"line":40,"column":78},"end":{"line":40,"column":128}},"line":40},"3":{"name":"rev_transition","decl":{"start":{"line":49,"column":16},"end":{"line":49,"column":30}},"loc":{"start":{"line":49,"column":41},"end":{"line":51,"column":1}},"line":49},"4":{"name":"force_state","decl":{"start":{"line":57,"column":16},"end":{"line":57,"column":27}},"loc":{"start":{"line":57,"column":38},"end":{"line":62,"column":1}},"line":57},"5":{"name":"(anonymous_5)","decl":{"start":{"line":59,"column":73},"end":{"line":59,"column":74}},"loc":{"start":{"line":59,"column":78},"end":{"line":59,"column":90}},"line":59}},"branchMap":{"0":{"loc":{"start":{"line":23,"column":4},"end":{"line":26,"column":5}},"type":"if","locations":[{"start":{"line":23,"column":4},"end":{"line":26,"column":5}},{"start":{"line":23,"column":4},"end":{"line":26,"column":5}}],"line":23},"1":{"loc":{"start":{"line":29,"column":4},"end":{"line":31,"column":5}},"type":"if","locations":[{"start":{"line":29,"column":4},"end":{"line":31,"column":5}},{"start":{"line":29,"column":4},"end":{"line":31,"column":5}}],"line":29},"2":{"loc":{"start":{"line":30,"column":82},"end":{"line":30,"column":132}},"type":"binary-expr","locations":[{"start":{"line":30,"column":83},"end":{"line":30,"column":113}},{"start":{"line":30,"column":119},"end":{"line":30,"column":131}}],"line":30},"3":{"loc":{"start":{"line":40,"column":78},"end":{"line":40,"column":128}},"type":"binary-expr","locations":[{"start":{"line":40,"column":79},"end":{"line":40,"column":109}},{"start":{"line":40,"column":115},"end":{"line":40,"column":127}}],"line":40}},"s":{"0":153,"1":153,"2":2,"3":2,"4":151,"5":151,"6":44,"7":151,"8":151,"9":151,"10":151,"11":151,"12":584,"13":151,"14":6,"15":140,"16":140,"17":412,"18":128,"19":128},"f":{"0":153,"1":44,"2":584,"3":6,"4":140,"5":412},"b":{"0":[2,151],"1":[151,0],"2":[44,44],"3":[584,581]},"_coverageSchema":"1a1c01bbd47fc00a2c39e90264f33305004495a9","hash":"7c6802e228c918933429370f64ca53576d2e03ba"},"/home/runner/work/cse110-w21-group17/cse110-w21-group17/source/site/frontend/js/state_machines/timer_state_machine.js":{"path":"/home/runner/work/cse110-w21-group17/cse110-w21-group17/source/site/frontend/js/state_machines/timer_state_machine.js","statementMap":{"0":{"start":{"line":22,"column":33},"end":{"line":258,"column":1}},"1":{"start":{"line":32,"column":18},"end":{"line":32,"column":45}},"2":{"start":{"line":34,"column":18},"end":{"line":34,"column":113}},"3":{"start":{"line":38,"column":16},"end":{"line":38,"column":82}},"4":{"start":{"line":39,"column":16},"end":{"line":39,"column":82}},"5":{"start":{"line":40,"column":16},"end":{"line":40,"column":82}},"6":{"start":{"line":41,"column":16},"end":{"line":41,"column":81}},"7":{"start":{"line":42,"column":16},"end":{"line":42,"column":85}},"8":{"start":{"line":43,"column":16},"end":{"line":43,"column":85}},"9":{"start":{"line":44,"column":16},"end":{"line":44,"column":77}},"10":{"start":{"line":46,"column":16},"end":{"line":46,"column":88}},"11":{"start":{"line":47,"column":16},"end":{"line":47,"column":83}},"12":{"start":{"line":48,"column":16},"end":{"line":48,"column":84}},"13":{"start":{"line":49,"column":16},"end":{"line":49,"column":83}},"14":{"start":{"line":51,"column":16},"end":{"line":51,"column":39}},"15":{"start":{"line":52,"column":16},"end":{"line":52,"column":69}},"16":{"start":{"line":66,"column":18},"end":{"line":66,"column":54}},"17":{"start":{"line":69,"column":16},"end":{"line":69,"column":78}},"18":{"start":{"line":70,"column":16},"end":{"line":70,"column":81}},"19":{"start":{"line":71,"column":16},"end":{"line":71,"column":64}},"20":{"start":{"line":76,"column":18},"end":{"line":76,"column":78}},"21":{"start":{"line":90,"column":18},"end":{"line":90,"column":57}},"22":{"start":{"line":92,"column":18},"end":{"line":92,"column":72}},"23":{"start":{"line":94,"column":18},"end":{"line":94,"column":71}},"24":{"start":{"line":96,"column":18},"end":{"line":96,"column":85}},"25":{"start":{"line":97,"column":18},"end":{"line":97,"column":84}},"26":{"start":{"line":100,"column":16},"end":{"line":112,"column":17}},"27":{"start":{"line":101,"column":20},"end":{"line":101,"column":86}},"28":{"start":{"line":102,"column":20},"end":{"line":102,"column":89}},"29":{"start":{"line":103,"column":20},"end":{"line":103,"column":92}},"30":{"start":{"line":104,"column":20},"end":{"line":104,"column":87}},"31":{"start":{"line":105,"column":20},"end":{"line":105,"column":87}},"32":{"start":{"line":107,"column":20},"end":{"line":107,"column":90}},"33":{"start":{"line":108,"column":20},"end":{"line":108,"column":153}},"34":{"start":{"line":109,"column":20},"end":{"line":109,"column":83}},"35":{"start":{"line":110,"column":20},"end":{"line":110,"column":87}},"36":{"start":{"line":111,"column":20},"end":{"line":111,"column":83}},"37":{"start":{"line":117,"column":18},"end":{"line":117,"column":72}},"38":{"start":{"line":128,"column":18},"end":{"line":128,"column":57}},"39":{"start":{"line":132,"column":16},"end":{"line":132,"column":149}},"40":{"start":{"line":133,"column":16},"end":{"line":133,"column":86}},"41":{"start":{"line":134,"column":16},"end":{"line":134,"column":89}},"42":{"start":{"line":135,"column":16},"end":{"line":135,"column":74}},"43":{"start":{"line":137,"column":16},"end":{"line":137,"column":79}},"44":{"start":{"line":138,"column":16},"end":{"line":138,"column":83}},"45":{"start":{"line":139,"column":16},"end":{"line":139,"column":89}},"46":{"start":{"line":140,"column":16},"end":{"line":140,"column":84}},"47":{"start":{"line":141,"column":16},"end":{"line":141,"column":84}},"48":{"start":{"line":142,"column":16},"end":{"line":142,"column":84}},"49":{"start":{"line":143,"column":16},"end":{"line":143,"column":78}},"50":{"start":{"line":144,"column":16},"end":{"line":144,"column":71}},"51":{"start":{"line":146,"column":16},"end":{"line":146,"column":39}},"52":{"start":{"line":149,"column":20},"end":{"line":149,"column":92}},"53":{"start":{"line":149,"column":48},"end":{"line":149,"column":92}},"54":{"start":{"line":151,"column":16},"end":{"line":159,"column":17}},"55":{"start":{"line":152,"column":37},"end":{"line":152,"column":74}},"56":{"start":{"line":153,"column":20},"end":{"line":158,"column":23}},"57":{"start":{"line":155,"column":24},"end":{"line":155,"column":61}},"58":{"start":{"line":156,"column":24},"end":{"line":156,"column":52}},"59":{"start":{"line":157,"column":24},"end":{"line":157,"column":71}},"60":{"start":{"line":173,"column":18},"end":{"line":173,"column":48}},"61":{"start":{"line":177,"column":16},"end":{"line":177,"column":149}},"62":{"start":{"line":178,"column":16},"end":{"line":178,"column":77}},"63":{"start":{"line":180,"column":16},"end":{"line":180,"column":79}},"64":{"start":{"line":181,"column":16},"end":{"line":185,"column":17}},"65":{"start":{"line":182,"column":20},"end":{"line":182,"column":87}},"66":{"start":{"line":184,"column":20},"end":{"line":184,"column":92}},"67":{"start":{"line":186,"column":16},"end":{"line":186,"column":83}},"68":{"start":{"line":187,"column":16},"end":{"line":187,"column":78}},"69":{"start":{"line":188,"column":16},"end":{"line":188,"column":84}},"70":{"start":{"line":189,"column":16},"end":{"line":189,"column":84}},"71":{"start":{"line":193,"column":20},"end":{"line":193,"column":68}},"72":{"start":{"line":195,"column":20},"end":{"line":195,"column":99}},"73":{"start":{"line":195,"column":37},"end":{"line":195,"column":91}},"74":{"start":{"line":200,"column":20},"end":{"line":200,"column":73}},"75":{"start":{"line":210,"column":18},"end":{"line":210,"column":56}},"76":{"start":{"line":214,"column":16},"end":{"line":219,"column":17}},"77":{"start":{"line":215,"column":20},"end":{"line":215,"column":173}},"78":{"start":{"line":217,"column":20},"end":{"line":217,"column":90}},"79":{"start":{"line":218,"column":20},"end":{"line":218,"column":178}},"80":{"start":{"line":220,"column":16},"end":{"line":220,"column":85}},"81":{"start":{"line":221,"column":16},"end":{"line":221,"column":149}},"82":{"start":{"line":223,"column":16},"end":{"line":223,"column":79}},"83":{"start":{"line":224,"column":16},"end":{"line":224,"column":83}},"84":{"start":{"line":225,"column":16},"end":{"line":225,"column":79}},"85":{"start":{"line":226,"column":16},"end":{"line":226,"column":78}},"86":{"start":{"line":227,"column":16},"end":{"line":227,"column":84}},"87":{"start":{"line":231,"column":16},"end":{"line":246,"column":17}},"88":{"start":{"line":233,"column":39},"end":{"line":233,"column":83}},"89":{"start":{"line":234,"column":36},"end":{"line":234,"column":84}},"90":{"start":{"line":236,"column":20},"end":{"line":240,"column":21}},"91":{"start":{"line":237,"column":24},"end":{"line":237,"column":89}},"92":{"start":{"line":239,"column":24},"end":{"line":239,"column":88}},"93":{"start":{"line":241,"column":20},"end":{"line":245,"column":23}},"94":{"start":{"line":243,"column":24},"end":{"line":243,"column":53}},"95":{"start":{"line":244,"column":24},"end":{"line":244,"column":80}},"96":{"start":{"line":252,"column":16},"end":{"line":254,"column":17}},"97":{"start":{"line":253,"column":20},"end":{"line":253,"column":42}}},"fnMap":{"0":{"name":"(anonymous_0)","decl":{"start":{"line":32,"column":12},"end":{"line":32,"column":13}},"loc":{"start":{"line":32,"column":18},"end":{"line":32,"column":45}},"line":32},"1":{"name":"(anonymous_1)","decl":{"start":{"line":34,"column":12},"end":{"line":34,"column":13}},"loc":{"start":{"line":34,"column":18},"end":{"line":34,"column":113}},"line":34},"2":{"name":"(anonymous_2)","decl":{"start":{"line":36,"column":12},"end":{"line":36,"column":13}},"loc":{"start":{"line":36,"column":18},"end":{"line":53,"column":13}},"line":36},"3":{"name":"(anonymous_3)","decl":{"start":{"line":66,"column":12},"end":{"line":66,"column":13}},"loc":{"start":{"line":66,"column":18},"end":{"line":66,"column":54}},"line":66},"4":{"name":"(anonymous_4)","decl":{"start":{"line":68,"column":12},"end":{"line":68,"column":13}},"loc":{"start":{"line":68,"column":18},"end":{"line":72,"column":13}},"line":68},"5":{"name":"(anonymous_5)","decl":{"start":{"line":76,"column":12},"end":{"line":76,"column":13}},"loc":{"start":{"line":76,"column":18},"end":{"line":76,"column":78}},"line":76},"6":{"name":"(anonymous_6)","decl":{"start":{"line":90,"column":12},"end":{"line":90,"column":13}},"loc":{"start":{"line":90,"column":18},"end":{"line":90,"column":57}},"line":90},"7":{"name":"(anonymous_7)","decl":{"start":{"line":92,"column":12},"end":{"line":92,"column":13}},"loc":{"start":{"line":92,"column":18},"end":{"line":92,"column":72}},"line":92},"8":{"name":"(anonymous_8)","decl":{"start":{"line":94,"column":12},"end":{"line":94,"column":13}},"loc":{"start":{"line":94,"column":18},"end":{"line":94,"column":71}},"line":94},"9":{"name":"(anonymous_9)","decl":{"start":{"line":96,"column":12},"end":{"line":96,"column":13}},"loc":{"start":{"line":96,"column":18},"end":{"line":96,"column":85}},"line":96},"10":{"name":"(anonymous_10)","decl":{"start":{"line":97,"column":12},"end":{"line":97,"column":13}},"loc":{"start":{"line":97,"column":18},"end":{"line":97,"column":84}},"line":97},"11":{"name":"(anonymous_11)","decl":{"start":{"line":99,"column":12},"end":{"line":99,"column":13}},"loc":{"start":{"line":99,"column":18},"end":{"line":113,"column":13}},"line":99},"12":{"name":"(anonymous_12)","decl":{"start":{"line":117,"column":12},"end":{"line":117,"column":13}},"loc":{"start":{"line":117,"column":18},"end":{"line":117,"column":72}},"line":117},"13":{"name":"(anonymous_13)","decl":{"start":{"line":128,"column":12},"end":{"line":128,"column":13}},"loc":{"start":{"line":128,"column":18},"end":{"line":128,"column":57}},"line":128},"14":{"name":"(anonymous_14)","decl":{"start":{"line":130,"column":12},"end":{"line":130,"column":13}},"loc":{"start":{"line":130,"column":18},"end":{"line":147,"column":13}},"line":130},"15":{"name":"(anonymous_15)","decl":{"start":{"line":149,"column":12},"end":{"line":149,"column":13}},"loc":{"start":{"line":149,"column":18},"end":{"line":149,"column":94}},"line":149},"16":{"name":"(anonymous_16)","decl":{"start":{"line":150,"column":12},"end":{"line":150,"column":13}},"loc":{"start":{"line":150,"column":18},"end":{"line":160,"column":13}},"line":150},"17":{"name":"(anonymous_17)","decl":{"start":{"line":153,"column":91},"end":{"line":153,"column":92}},"loc":{"start":{"line":153,"column":97},"end":{"line":158,"column":21}},"line":153},"18":{"name":"(anonymous_18)","decl":{"start":{"line":173,"column":12},"end":{"line":173,"column":13}},"loc":{"start":{"line":173,"column":18},"end":{"line":173,"column":48}},"line":173},"19":{"name":"(anonymous_19)","decl":{"start":{"line":175,"column":12},"end":{"line":175,"column":13}},"loc":{"start":{"line":175,"column":18},"end":{"line":191,"column":13}},"line":175},"20":{"name":"(anonymous_20)","decl":{"start":{"line":193,"column":12},"end":{"line":193,"column":13}},"loc":{"start":{"line":193,"column":18},"end":{"line":193,"column":70}},"line":193},"21":{"name":"(anonymous_21)","decl":{"start":{"line":195,"column":12},"end":{"line":195,"column":13}},"loc":{"start":{"line":195,"column":18},"end":{"line":195,"column":101}},"line":195},"22":{"name":"(anonymous_22)","decl":{"start":{"line":195,"column":31},"end":{"line":195,"column":32}},"loc":{"start":{"line":195,"column":37},"end":{"line":195,"column":91}},"line":195},"23":{"name":"(anonymous_23)","decl":{"start":{"line":200,"column":12},"end":{"line":200,"column":13}},"loc":{"start":{"line":200,"column":18},"end":{"line":200,"column":75}},"line":200},"24":{"name":"(anonymous_24)","decl":{"start":{"line":210,"column":12},"end":{"line":210,"column":13}},"loc":{"start":{"line":210,"column":18},"end":{"line":210,"column":56}},"line":210},"25":{"name":"(anonymous_25)","decl":{"start":{"line":212,"column":12},"end":{"line":212,"column":13}},"loc":{"start":{"line":212,"column":18},"end":{"line":228,"column":13}},"line":212},"26":{"name":"(anonymous_26)","decl":{"start":{"line":230,"column":12},"end":{"line":230,"column":13}},"loc":{"start":{"line":230,"column":18},"end":{"line":247,"column":13}},"line":230},"27":{"name":"(anonymous_27)","decl":{"start":{"line":241,"column":90},"end":{"line":241,"column":91}},"loc":{"start":{"line":241,"column":96},"end":{"line":245,"column":21}},"line":241},"28":{"name":"(anonymous_28)","decl":{"start":{"line":251,"column":12},"end":{"line":251,"column":13}},"loc":{"start":{"line":251,"column":18},"end":{"line":255,"column":13}},"line":251}},"branchMap":{"0":{"loc":{"start":{"line":100,"column":16},"end":{"line":112,"column":17}},"type":"if","locations":[{"start":{"line":100,"column":16},"end":{"line":112,"column":17}},{"start":{"line":100,"column":16},"end":{"line":112,"column":17}}],"line":100},"1":{"loc":{"start":{"line":108,"column":85},"end":{"line":108,"column":152}},"type":"cond-expr","locations":[{"start":{"line":108,"column":134},"end":{"line":108,"column":143}},{"start":{"line":108,"column":146},"end":{"line":108,"column":152}}],"line":108},"2":{"loc":{"start":{"line":132,"column":81},"end":{"line":132,"column":148}},"type":"cond-expr","locations":[{"start":{"line":132,"column":130},"end":{"line":132,"column":139}},{"start":{"line":132,"column":142},"end":{"line":132,"column":148}}],"line":132},"3":{"loc":{"start":{"line":149,"column":20},"end":{"line":149,"column":92}},"type":"if","locations":[{"start":{"line":149,"column":20},"end":{"line":149,"column":92}},{"start":{"line":149,"column":20},"end":{"line":149,"column":92}}],"line":149},"4":{"loc":{"start":{"line":151,"column":16},"end":{"line":159,"column":17}},"type":"if","locations":[{"start":{"line":151,"column":16},"end":{"line":159,"column":17}},{"start":{"line":151,"column":16},"end":{"line":159,"column":17}}],"line":151},"5":{"loc":{"start":{"line":177,"column":81},"end":{"line":177,"column":148}},"type":"cond-expr","locations":[{"start":{"line":177,"column":130},"end":{"line":177,"column":139}},{"start":{"line":177,"column":142},"end":{"line":177,"column":148}}],"line":177},"6":{"loc":{"start":{"line":181,"column":16},"end":{"line":185,"column":17}},"type":"if","locations":[{"start":{"line":181,"column":16},"end":{"line":185,"column":17}},{"start":{"line":181,"column":16},"end":{"line":185,"column":17}}],"line":181},"7":{"loc":{"start":{"line":214,"column":16},"end":{"line":219,"column":17}},"type":"if","locations":[{"start":{"line":214,"column":16},"end":{"line":219,"column":17}},{"start":{"line":214,"column":16},"end":{"line":219,"column":17}}],"line":214},"8":{"loc":{"start":{"line":215,"column":80},"end":{"line":215,"column":172}},"type":"cond-expr","locations":[{"start":{"line":215,"column":154},"end":{"line":215,"column":160}},{"start":{"line":215,"column":163},"end":{"line":215,"column":172}}],"line":215},"9":{"loc":{"start":{"line":218,"column":83},"end":{"line":218,"column":177}},"type":"cond-expr","locations":[{"start":{"line":218,"column":157},"end":{"line":218,"column":165}},{"start":{"line":218,"column":168},"end":{"line":218,"column":177}}],"line":218},"10":{"loc":{"start":{"line":221,"column":81},"end":{"line":221,"column":148}},"type":"cond-expr","locations":[{"start":{"line":221,"column":130},"end":{"line":221,"column":139}},{"start":{"line":221,"column":142},"end":{"line":221,"column":148}}],"line":221},"11":{"loc":{"start":{"line":231,"column":16},"end":{"line":246,"column":17}},"type":"if","locations":[{"start":{"line":231,"column":16},"end":{"line":246,"column":17}},{"start":{"line":231,"column":16},"end":{"line":246,"column":17}}],"line":231},"12":{"loc":{"start":{"line":236,"column":20},"end":{"line":240,"column":21}},"type":"if","locations":[{"start":{"line":236,"column":20},"end":{"line":240,"column":21}},{"start":{"line":236,"column":20},"end":{"line":240,"column":21}}],"line":236},"13":{"loc":{"start":{"line":252,"column":16},"end":{"line":254,"column":17}},"type":"if","locations":[{"start":{"line":252,"column":16},"end":{"line":254,"column":17}},{"start":{"line":252,"column":16},"end":{"line":254,"column":17}}],"line":252}},"s":{"0":140,"1":160,"2":160,"3":152,"4":152,"5":152,"6":152,"7":152,"8":152,"9":152,"10":152,"11":152,"12":152,"13":152,"14":152,"15":152,"16":29,"17":29,"18":29,"19":29,"20":5,"21":38,"22":38,"23":38,"24":38,"25":38,"26":38,"27":34,"28":34,"29":34,"30":34,"31":34,"32":4,"33":4,"34":4,"35":4,"36":4,"37":8,"38":28,"39":28,"40":28,"41":28,"42":28,"43":28,"44":28,"45":28,"46":28,"47":28,"48":28,"49":28,"50":28,"51":28,"52":28,"53":3,"54":25,"55":25,"56":25,"57":18,"58":18,"59":18,"60":18,"61":18,"62":18,"63":18,"64":18,"65":13,"66":5,"67":18,"68":18,"69":18,"70":18,"71":18,"72":18,"73":18,"74":18,"75":18,"76":18,"77":13,"78":5,"79":5,"80":18,"81":18,"82":18,"83":18,"84":18,"85":18,"86":18,"87":18,"88":18,"89":18,"90":18,"91":15,"92":3,"93":18,"94":9,"95":9,"96":13,"97":6},"f":{"0":160,"1":160,"2":152,"3":29,"4":29,"5":5,"6":38,"7":38,"8":38,"9":38,"10":38,"11":38,"12":8,"13":28,"14":28,"15":28,"16":25,"17":18,"18":18,"19":18,"20":18,"21":18,"22":18,"23":18,"24":18,"25":18,"26":18,"27":9,"28":13},"b":{"0":[34,4],"1":[2,2],"2":[22,6],"3":[3,25],"4":[25,0],"5":[13,5],"6":[13,5],"7":[13,5],"8":[2,11],"9":[1,4],"10":[13,5],"11":[18,0],"12":[15,3],"13":[6,7]},"_coverageSchema":"1a1c01bbd47fc00a2c39e90264f33305004495a9","hash":"a7b0ac89c8f571af46e17929cc1baf751861d715"}}