TN:
SF:frontend/js/timer.js
FN:89,(anonymous_0)
FN:91,(anonymous_1)
FN:95,(anonymous_2)
FN:102,(anonymous_3)
FN:112,(anonymous_4)
FN:124,(anonymous_5)
FN:132,(anonymous_6)
FN:145,(anonymous_7)
FN:156,(anonymous_8)
FN:172,request_user_data_and_start
FN:178,(anonymous_10)
FN:184,state_entry
FN:195,(anonymous_12)
FN:196,(anonymous_13)
FN:198,(anonymous_14)
FN:199,(anonymous_15)
FN:201,(anonymous_16)
FN:202,(anonymous_17)
FN:204,(anonymous_18)
FN:205,(anonymous_19)
FN:207,(anonymous_20)
FN:208,(anonymous_21)
FN:210,(anonymous_22)
FN:211,(anonymous_23)
FN:214,(anonymous_24)
FN:225,(anonymous_25)
FNF:26
FNH:26
FNDA:6,(anonymous_0)
FNDA:4,(anonymous_1)
FNDA:2,(anonymous_2)
FNDA:5,(anonymous_3)
FNDA:19,(anonymous_4)
FNDA:4,(anonymous_5)
FNDA:223,(anonymous_6)
FNDA:2,(anonymous_7)
FNDA:2,(anonymous_8)
FNDA:13,request_user_data_and_start
FNDA:13,(anonymous_10)
FNDA:128,state_entry
FNDA:128,(anonymous_12)
FNDA:128,(anonymous_13)
FNDA:128,(anonymous_14)
FNDA:128,(anonymous_15)
FNDA:128,(anonymous_16)
FNDA:128,(anonymous_17)
FNDA:128,(anonymous_18)
FNDA:128,(anonymous_19)
FNDA:128,(anonymous_20)
FNDA:128,(anonymous_21)
FNDA:128,(anonymous_22)
FNDA:128,(anonymous_23)
FNDA:128,(anonymous_24)
FNDA:13,(anonymous_25)
DA:15,128
DA:16,128
DA:17,128
DA:20,128
DA:21,128
DA:22,128
DA:23,128
DA:24,128
DA:25,128
DA:26,128
DA:27,128
DA:28,128
DA:29,128
DA:32,128
DA:33,128
DA:34,128
DA:35,128
DA:36,128
DA:37,128
DA:41,128
DA:42,128
DA:45,128
DA:46,128
DA:47,128
DA:48,128
DA:49,128
DA:50,128
DA:51,128
DA:52,128
DA:53,128
DA:54,128
DA:55,128
DA:56,128
DA:57,128
DA:58,128
DA:59,128
DA:60,128
DA:89,128
DA:90,6
DA:92,4
DA:93,4
DA:102,128
DA:103,5
DA:104,5
DA:105,5
DA:106,5
DA:112,128
DA:113,19
DA:114,1
DA:116,19
DA:117,19
DA:118,19
DA:124,128
DA:125,4
DA:126,4
DA:132,128
DA:133,223
DA:145,128
DA:146,2
DA:147,2
DA:148,2
DA:149,2
DA:150,2
DA:156,128
DA:157,2
DA:158,2
DA:159,2
DA:160,2
DA:164,128
DA:165,128
DA:166,128
DA:175,13
DA:180,13
DA:185,128
DA:193,128
DA:195,128
DA:196,128
DA:198,128
DA:199,128
DA:201,128
DA:202,128
DA:204,128
DA:205,128
DA:207,128
DA:208,128
DA:210,128
DA:211,128
DA:214,128
DA:216,128
DA:217,115
DA:219,115
DA:220,105
DA:222,115
DA:223,115
DA:225,13
DA:227,13
LF:96
LH:96
BRDA:113,0,0,1
BRDA:113,0,1,18
BRDA:134,1,0,36
BRDA:134,1,1,187
BRDA:216,2,0,115
BRDA:216,2,1,13
BRDA:219,3,0,105
BRDA:219,3,1,10
BRF:8
BRH:8
end_of_record
TN:
SF:frontend/js/utils.js
FN:10,postData
FN:24,(anonymous_1)
FN:31,create_uid
FNF:3
FNH:3
FNDA:111,postData
FNDA:108,(anonymous_1)
FNDA:14,create_uid
DA:11,111
DA:24,108
DA:32,14
DA:33,12
LF:4
LH:4
BRDA:32,0,0,2
BRDA:32,0,1,12
BRF:2
BRH:2
end_of_record
TN:
SF:frontend/js/components/control-button.js
FN:6,define_control_button
FN:12,(anonymous_1)
FNF:2
FNH:2
FNDA:129,define_control_button
FNDA:4223,(anonymous_1)
DA:13,4223
DA:14,4223
DA:17,4223
DA:20,4223
DA:23,129
DA:24,129
LF:6
LH:6
BRF:0
BRH:0
end_of_record
TN:
SF:frontend/js/components/modal.js
FN:6,define_modal
FN:12,(anonymous_1)
FN:41,(anonymous_2)
FN:52,(anonymous_3)
FN:65,(anonymous_4)
FN:78,(anonymous_5)
FN:92,(anonymous_6)
FNF:7
FNH:7
FNDA:129,define_modal
FNDA:132,(anonymous_1)
FNDA:92,(anonymous_2)
FNDA:9,(anonymous_3)
FNDA:6,(anonymous_4)
FNDA:137,(anonymous_5)
FNDA:16,(anonymous_6)
DA:13,132
DA:14,132
DA:17,132
DA:20,132
DA:21,132
DA:22,132
DA:23,132
DA:24,132
DA:27,132
DA:28,132
DA:29,132
DA:32,132
DA:33,132
DA:34,132
DA:41,132
DA:42,92
DA:43,92
DA:44,92
DA:45,92
DA:52,132
DA:53,9
DA:54,9
DA:55,9
DA:56,9
DA:58,9
DA:65,132
DA:66,6
DA:67,6
DA:68,6
DA:69,6
DA:71,6
DA:78,132
DA:79,137
DA:80,137
DA:81,137
DA:82,137
DA:83,137
DA:92,132
DA:93,16
DA:94,16
DA:95,16
DA:96,16
DA:97,16
DA:99,16
DA:100,16
DA:105,129
DA:106,129
LF:47
LH:47
BRF:0
BRH:0
end_of_record
TN:
SF:frontend/js/components/settings.js
FN:7,define_settings
FN:13,(anonymous_1)
FN:21,_class
FN:31,(anonymous_3)
FN:55,(anonymous_4)
FN:56,(anonymous_5)
FN:68,(anonymous_6)
FN:77,(anonymous_7)
FN:87,(anonymous_8)
FN:109,(anonymous_9)
FN:111,(anonymous_10)
FN:115,(anonymous_11)
FN:125,validate_durations
FN:140,(anonymous_13)
FN:155,(anonymous_14)
FN:170,(anonymous_15)
FN:190,(anonymous_16)
FN:198,(anonymous_17)
FN:199,(anonymous_18)
FN:208,(anonymous_19)
FN:209,(anonymous_20)
FNF:21
FNH:21
FNDA:128,define_settings
FNDA:128,(anonymous_1)
FNDA:406,_class
FNDA:25,(anonymous_3)
FNDA:128,(anonymous_4)
FNDA:127,(anonymous_5)
FNDA:2,(anonymous_6)
FNDA:2,(anonymous_7)
FNDA:7,(anonymous_8)
FNDA:3,(anonymous_9)
FNDA:2,(anonymous_10)
FNDA:1,(anonymous_11)
FNDA:12,validate_durations
FNDA:4,(anonymous_13)
FNDA:4,(anonymous_14)
FNDA:4,(anonymous_15)
FNDA:77,(anonymous_16)
FNDA:77,(anonymous_17)
FNDA:138,(anonymous_18)
FNDA:2,(anonymous_19)
FNDA:2,(anonymous_20)
DA:14,128
DA:15,128
DA:18,128
DA:20,128
DA:22,406
DA:25,128
DA:27,128
DA:30,128
DA:31,512
DA:33,25
DA:34,25
DA:36,25
DA:38,25
DA:39,25
DA:41,25
DA:42,3
DA:45,22
DA:48,25
DA:53,128
DA:54,128
DA:55,128
DA:57,127
DA:63,128
DA:68,128
DA:69,2
DA:72,128
DA:77,128
DA:78,2
DA:82,128
DA:87,128
DA:88,7
DA:89,7
DA:96,128
DA:102,128
DA:108,128
DA:109,128
DA:110,3
DA:112,2
DA:113,2
DA:126,12
DA:128,6
DA:130,6
DA:135,128
DA:140,128
DA:141,4
DA:142,2
DA:144,2
DA:146,4
DA:150,128
DA:155,128
DA:156,4
DA:157,2
DA:159,2
DA:161,4
DA:165,128
DA:170,128
DA:171,4
DA:172,2
DA:174,2
DA:176,4
DA:182,128
DA:183,128
DA:191,77
DA:192,77
DA:193,77
DA:194,77
DA:195,77
DA:196,77
DA:199,138
DA:209,2
DA:210,2
DA:211,2
DA:215,128
DA:216,128
LF:74
LH:74
BRDA:41,0,0,3
BRDA:41,0,1,22
BRDA:126,1,0,6
BRDA:126,1,1,6
BRDA:126,2,0,12
BRDA:126,2,1,8
BRDA:141,3,0,2
BRDA:141,3,1,2
BRDA:156,4,0,2
BRDA:156,4,1,2
BRDA:171,5,0,2
BRDA:171,5,1,2
BRF:12
BRH:12
end_of_record
TN:
SF:frontend/js/components/task-list.js
FN:6,define_task_list
FN:12,(anonymous_1)
FN:36,(anonymous_2)
FN:48,(anonymous_3)
FN:59,(anonymous_4)
FN:63,(anonymous_5)
FN:63,(anonymous_6)
FN:66,(anonymous_7)
FN:66,(anonymous_8)
FN:69,(anonymous_9)
FN:69,(anonymous_10)
FN:76,(anonymous_11)
FN:87,(anonymous_12)
FN:96,(anonymous_13)
FNF:14
FNH:14
FNDA:128,define_task_list
FNDA:128,(anonymous_1)
FNDA:6,(anonymous_2)
FNDA:559,(anonymous_3)
FNDA:260,(anonymous_4)
FNDA:559,(anonymous_5)
FNDA:305,(anonymous_6)
FNDA:559,(anonymous_7)
FNDA:220,(anonymous_8)
FNDA:559,(anonymous_9)
FNDA:34,(anonymous_10)
FNDA:6,(anonymous_11)
FNDA:40,(anonymous_12)
FNDA:36,(anonymous_13)
DA:16,128
DA:18,128
DA:21,128
DA:24,128
DA:25,128
DA:26,128
DA:27,128
DA:29,128
DA:36,128
DA:38,128
DA:39,128
DA:49,559
DA:50,559
DA:51,559
DA:52,559
DA:61,260
DA:63,559
DA:66,559
DA:69,559
DA:77,6
DA:78,6
DA:79,6
DA:80,6
DA:88,40
DA:89,40
DA:97,36
DA:98,36
DA:102,128
DA:103,128
LF:29
LH:29
BRDA:63,0,0,559
BRDA:63,0,1,339
BRDA:69,1,0,559
BRDA:69,1,1,339
BRF:4
BRH:4
end_of_record
TN:
SF:frontend/js/components/task.js
FN:9,define_task
FN:15,(anonymous_1)
FN:39,(anonymous_2)
FN:40,(anonymous_3)
FN:41,(anonymous_4)
FN:42,(anonymous_5)
FN:43,(anonymous_6)
FN:44,(anonymous_7)
FN:67,(anonymous_8)
FN:77,(anonymous_9)
FN:88,(anonymous_10)
FN:107,(anonymous_11)
FN:124,(anonymous_12)
FN:137,(anonymous_13)
FN:145,(anonymous_14)
FN:160,(anonymous_15)
FN:186,(anonymous_16)
FN:187,(anonymous_17)
FN:202,(anonymous_18)
FN:223,(anonymous_19)
FN:226,(anonymous_20)
FN:240,(anonymous_21)
FNF:22
FNH:22
FNDA:128,define_task
FNDA:565,(anonymous_1)
FNDA:2,(anonymous_2)
FNDA:18,(anonymous_3)
FNDA:2,(anonymous_4)
FNDA:2,(anonymous_5)
FNDA:21,(anonymous_6)
FNDA:3,(anonymous_7)
FNDA:561,(anonymous_8)
FNDA:24,(anonymous_9)
FNDA:254,(anonymous_10)
FNDA:559,(anonymous_11)
FNDA:3,(anonymous_12)
FNDA:4,(anonymous_13)
FNDA:3,(anonymous_14)
FNDA:2,(anonymous_15)
FNDA:11,(anonymous_16)
FNDA:15,(anonymous_17)
FNDA:21,(anonymous_18)
FNDA:2,(anonymous_19)
FNDA:2,(anonymous_20)
FNDA:21,(anonymous_21)
DA:16,565
DA:17,565
DA:18,565
DA:21,565
DA:22,565
DA:23,565
DA:24,565
DA:25,565
DA:26,565
DA:27,565
DA:28,565
DA:30,565
DA:31,565
DA:32,565
DA:33,565
DA:35,565
DA:36,565
DA:39,565
DA:40,565
DA:41,565
DA:42,565
DA:43,565
DA:44,565
DA:47,565
DA:50,565
DA:51,565
DA:52,565
DA:53,565
DA:54,565
DA:55,565
DA:56,565
DA:57,565
DA:58,565
DA:68,561
DA:69,561
DA:70,561
DA:78,24
DA:79,24
DA:80,24
DA:81,24
DA:89,254
DA:90,254
DA:91,254
DA:92,254
DA:93,254
DA:94,254
DA:95,254
DA:96,254
DA:97,2
DA:108,559
DA:109,559
DA:110,559
DA:111,559
DA:112,559
DA:113,559
DA:114,559
DA:115,254
DA:125,3
DA:127,2
DA:129,3
DA:138,4
DA:146,3
DA:147,2
DA:149,1
DA:161,2
DA:162,2
DA:163,2
DA:164,2
DA:165,6
DA:166,6
DA:167,6
DA:173,6
DA:174,6
DA:177,2
DA:178,2
DA:187,11
DA:188,15
DA:190,9
DA:193,6
DA:203,21
DA:205,21
DA:206,10
DA:209,11
DA:211,11
DA:218,11
DA:219,11
DA:221,11
DA:222,4
DA:224,2
DA:227,2
DA:230,7
DA:241,21
DA:242,2
DA:243,2
DA:245,19
DA:246,2
DA:247,2
DA:249,17
DA:250,2
DA:251,2
DA:253,15
DA:254,2
DA:255,2
DA:257,13
DA:258,2
DA:259,2
DA:261,11
DA:264,128
DA:265,128
LF:109
LH:109
BRDA:96,0,0,2
BRDA:96,0,1,252
BRDA:111,1,0,403
BRDA:111,1,1,156
BRDA:114,2,0,254
BRDA:114,2,1,305
BRDA:114,3,0,559
BRDA:114,3,1,559
BRDA:114,3,2,339
BRDA:125,4,0,2
BRDA:125,4,1,1
BRDA:146,5,0,2
BRDA:146,5,1,1
BRDA:188,6,0,9
BRDA:188,6,1,6
BRDA:205,7,0,10
BRDA:205,7,1,11
BRDA:211,8,0,5
BRDA:211,8,1,6
BRDA:221,9,0,4
BRDA:221,9,1,7
BRDA:241,10,0,2
BRDA:241,10,1,19
BRDA:245,11,0,2
BRDA:245,11,1,17
BRDA:249,12,0,2
BRDA:249,12,1,15
BRDA:253,13,0,2
BRDA:253,13,1,13
BRDA:257,14,0,2
BRDA:257,14,1,11
BRF:31
BRH:31
end_of_record
TN:
SF:frontend/js/components/timer-display.js
FN:6,define_timer_display
FN:12,(anonymous_1)
FN:39,(anonymous_2)
FN:42,(anonymous_3)
FN:43,(anonymous_4)
FN:75,(anonymous_5)
FN:113,(anonymous_6)
FN:130,(anonymous_7)
FN:138,(anonymous_8)
FN:148,(anonymous_9)
FNF:10
FNH:10
FNDA:129,define_timer_display
FNDA:139,(anonymous_1)
FNDA:51,(anonymous_2)
FNDA:833,(anonymous_3)
FNDA:35,(anonymous_4)
FNDA:835,(anonymous_5)
FNDA:188,(anonymous_6)
FNDA:46,(anonymous_7)
FNDA:20,(anonymous_8)
FNDA:19,(anonymous_9)
DA:13,139
DA:14,139
DA:17,139
DA:19,139
DA:20,139
DA:23,139
DA:24,139
DA:25,139
DA:26,139
DA:27,139
DA:28,139
DA:40,51
DA:42,833
DA:44,35
DA:50,51
DA:51,51
DA:53,51
DA:54,50
DA:56,51
DA:57,47
DA:59,51
DA:62,51
DA:65,51
DA:77,835
DA:80,834
DA:81,35
DA:82,35
DA:83,35
DA:84,35
DA:89,799
DA:90,799
DA:92,799
DA:93,773
DA:95,799
DA:96,228
DA:98,799
DA:101,799
DA:104,799
DA:117,188
DA:118,39
DA:119,39
DA:122,188
DA:131,46
DA:139,20
DA:140,20
DA:141,20
DA:149,19
DA:152,129
DA:153,129
LF:49
LH:49
BRDA:53,0,0,50
BRDA:53,0,1,1
BRDA:56,1,0,47
BRDA:56,1,1,4
BRDA:77,2,0,1
BRDA:77,2,1,834
BRDA:80,3,0,35
BRDA:80,3,1,799
BRDA:92,4,0,773
BRDA:92,4,1,26
BRDA:95,5,0,228
BRDA:95,5,1,571
BRDA:113,6,0,40
BRDA:117,7,0,39
BRDA:117,7,1,149
BRF:15
BRH:15
end_of_record
TN:
SF:frontend/js/persistence/data.js
FN:15,create_task
FN:16,(anonymous_1)
FN:30,delete_task
FN:31,(anonymous_3)
FN:42,read_task
FN:43,(anonymous_5)
FN:51,update_task
FN:52,(anonymous_7)
FN:67,update_settings
FN:79,upload_userdata
FN:86,(anonymous_10)
FN:98,delete_user_data
FN:116,move_task
FN:117,(anonymous_13)
FN:138,advance_break_cycle
FN:153,advance_task
FN:168,update_state
FN:181,current_task
FN:190,statelet
FN:200,is_finished
FN:210,is_running
FN:222,is_pending
FN:231,next_task_id
FN:232,(anonymous_23)
FN:241,active_userstate
FN:251,analysis
FN:253,(anonymous_26)
FN:254,(anonymous_27)
FN:256,(anonymous_28)
FN:257,(anonymous_29)
FN:259,(anonymous_30)
FN:260,(anonymous_31)
FNF:32
FNH:32
FNDA:16,create_task
FNDA:32,(anonymous_1)
FNDA:8,delete_task
FNDA:20,(anonymous_3)
FNDA:5422,read_task
FNDA:13626,(anonymous_5)
FNDA:47,update_task
FNDA:79,(anonymous_7)
FNDA:48,update_settings
FNDA:411,upload_userdata
FNDA:18,(anonymous_10)
FNDA:4,delete_user_data
FNDA:6,move_task
FNDA:16,(anonymous_13)
FNDA:17,advance_break_cycle
FNDA:9,advance_task
FNDA:283,update_state
FNDA:5387,current_task
FNDA:554,statelet
FNDA:1046,is_finished
FNDA:2274,is_running
FNDA:32,is_pending
FNDA:13,next_task_id
FNDA:28,(anonymous_23)
FNDA:7233,active_userstate
FNDA:77,analysis
FNDA:208,(anonymous_26)
FNDA:208,(anonymous_27)
FNDA:208,(anonymous_28)
FNDA:208,(anonymous_29)
FNDA:208,(anonymous_30)
FNDA:208,(anonymous_31)
DA:16,32
DA:17,16
DA:20,16
DA:23,16
DA:31,20
DA:34,8
DA:43,13626
DA:44,5422
DA:52,79
DA:53,47
DA:56,47
DA:57,47
DA:60,47
DA:69,48
DA:72,48
DA:80,411
DA:81,411
DA:82,19
DA:87,18
DA:91,392
DA:99,4
DA:100,2
DA:105,2
DA:117,16
DA:118,6
DA:120,6
DA:121,6
DA:124,6
DA:126,6
DA:127,6
DA:128,6
DA:130,6
DA:131,6
DA:140,17
DA:141,17
DA:142,17
DA:143,17
DA:144,13
DA:145,13
DA:154,9
DA:155,9
DA:156,6
DA:158,9
DA:161,9
DA:169,283
DA:172,283
DA:182,5387
DA:191,554
DA:201,1046
DA:211,2274
DA:212,2188
DA:213,2186
DA:223,32
DA:232,28
DA:233,13
DA:242,7233
DA:252,77
DA:253,208
DA:254,208
DA:255,77
DA:256,208
DA:257,208
DA:258,77
DA:259,208
DA:260,208
DA:261,77
DA:262,77
DA:263,77
DA:264,77
DA:265,77
LF:70
LH:70
BRDA:15,0,0,14
BRDA:17,1,0,2
BRDA:17,1,1,14
BRDA:44,2,0,5284
BRDA:44,2,1,138
BRDA:81,3,0,19
BRDA:81,3,1,392
BRDA:99,4,0,2
BRDA:99,4,1,2
BRDA:122,5,0,6
BRDA:122,5,1,4
BRDA:122,5,2,4
BRDA:143,6,0,13
BRDA:143,6,1,4
BRDA:145,7,0,8
BRDA:145,7,1,5
BRDA:155,8,0,6
BRDA:155,8,1,3
BRDA:211,9,0,86
BRDA:211,9,1,2188
BRDA:212,10,0,2
BRDA:212,10,1,2186
BRDA:223,11,0,32
BRDA:223,11,1,20
BRDA:233,12,0,5
BRDA:233,12,1,8
BRF:26
BRH:26
end_of_record
TN:
SF:frontend/js/state_machines/state_machine.js
FN:19,transition
FN:30,(anonymous_1)
FN:40,(anonymous_2)
FN:49,rev_transition
FN:57,force_state
FN:59,(anonymous_5)
FNF:6
FNH:6
FNDA:155,transition
FNDA:31,(anonymous_1)
FNDA:596,(anonymous_2)
FNDA:6,rev_transition
FNDA:128,force_state
FNDA:384,(anonymous_5)
DA:20,155
DA:23,155
DA:24,2
DA:25,2
DA:29,153
DA:30,153
DA:34,153
DA:35,153
DA:36,153
DA:37,153
DA:40,596
DA:42,153
DA:50,6
DA:58,128
DA:59,384
DA:60,128
DA:61,128
LF:17
LH:17
BRDA:23,0,0,2
BRDA:23,0,1,153
BRDA:29,1,0,153
BRDA:29,1,1,0
BRDA:30,2,0,31
BRDA:30,2,1,31
BRDA:40,3,0,596
BRDA:40,3,1,593
BRF:8
BRH:7
end_of_record
TN:
SF:frontend/js/state_machines/timer_state_machine.js
FN:32,(anonymous_0)
FN:34,(anonymous_1)
FN:36,(anonymous_2)
FN:68,(anonymous_3)
FN:70,(anonymous_4)
FN:78,(anonymous_5)
FN:92,(anonymous_6)
FN:94,(anonymous_7)
FN:96,(anonymous_8)
FN:98,(anonymous_9)
FN:99,(anonymous_10)
FN:101,(anonymous_11)
FN:119,(anonymous_12)
FN:130,(anonymous_13)
FN:132,(anonymous_14)
FN:151,(anonymous_15)
FN:152,(anonymous_16)
FN:155,(anonymous_17)
FN:175,(anonymous_18)
FN:177,(anonymous_19)
FN:195,(anonymous_20)
FN:197,(anonymous_21)
FN:197,(anonymous_22)
FN:202,(anonymous_23)
FN:212,(anonymous_24)
FN:214,(anonymous_25)
FN:232,(anonymous_26)
FN:243,(anonymous_27)
FNF:28
FNH:28
FNDA:148,(anonymous_0)
FNDA:148,(anonymous_1)
FNDA:148,(anonymous_2)
FNDA:29,(anonymous_3)
FNDA:29,(anonymous_4)
FNDA:5,(anonymous_5)
FNDA:40,(anonymous_6)
FNDA:40,(anonymous_7)
FNDA:40,(anonymous_8)
FNDA:40,(anonymous_9)
FNDA:40,(anonymous_10)
FNDA:40,(anonymous_11)
FNDA:8,(anonymous_12)
FNDA:28,(anonymous_13)
FNDA:28,(anonymous_14)
FNDA:28,(anonymous_15)
FNDA:25,(anonymous_16)
FNDA:18,(anonymous_17)
FNDA:18,(anonymous_18)
FNDA:18,(anonymous_19)
FNDA:18,(anonymous_20)
FNDA:18,(anonymous_21)
FNDA:18,(anonymous_22)
FNDA:18,(anonymous_23)
FNDA:18,(anonymous_24)
FNDA:18,(anonymous_25)
FNDA:18,(anonymous_26)
FNDA:9,(anonymous_27)
DA:22,128
DA:32,148
DA:34,148
DA:38,148
DA:40,148
DA:41,148
DA:42,148
DA:43,148
DA:44,148
DA:45,148
DA:46,148
DA:48,148
DA:49,148
DA:50,148
DA:51,148
DA:53,148
DA:54,148
DA:68,29
DA:71,29
DA:72,29
DA:73,29
DA:78,5
DA:92,40
DA:94,40
DA:96,40
DA:98,40
DA:99,40
DA:102,40
DA:103,36
DA:104,36
DA:105,36
DA:106,36
DA:107,36
DA:109,4
DA:110,4
DA:111,4
DA:112,4
DA:113,4
DA:119,8
DA:130,28
DA:134,28
DA:135,28
DA:136,28
DA:137,28
DA:139,28
DA:140,28
DA:141,28
DA:142,28
DA:143,28
DA:144,28
DA:145,28
DA:146,28
DA:148,28
DA:151,28
DA:153,25
DA:154,25
DA:155,25
DA:157,18
DA:158,18
DA:159,18
DA:175,18
DA:179,18
DA:180,18
DA:182,18
DA:183,18
DA:184,13
DA:186,5
DA:188,18
DA:189,18
DA:190,18
DA:191,18
DA:195,18
DA:197,18
DA:202,18
DA:212,18
DA:216,18
DA:217,13
DA:219,5
DA:220,5
DA:222,18
DA:223,18
DA:225,18
DA:226,18
DA:227,18
DA:228,18
DA:229,18
DA:233,18
DA:235,18
DA:236,18
DA:238,18
DA:239,15
DA:241,3
DA:243,18
DA:245,9
DA:247,9
DA:248,6
DA:250,9
LF:97
LH:97
BRDA:102,0,0,36
BRDA:102,0,1,4
BRDA:110,1,0,2
BRDA:110,1,1,2
BRDA:134,2,0,22
BRDA:134,2,1,6
BRDA:151,3,0,3
BRDA:151,3,1,25
BRDA:153,4,0,25
BRDA:153,4,1,0
BRDA:179,5,0,13
BRDA:179,5,1,5
BRDA:183,6,0,13
BRDA:183,6,1,5
BRDA:216,7,0,13
BRDA:216,7,1,5
BRDA:217,8,0,2
BRDA:217,8,1,11
BRDA:220,9,0,1
BRDA:220,9,1,4
BRDA:223,10,0,13
BRDA:223,10,1,5
BRDA:233,11,0,18
BRDA:233,11,1,0
BRDA:238,12,0,15
BRDA:238,12,1,3
BRDA:247,13,0,6
BRDA:247,13,1,3
BRF:28
BRH:26
end_of_record
