TN:
SF:frontend/js/timer.js
FN:89,(anonymous_0)
FN:91,(anonymous_1)
FN:95,(anonymous_2)
FN:102,(anonymous_3)
FN:112,(anonymous_4)
FN:126,(anonymous_5)
FN:134,(anonymous_6)
FN:147,(anonymous_7)
FN:158,(anonymous_8)
FN:174,request_user_data_and_start
FN:180,(anonymous_10)
FN:189,(anonymous_11)
FN:190,(anonymous_12)
FN:192,(anonymous_13)
FN:193,(anonymous_14)
FN:195,(anonymous_15)
FN:196,(anonymous_16)
FN:198,(anonymous_17)
FN:199,(anonymous_18)
FN:201,(anonymous_19)
FN:202,(anonymous_20)
FN:204,(anonymous_21)
FN:205,(anonymous_22)
FN:206,(anonymous_23)
FN:217,(anonymous_24)
FNF:25
FNH:25
FNDA:6,(anonymous_0)
FNDA:4,(anonymous_1)
FNDA:2,(anonymous_2)
FNDA:5,(anonymous_3)
FNDA:19,(anonymous_4)
FNDA:4,(anonymous_5)
FNDA:202,(anonymous_6)
FNDA:2,(anonymous_7)
FNDA:2,(anonymous_8)
FNDA:18,request_user_data_and_start
FNDA:17,(anonymous_10)
FNDA:147,(anonymous_11)
FNDA:147,(anonymous_12)
FNDA:147,(anonymous_13)
FNDA:147,(anonymous_14)
FNDA:147,(anonymous_15)
FNDA:147,(anonymous_16)
FNDA:147,(anonymous_17)
FNDA:147,(anonymous_18)
FNDA:147,(anonymous_19)
FNDA:147,(anonymous_20)
FNDA:147,(anonymous_21)
FNDA:147,(anonymous_22)
FNDA:147,(anonymous_23)
FNDA:17,(anonymous_24)
DA:15,147
DA:16,147
DA:17,147
DA:20,147
DA:21,147
DA:22,147
DA:23,147
DA:24,147
DA:25,147
DA:26,147
DA:27,147
DA:28,147
DA:29,147
DA:32,147
DA:33,147
DA:34,147
DA:35,147
DA:36,147
DA:37,147
DA:41,147
DA:42,147
DA:45,147
DA:46,147
DA:47,147
DA:48,147
DA:49,147
DA:50,147
DA:51,147
DA:52,147
DA:53,147
DA:54,147
DA:55,147
DA:56,147
DA:57,147
DA:58,147
DA:59,147
DA:60,147
DA:89,147
DA:90,6
DA:92,4
DA:93,4
DA:102,147
DA:103,5
DA:104,5
DA:105,5
DA:106,5
DA:112,147
DA:113,19
DA:114,1
DA:117,18
DA:119,19
DA:120,19
DA:126,147
DA:127,4
DA:128,4
DA:134,147
DA:135,202
DA:147,147
DA:148,2
DA:149,2
DA:150,2
DA:151,2
DA:152,2
DA:158,147
DA:159,2
DA:160,2
DA:161,2
DA:162,2
DA:166,147
DA:167,147
DA:168,147
DA:177,18
DA:182,17
DA:188,147
DA:189,147
DA:190,147
DA:192,147
DA:193,147
DA:195,147
DA:196,147
DA:198,147
DA:199,147
DA:201,147
DA:202,147
DA:204,147
DA:205,147
DA:208,147
DA:209,129
DA:211,129
DA:212,119
DA:214,129
DA:215,109
DA:217,18
DA:219,17
LF:94
LH:94
BRDA:113,0,0,1
BRDA:113,0,1,18
BRDA:136,1,0,37
BRDA:136,1,1,165
BRDA:208,2,0,129
BRDA:208,2,1,18
BRDA:211,3,0,119
BRDA:211,3,1,10
BRF:8
BRH:8
end_of_record
TN:
SF:frontend/js/utils.js
FN:10,postData
FN:24,(anonymous_1)
FN:31,create_uid
FNF:3
FNH:3
FNDA:118,postData
FNDA:115,(anonymous_1)
FNDA:7,create_uid
DA:11,118
DA:24,115
DA:32,7
DA:33,7
LF:4
LH:4
BRDA:32,0,0,0
BRDA:32,0,1,7
BRF:2
BRH:1
end_of_record
TN:
SF:frontend/js/components/control-button.js
FN:6,define_control_button
FN:12,(anonymous_1)
FNF:2
FNH:2
FNDA:147,define_control_button
FNDA:4340,(anonymous_1)
DA:13,4340
DA:14,4340
DA:17,4340
DA:20,4340
DA:23,147
DA:24,147
LF:6
LH:6
BRF:0
BRH:0
end_of_record
TN:
SF:frontend/js/components/modal.js
FN:6,define_modal
FN:12,(anonymous_1)
FN:41,(anonymous_2)
FN:52,(anonymous_3)
FN:65,(anonymous_4)
FN:78,(anonymous_5)
FN:92,(anonymous_6)
FNF:7
FNH:7
FNDA:147,define_modal
FNDA:147,(anonymous_1)
FNDA:99,(anonymous_2)
FNDA:8,(anonymous_3)
FNDA:5,(anonymous_4)
FNDA:130,(anonymous_5)
FNDA:13,(anonymous_6)
DA:13,147
DA:14,147
DA:17,147
DA:20,147
DA:21,147
DA:22,147
DA:23,147
DA:24,147
DA:27,147
DA:28,147
DA:29,147
DA:32,147
DA:33,147
DA:34,147
DA:41,147
DA:42,99
DA:43,99
DA:44,99
DA:45,99
DA:52,147
DA:53,8
DA:54,8
DA:55,8
DA:56,8
DA:58,8
DA:65,147
DA:66,5
DA:67,5
DA:68,5
DA:69,5
DA:71,5
DA:78,147
DA:79,130
DA:80,130
DA:81,130
DA:82,130
DA:83,130
DA:92,147
DA:93,13
DA:94,13
DA:95,13
DA:96,13
DA:97,13
DA:99,13
DA:100,13
DA:105,147
DA:106,147
LF:47
LH:47
BRF:0
BRH:0
end_of_record
TN:
SF:frontend/js/components/settings.js
FN:7,define_settings
FN:13,(anonymous_1)
FN:21,_class
FN:31,(anonymous_3)
FN:55,(anonymous_4)
FN:56,(anonymous_5)
FN:68,(anonymous_6)
FN:77,(anonymous_7)
FN:87,(anonymous_8)
FN:109,(anonymous_9)
FN:111,(anonymous_10)
FN:115,(anonymous_11)
FN:125,validate_durations
FN:140,(anonymous_13)
FN:155,(anonymous_14)
FN:170,(anonymous_15)
FN:190,(anonymous_16)
FN:198,(anonymous_17)
FN:199,(anonymous_18)
FN:208,(anonymous_19)
FN:209,(anonymous_20)
FNF:21
FNH:21
FNDA:147,define_settings
FNDA:147,(anonymous_1)
FNDA:444,_class
FNDA:25,(anonymous_3)
FNDA:146,(anonymous_4)
FNDA:143,(anonymous_5)
FNDA:2,(anonymous_6)
FNDA:2,(anonymous_7)
FNDA:7,(anonymous_8)
FNDA:3,(anonymous_9)
FNDA:2,(anonymous_10)
FNDA:1,(anonymous_11)
FNDA:12,validate_durations
FNDA:4,(anonymous_13)
FNDA:4,(anonymous_14)
FNDA:4,(anonymous_15)
FNDA:76,(anonymous_16)
FNDA:76,(anonymous_17)
FNDA:123,(anonymous_18)
FNDA:2,(anonymous_19)
FNDA:2,(anonymous_20)
DA:14,147
DA:15,147
DA:18,147
DA:20,147
DA:22,444
DA:25,147
DA:27,147
DA:30,147
DA:31,588
DA:33,25
DA:34,25
DA:36,25
DA:38,25
DA:39,25
DA:41,25
DA:42,3
DA:45,22
DA:48,25
DA:53,147
DA:54,147
DA:55,146
DA:57,143
DA:63,147
DA:68,147
DA:69,2
DA:72,147
DA:77,147
DA:78,2
DA:82,147
DA:87,147
DA:88,7
DA:89,7
DA:96,147
DA:102,147
DA:108,147
DA:109,147
DA:110,3
DA:112,2
DA:113,2
DA:126,12
DA:128,6
DA:130,6
DA:135,147
DA:140,147
DA:141,4
DA:142,2
DA:144,2
DA:146,4
DA:150,147
DA:155,147
DA:156,4
DA:157,2
DA:159,2
DA:161,4
DA:165,147
DA:170,147
DA:171,4
DA:172,2
DA:174,2
DA:176,4
DA:182,147
DA:183,147
DA:191,76
DA:192,76
DA:193,76
DA:194,76
DA:195,76
DA:196,76
DA:199,123
DA:209,2
DA:210,2
DA:211,2
DA:215,147
DA:216,147
LF:74
LH:74
BRDA:41,0,0,3
BRDA:41,0,1,22
BRDA:126,1,0,6
BRDA:126,1,1,6
BRDA:126,2,0,12
BRDA:126,2,1,8
BRDA:141,3,0,2
BRDA:141,3,1,2
BRDA:156,4,0,2
BRDA:156,4,1,2
BRDA:171,5,0,2
BRDA:171,5,1,2
BRF:12
BRH:12
end_of_record
TN:
SF:frontend/js/components/task-list.js
FN:6,define_task_list
FN:12,(anonymous_1)
FN:36,(anonymous_2)
FN:48,(anonymous_3)
FN:59,(anonymous_4)
FN:63,(anonymous_5)
FN:63,(anonymous_6)
FN:66,(anonymous_7)
FN:66,(anonymous_8)
FN:69,(anonymous_9)
FN:69,(anonymous_10)
FN:76,(anonymous_11)
FN:87,(anonymous_12)
FN:96,(anonymous_13)
FNF:14
FNH:14
FNDA:147,define_task_list
FNDA:147,(anonymous_1)
FNDA:2,(anonymous_2)
FNDA:531,(anonymous_3)
FNDA:234,(anonymous_4)
FNDA:538,(anonymous_5)
FNDA:247,(anonymous_6)
FNDA:526,(anonymous_7)
FNDA:188,(anonymous_8)
FNDA:526,(anonymous_9)
FNDA:96,(anonymous_10)
FNDA:2,(anonymous_11)
FNDA:38,(anonymous_12)
FNDA:35,(anonymous_13)
DA:16,147
DA:18,147
DA:21,147
DA:24,147
DA:25,147
DA:26,147
DA:27,147
DA:29,147
DA:36,147
DA:38,147
DA:39,147
DA:49,531
DA:50,531
DA:51,526
DA:52,526
DA:61,234
DA:63,538
DA:66,526
DA:69,526
DA:77,2
DA:78,2
DA:79,2
DA:80,2
DA:88,38
DA:89,38
DA:97,35
DA:98,35
DA:102,147
DA:103,147
LF:29
LH:29
BRDA:63,0,0,538
BRDA:63,0,1,345
BRDA:69,1,0,526
BRDA:69,1,1,338
BRF:4
BRH:4
end_of_record
TN:
SF:frontend/js/components/task.js
FN:9,define_task
FN:15,(anonymous_1)
FN:39,(anonymous_2)
FN:40,(anonymous_3)
FN:41,(anonymous_4)
FN:42,(anonymous_5)
FN:43,(anonymous_6)
FN:44,(anonymous_7)
FN:67,(anonymous_8)
FN:77,(anonymous_9)
FN:88,(anonymous_10)
FN:107,(anonymous_11)
FN:124,(anonymous_12)
FN:137,(anonymous_13)
FN:145,(anonymous_14)
FN:160,(anonymous_15)
FN:186,(anonymous_16)
FN:187,(anonymous_17)
FN:202,(anonymous_18)
FN:223,(anonymous_19)
FN:226,(anonymous_20)
FN:240,(anonymous_21)
FNF:22
FNH:22
FNDA:147,define_task
FNDA:528,(anonymous_1)
FNDA:4,(anonymous_2)
FNDA:18,(anonymous_3)
FNDA:2,(anonymous_4)
FNDA:2,(anonymous_5)
FNDA:17,(anonymous_6)
FNDA:3,(anonymous_7)
FNDA:528,(anonymous_8)
FNDA:20,(anonymous_9)
FNDA:284,(anonymous_10)
FNDA:526,(anonymous_11)
FNDA:5,(anonymous_12)
FNDA:4,(anonymous_13)
FNDA:3,(anonymous_14)
FNDA:2,(anonymous_15)
FNDA:7,(anonymous_16)
FNDA:11,(anonymous_17)
FNDA:17,(anonymous_18)
FNDA:2,(anonymous_19)
FNDA:2,(anonymous_20)
FNDA:17,(anonymous_21)
DA:16,528
DA:17,528
DA:18,528
DA:21,528
DA:22,528
DA:23,528
DA:24,528
DA:25,528
DA:26,528
DA:27,528
DA:28,528
DA:30,528
DA:31,528
DA:32,528
DA:33,528
DA:35,528
DA:36,528
DA:39,528
DA:40,528
DA:41,528
DA:42,528
DA:43,528
DA:44,528
DA:47,528
DA:50,528
DA:51,528
DA:52,528
DA:53,528
DA:54,528
DA:55,528
DA:56,528
DA:57,528
DA:58,528
DA:68,528
DA:69,528
DA:70,528
DA:78,20
DA:79,20
DA:80,20
DA:81,20
DA:89,284
DA:90,284
DA:91,284
DA:92,284
DA:93,284
DA:94,284
DA:95,284
DA:96,284
DA:97,62
DA:108,526
DA:109,526
DA:110,526
DA:111,526
DA:113,526
DA:114,526
DA:115,284
DA:125,5
DA:127,4
DA:129,5
DA:138,4
DA:146,3
DA:147,2
DA:149,1
DA:161,2
DA:162,2
DA:163,2
DA:164,2
DA:165,6
DA:166,6
DA:167,6
DA:173,6
DA:174,6
DA:177,2
DA:178,2
DA:187,7
DA:188,11
DA:190,5
DA:193,6
DA:203,17
DA:205,17
DA:206,10
DA:209,7
DA:211,7
DA:218,7
DA:219,7
DA:221,7
DA:222,4
DA:224,2
DA:227,2
DA:230,3
DA:241,17
DA:242,4
DA:243,4
DA:245,13
DA:246,2
DA:247,2
DA:249,11
DA:250,2
DA:251,2
DA:253,9
DA:254,2
DA:255,2
DA:257,7
DA:260,147
DA:261,147
LF:105
LH:105
BRDA:96,0,0,62
BRDA:96,0,1,222
BRDA:110,1,0,446
BRDA:110,1,1,80
BRDA:114,2,0,284
BRDA:114,2,1,242
BRDA:114,3,0,526
BRDA:114,3,1,526
BRDA:114,3,2,338
BRDA:125,4,0,4
BRDA:125,4,1,1
BRDA:146,5,0,2
BRDA:146,5,1,1
BRDA:188,6,0,5
BRDA:188,6,1,6
BRDA:205,7,0,10
BRDA:205,7,1,7
BRDA:211,8,0,1
BRDA:211,8,1,6
BRDA:221,9,0,4
BRDA:221,9,1,3
BRDA:241,10,0,4
BRDA:241,10,1,13
BRDA:245,11,0,2
BRDA:245,11,1,11
BRDA:249,12,0,2
BRDA:249,12,1,9
BRDA:253,13,0,2
BRDA:253,13,1,7
BRF:29
BRH:29
end_of_record
TN:
SF:frontend/js/components/timer-display.js
FN:6,define_timer_display
FN:12,(anonymous_1)
FN:39,(anonymous_2)
FN:42,(anonymous_3)
FN:43,(anonymous_4)
FN:72,(anonymous_5)
FN:107,(anonymous_6)
FN:124,(anonymous_7)
FN:132,(anonymous_8)
FN:142,(anonymous_9)
FNF:10
FNH:10
FNDA:147,define_timer_display
FNDA:147,(anonymous_1)
FNDA:42,(anonymous_2)
FNDA:99,(anonymous_3)
FNDA:27,(anonymous_4)
FNDA:99,(anonymous_5)
FNDA:159,(anonymous_6)
FNDA:42,(anonymous_7)
FNDA:18,(anonymous_8)
FNDA:18,(anonymous_9)
DA:13,147
DA:14,147
DA:17,147
DA:19,147
DA:20,147
DA:23,147
DA:24,147
DA:25,147
DA:26,147
DA:27,147
DA:28,147
DA:40,42
DA:42,99
DA:44,27
DA:50,42
DA:51,42
DA:53,42
DA:54,42
DA:56,42
DA:57,42
DA:59,42
DA:62,42
DA:74,99
DA:77,99
DA:78,27
DA:79,27
DA:80,27
DA:81,27
DA:86,72
DA:87,72
DA:89,72
DA:90,72
DA:92,72
DA:93,72
DA:95,72
DA:98,72
DA:111,159
DA:112,31
DA:113,31
DA:116,159
DA:125,42
DA:133,18
DA:134,18
DA:135,18
DA:143,18
DA:146,147
DA:147,147
LF:47
LH:47
BRDA:53,0,0,42
BRDA:53,0,1,0
BRDA:56,1,0,42
BRDA:56,1,1,0
BRDA:74,2,0,0
BRDA:74,2,1,99
BRDA:77,3,0,27
BRDA:77,3,1,72
BRDA:89,4,0,72
BRDA:89,4,1,0
BRDA:92,5,0,72
BRDA:92,5,1,0
BRDA:107,6,0,31
BRDA:111,7,0,31
BRDA:111,7,1,128
BRF:15
BRH:10
end_of_record
TN:
SF:frontend/js/persistence/data.js
FN:15,create_task
FN:16,(anonymous_1)
FN:30,delete_task
FN:31,(anonymous_3)
FN:42,read_task
FN:43,(anonymous_5)
FN:51,update_task
FN:52,(anonymous_7)
FN:67,update_settings
FN:79,upload_userdata
FN:86,(anonymous_10)
FN:100,delete_user_data
FN:118,move_task
FN:119,(anonymous_13)
FN:140,advance_break_cycle
FN:155,advance_task
FN:170,update_state
FN:183,current_task
FN:192,statelet
FN:202,is_finished
FN:212,is_running
FN:224,is_pending
FN:233,next_task_id
FN:234,(anonymous_23)
FN:243,active_userstate
FN:253,analysis
FN:255,(anonymous_26)
FN:256,(anonymous_27)
FN:258,(anonymous_28)
FN:259,(anonymous_29)
FN:261,(anonymous_30)
FN:262,(anonymous_31)
FNF:32
FNH:32
FNDA:12,create_task
FNDA:28,(anonymous_1)
FNDA:10,delete_task
FNDA:28,(anonymous_3)
FNDA:5094,read_task
FNDA:13870,(anonymous_5)
FNDA:47,update_task
FNDA:73,(anonymous_7)
FNDA:47,update_settings
FNDA:380,upload_userdata
FNDA:20,(anonymous_10)
FNDA:4,delete_user_data
FNDA:6,move_task
FNDA:12,(anonymous_13)
FNDA:17,advance_break_cycle
FNDA:9,advance_task
FNDA:255,update_state
FNDA:5063,current_task
FNDA:645,statelet
FNDA:1052,is_finished
FNDA:2154,is_running
FNDA:32,is_pending
FNDA:13,next_task_id
FNDA:28,(anonymous_23)
FNDA:6505,active_userstate
FNDA:76,analysis
FNDA:208,(anonymous_26)
FNDA:208,(anonymous_27)
FNDA:208,(anonymous_28)
FNDA:208,(anonymous_29)
FNDA:208,(anonymous_30)
FNDA:208,(anonymous_31)
DA:16,28
DA:17,12
DA:20,12
DA:23,12
DA:31,28
DA:34,10
DA:43,13870
DA:44,5094
DA:52,73
DA:53,47
DA:56,47
DA:57,47
DA:60,47
DA:69,47
DA:72,47
DA:80,380
DA:81,380
DA:82,22
DA:87,20
DA:89,20
DA:93,358
DA:101,4
DA:102,2
DA:107,2
DA:119,12
DA:120,6
DA:122,6
DA:123,8
DA:126,6
DA:128,6
DA:129,6
DA:130,6
DA:132,6
DA:133,6
DA:142,17
DA:143,17
DA:144,17
DA:145,17
DA:146,13
DA:147,13
DA:156,9
DA:157,9
DA:158,6
DA:160,9
DA:163,9
DA:171,255
DA:174,255
DA:184,5063
DA:193,645
DA:203,1052
DA:213,2154
DA:214,2068
DA:215,2066
DA:225,32
DA:234,28
DA:235,13
DA:244,6505
DA:254,76
DA:255,208
DA:256,208
DA:257,76
DA:258,208
DA:259,208
DA:260,76
DA:261,208
DA:262,208
DA:263,76
DA:264,76
DA:265,76
DA:266,76
DA:267,76
LF:71
LH:71
BRDA:15,0,0,10
BRDA:17,1,0,2
BRDA:17,1,1,10
BRDA:44,2,0,4959
BRDA:44,2,1,135
BRDA:81,3,0,22
BRDA:81,3,1,358
BRDA:101,4,0,2
BRDA:101,4,1,2
BRDA:124,5,0,8
BRDA:124,5,1,6
BRDA:124,5,2,4
BRDA:145,6,0,13
BRDA:145,6,1,4
BRDA:147,7,0,8
BRDA:147,7,1,5
BRDA:157,8,0,6
BRDA:157,8,1,3
BRDA:213,9,0,86
BRDA:213,9,1,2068
BRDA:214,10,0,2
BRDA:214,10,1,2066
BRDA:225,11,0,32
BRDA:225,11,1,18
BRDA:235,12,0,5
BRDA:235,12,1,8
BRF:26
BRH:26
end_of_record
TN:
SF:frontend/js/state_machines/state_machine.js
FN:19,transition
FN:30,(anonymous_1)
FN:40,(anonymous_2)
FN:49,rev_transition
FN:57,force_state
FN:58,(anonymous_5)
FNF:6
FNH:6
FNDA:152,transition
FNDA:44,(anonymous_1)
FNDA:546,(anonymous_2)
FNDA:6,rev_transition
FNDA:126,force_state
FNDA:360,(anonymous_5)
DA:20,152
DA:23,152
DA:24,19
DA:25,19
DA:29,133
DA:30,133
DA:34,133
DA:35,133
DA:36,133
DA:37,133
DA:40,546
DA:42,133
DA:50,6
DA:58,360
DA:59,120
DA:60,120
LF:16
LH:16
BRDA:23,0,0,19
BRDA:23,0,1,133
BRDA:29,1,0,133
BRDA:29,1,1,0
BRDA:30,2,0,44
BRDA:30,2,1,44
BRDA:40,3,0,546
BRDA:40,3,1,543
BRF:8
BRH:7
end_of_record
TN:
SF:frontend/js/state_machines/timer_state_machine.js
FN:32,(anonymous_0)
FN:34,(anonymous_1)
FN:36,(anonymous_2)
FN:66,(anonymous_3)
FN:68,(anonymous_4)
FN:76,(anonymous_5)
FN:90,(anonymous_6)
FN:92,(anonymous_7)
FN:94,(anonymous_8)
FN:96,(anonymous_9)
FN:97,(anonymous_10)
FN:99,(anonymous_11)
FN:117,(anonymous_12)
FN:128,(anonymous_13)
FN:130,(anonymous_14)
FN:149,(anonymous_15)
FN:150,(anonymous_16)
FN:153,(anonymous_17)
FN:173,(anonymous_18)
FN:175,(anonymous_19)
FN:193,(anonymous_20)
FN:195,(anonymous_21)
FN:195,(anonymous_22)
FN:200,(anonymous_23)
FN:210,(anonymous_24)
FN:212,(anonymous_25)
FN:230,(anonymous_26)
FN:241,(anonymous_27)
FN:251,(anonymous_28)
FNF:29
FNH:29
FNDA:129,(anonymous_0)
FNDA:129,(anonymous_1)
FNDA:128,(anonymous_2)
FNDA:29,(anonymous_3)
FNDA:29,(anonymous_4)
FNDA:5,(anonymous_5)
FNDA:38,(anonymous_6)
FNDA:38,(anonymous_7)
FNDA:38,(anonymous_8)
FNDA:38,(anonymous_9)
FNDA:38,(anonymous_10)
FNDA:38,(anonymous_11)
FNDA:8,(anonymous_12)
FNDA:27,(anonymous_13)
FNDA:27,(anonymous_14)
FNDA:27,(anonymous_15)
FNDA:24,(anonymous_16)
FNDA:18,(anonymous_17)
FNDA:18,(anonymous_18)
FNDA:18,(anonymous_19)
FNDA:18,(anonymous_20)
FNDA:18,(anonymous_21)
FNDA:18,(anonymous_22)
FNDA:18,(anonymous_23)
FNDA:18,(anonymous_24)
FNDA:18,(anonymous_25)
FNDA:18,(anonymous_26)
FNDA:9,(anonymous_27)
FNDA:13,(anonymous_28)
DA:22,147
DA:32,129
DA:34,129
DA:38,128
DA:39,128
DA:40,128
DA:41,128
DA:42,128
DA:43,128
DA:44,128
DA:46,128
DA:47,128
DA:48,128
DA:49,128
DA:51,128
DA:52,128
DA:66,29
DA:69,29
DA:70,29
DA:71,29
DA:76,5
DA:90,38
DA:92,38
DA:94,38
DA:96,38
DA:97,38
DA:100,38
DA:101,34
DA:102,34
DA:103,34
DA:104,34
DA:105,34
DA:107,4
DA:108,4
DA:109,4
DA:110,4
DA:111,4
DA:117,8
DA:128,27
DA:132,27
DA:133,27
DA:134,27
DA:135,27
DA:137,27
DA:138,27
DA:139,27
DA:140,27
DA:141,27
DA:142,27
DA:143,27
DA:144,27
DA:146,27
DA:149,27
DA:151,24
DA:152,24
DA:153,24
DA:155,18
DA:156,18
DA:157,18
DA:173,18
DA:177,18
DA:178,18
DA:180,18
DA:181,18
DA:182,13
DA:184,5
DA:186,18
DA:187,18
DA:188,18
DA:189,18
DA:193,18
DA:195,18
DA:200,18
DA:210,18
DA:214,18
DA:215,13
DA:217,5
DA:218,5
DA:220,18
DA:221,18
DA:223,18
DA:224,18
DA:225,18
DA:226,18
DA:227,18
DA:231,18
DA:233,18
DA:234,18
DA:236,18
DA:237,15
DA:239,3
DA:241,18
DA:243,9
DA:244,9
DA:252,13
DA:253,6
LF:96
LH:96
BRDA:100,0,0,34
BRDA:100,0,1,4
BRDA:108,1,0,2
BRDA:108,1,1,2
BRDA:132,2,0,21
BRDA:132,2,1,6
BRDA:149,3,0,3
BRDA:149,3,1,24
BRDA:151,4,0,24
BRDA:151,4,1,0
BRDA:177,5,0,13
BRDA:177,5,1,5
BRDA:181,6,0,13
BRDA:181,6,1,5
BRDA:214,7,0,13
BRDA:214,7,1,5
BRDA:215,8,0,2
BRDA:215,8,1,11
BRDA:218,9,0,1
BRDA:218,9,1,4
BRDA:221,10,0,13
BRDA:221,10,1,5
BRDA:231,11,0,18
BRDA:231,11,1,0
BRDA:236,12,0,15
BRDA:236,12,1,3
BRDA:252,13,0,6
BRDA:252,13,1,7
BRF:28
BRH:26
end_of_record
