TN:
SF:frontend/js/timer.js
FN:89,(anonymous_0)
FN:91,(anonymous_1)
FN:95,(anonymous_2)
FN:102,(anonymous_3)
FN:112,(anonymous_4)
FN:124,(anonymous_5)
FN:132,(anonymous_6)
FN:145,(anonymous_7)
FN:156,(anonymous_8)
FN:172,request_user_data_and_start
FN:178,(anonymous_10)
FN:184,state_entry
FN:194,(anonymous_12)
FN:195,(anonymous_13)
FN:197,(anonymous_14)
FN:198,(anonymous_15)
FN:200,(anonymous_16)
FN:201,(anonymous_17)
FN:203,(anonymous_18)
FN:204,(anonymous_19)
FN:206,(anonymous_20)
FN:207,(anonymous_21)
FN:209,(anonymous_22)
FN:210,(anonymous_23)
FN:211,(anonymous_24)
FN:222,(anonymous_25)
FNF:26
FNH:26
FNDA:6,(anonymous_0)
FNDA:4,(anonymous_1)
FNDA:2,(anonymous_2)
FNDA:5,(anonymous_3)
FNDA:19,(anonymous_4)
FNDA:4,(anonymous_5)
FNDA:227,(anonymous_6)
FNDA:2,(anonymous_7)
FNDA:2,(anonymous_8)
FNDA:13,request_user_data_and_start
FNDA:13,(anonymous_10)
FNDA:136,state_entry
FNDA:136,(anonymous_12)
FNDA:136,(anonymous_13)
FNDA:136,(anonymous_14)
FNDA:136,(anonymous_15)
FNDA:136,(anonymous_16)
FNDA:136,(anonymous_17)
FNDA:136,(anonymous_18)
FNDA:136,(anonymous_19)
FNDA:136,(anonymous_20)
FNDA:136,(anonymous_21)
FNDA:136,(anonymous_22)
FNDA:136,(anonymous_23)
FNDA:136,(anonymous_24)
FNDA:13,(anonymous_25)
DA:15,136
DA:16,136
DA:17,136
DA:20,136
DA:21,136
DA:22,136
DA:23,136
DA:24,136
DA:25,136
DA:26,136
DA:27,136
DA:28,136
DA:29,136
DA:32,136
DA:33,136
DA:34,136
DA:35,136
DA:36,136
DA:37,136
DA:41,136
DA:42,136
DA:45,136
DA:46,136
DA:47,136
DA:48,136
DA:49,136
DA:50,136
DA:51,136
DA:52,136
DA:53,136
DA:54,136
DA:55,136
DA:56,136
DA:57,136
DA:58,136
DA:59,136
DA:60,136
DA:89,136
DA:90,6
DA:92,4
DA:93,4
DA:102,136
DA:103,5
DA:104,5
DA:105,5
DA:106,5
DA:112,136
DA:113,19
DA:114,1
DA:116,19
DA:117,19
DA:118,19
DA:124,136
DA:125,4
DA:126,4
DA:132,136
DA:133,227
DA:145,136
DA:146,2
DA:147,2
DA:148,2
DA:149,2
DA:150,2
DA:156,136
DA:157,2
DA:158,2
DA:159,2
DA:160,2
DA:164,136
DA:165,136
DA:166,136
DA:175,13
DA:180,13
DA:185,136
DA:193,136
DA:194,136
DA:195,136
DA:197,136
DA:198,136
DA:200,136
DA:201,136
DA:203,136
DA:204,136
DA:206,136
DA:207,136
DA:209,136
DA:210,136
DA:213,136
DA:214,123
DA:216,123
DA:217,113
DA:219,123
DA:220,113
DA:222,13
DA:224,13
LF:95
LH:95
BRDA:113,0,0,1
BRDA:113,0,1,18
BRDA:134,1,0,36
BRDA:134,1,1,191
BRDA:213,2,0,123
BRDA:213,2,1,13
BRDA:216,3,0,113
BRDA:216,3,1,10
BRF:8
BRH:8
end_of_record
TN:
SF:frontend/js/utils.js
FN:10,postData
FN:24,(anonymous_1)
FN:31,create_uid
FNF:3
FNH:3
FNDA:111,postData
FNDA:107,(anonymous_1)
FNDA:7,create_uid
DA:11,111
DA:24,107
DA:32,7
DA:33,7
LF:4
LH:4
BRDA:32,0,0,0
BRDA:32,0,1,7
BRF:2
BRH:1
end_of_record
TN:
SF:frontend/js/components/control-button.js
FN:6,define_control_button
FN:12,(anonymous_1)
FNF:2
FNH:2
FNDA:136,define_control_button
FNDA:4360,(anonymous_1)
DA:13,4360
DA:14,4360
DA:17,4360
DA:20,4360
DA:23,136
DA:24,136
LF:6
LH:6
BRF:0
BRH:0
end_of_record
TN:
SF:frontend/js/components/modal.js
FN:6,define_modal
FN:12,(anonymous_1)
FN:41,(anonymous_2)
FN:52,(anonymous_3)
FN:65,(anonymous_4)
FN:78,(anonymous_5)
FN:92,(anonymous_6)
FNF:7
FNH:7
FNDA:136,define_modal
FNDA:136,(anonymous_1)
FNDA:99,(anonymous_2)
FNDA:8,(anonymous_3)
FNDA:5,(anonymous_4)
FNDA:132,(anonymous_5)
FNDA:13,(anonymous_6)
DA:13,136
DA:14,136
DA:17,136
DA:20,136
DA:21,136
DA:22,136
DA:23,136
DA:24,136
DA:27,136
DA:28,136
DA:29,136
DA:32,136
DA:33,136
DA:34,136
DA:41,136
DA:42,99
DA:43,99
DA:44,99
DA:45,99
DA:52,136
DA:53,8
DA:54,8
DA:55,8
DA:56,8
DA:58,8
DA:65,136
DA:66,5
DA:67,5
DA:68,5
DA:69,5
DA:71,5
DA:78,136
DA:79,132
DA:80,132
DA:81,132
DA:82,132
DA:83,132
DA:92,136
DA:93,13
DA:94,13
DA:95,13
DA:96,13
DA:97,13
DA:99,13
DA:100,13
DA:105,136
DA:106,136
LF:47
LH:47
BRF:0
BRH:0
end_of_record
TN:
SF:frontend/js/components/settings.js
FN:7,define_settings
FN:13,(anonymous_1)
FN:21,_class
FN:31,(anonymous_3)
FN:55,(anonymous_4)
FN:56,(anonymous_5)
FN:68,(anonymous_6)
FN:77,(anonymous_7)
FN:87,(anonymous_8)
FN:109,(anonymous_9)
FN:111,(anonymous_10)
FN:115,(anonymous_11)
FN:125,validate_durations
FN:140,(anonymous_13)
FN:155,(anonymous_14)
FN:170,(anonymous_15)
FN:190,(anonymous_16)
FN:198,(anonymous_17)
FN:199,(anonymous_18)
FN:208,(anonymous_19)
FN:209,(anonymous_20)
FNF:21
FNH:21
FNDA:136,define_settings
FNDA:136,(anonymous_1)
FNDA:422,_class
FNDA:25,(anonymous_3)
FNDA:136,(anonymous_4)
FNDA:136,(anonymous_5)
FNDA:2,(anonymous_6)
FNDA:2,(anonymous_7)
FNDA:7,(anonymous_8)
FNDA:3,(anonymous_9)
FNDA:2,(anonymous_10)
FNDA:1,(anonymous_11)
FNDA:12,validate_durations
FNDA:4,(anonymous_13)
FNDA:4,(anonymous_14)
FNDA:4,(anonymous_15)
FNDA:77,(anonymous_16)
FNDA:77,(anonymous_17)
FNDA:138,(anonymous_18)
FNDA:2,(anonymous_19)
FNDA:2,(anonymous_20)
DA:14,136
DA:15,136
DA:18,136
DA:20,136
DA:22,422
DA:25,136
DA:27,136
DA:30,136
DA:31,544
DA:33,25
DA:34,25
DA:36,25
DA:38,25
DA:39,25
DA:41,25
DA:42,3
DA:45,22
DA:48,25
DA:53,136
DA:54,136
DA:55,136
DA:57,136
DA:63,136
DA:68,136
DA:69,2
DA:72,136
DA:77,136
DA:78,2
DA:82,136
DA:87,136
DA:88,7
DA:89,7
DA:96,136
DA:102,136
DA:108,136
DA:109,136
DA:110,3
DA:112,2
DA:113,2
DA:126,12
DA:128,6
DA:130,6
DA:135,136
DA:140,136
DA:141,4
DA:142,2
DA:144,2
DA:146,4
DA:150,136
DA:155,136
DA:156,4
DA:157,2
DA:159,2
DA:161,4
DA:165,136
DA:170,136
DA:171,4
DA:172,2
DA:174,2
DA:176,4
DA:182,136
DA:183,136
DA:191,77
DA:192,77
DA:193,77
DA:194,77
DA:195,77
DA:196,77
DA:199,138
DA:209,2
DA:210,2
DA:211,2
DA:215,136
DA:216,136
LF:74
LH:74
BRDA:41,0,0,3
BRDA:41,0,1,22
BRDA:126,1,0,6
BRDA:126,1,1,6
BRDA:126,2,0,12
BRDA:126,2,1,8
BRDA:141,3,0,2
BRDA:141,3,1,2
BRDA:156,4,0,2
BRDA:156,4,1,2
BRDA:171,5,0,2
BRDA:171,5,1,2
BRF:12
BRH:12
end_of_record
TN:
SF:frontend/js/components/task-list.js
FN:6,define_task_list
FN:12,(anonymous_1)
FN:36,(anonymous_2)
FN:48,(anonymous_3)
FN:59,(anonymous_4)
FN:63,(anonymous_5)
FN:63,(anonymous_6)
FN:66,(anonymous_7)
FN:66,(anonymous_8)
FN:69,(anonymous_9)
FN:69,(anonymous_10)
FN:76,(anonymous_11)
FN:87,(anonymous_12)
FN:96,(anonymous_13)
FNF:14
FNH:14
FNDA:136,define_task_list
FNDA:136,(anonymous_1)
FNDA:2,(anonymous_2)
FNDA:601,(anonymous_3)
FNDA:258,(anonymous_4)
FNDA:609,(anonymous_5)
FNDA:291,(anonymous_6)
FNDA:595,(anonymous_7)
FNDA:212,(anonymous_8)
FNDA:595,(anonymous_9)
FNDA:98,(anonymous_10)
FNDA:2,(anonymous_11)
FNDA:38,(anonymous_12)
FNDA:36,(anonymous_13)
DA:16,136
DA:18,136
DA:21,136
DA:24,136
DA:25,136
DA:26,136
DA:27,136
DA:29,136
DA:36,136
DA:38,136
DA:39,136
DA:49,601
DA:50,601
DA:51,595
DA:52,595
DA:61,258
DA:63,609
DA:66,595
DA:69,595
DA:77,2
DA:78,2
DA:79,2
DA:80,2
DA:88,38
DA:89,38
DA:97,36
DA:98,36
DA:102,136
DA:103,136
LF:29
LH:29
BRDA:63,0,0,609
BRDA:63,0,1,391
BRDA:69,1,0,595
BRDA:69,1,1,383
BRF:4
BRH:4
end_of_record
TN:
SF:frontend/js/components/task.js
FN:9,define_task
FN:15,(anonymous_1)
FN:39,(anonymous_2)
FN:40,(anonymous_3)
FN:41,(anonymous_4)
FN:42,(anonymous_5)
FN:43,(anonymous_6)
FN:44,(anonymous_7)
FN:67,(anonymous_8)
FN:77,(anonymous_9)
FN:88,(anonymous_10)
FN:107,(anonymous_11)
FN:124,(anonymous_12)
FN:137,(anonymous_13)
FN:145,(anonymous_14)
FN:160,(anonymous_15)
FN:186,(anonymous_16)
FN:187,(anonymous_17)
FN:202,(anonymous_18)
FN:223,(anonymous_19)
FN:226,(anonymous_20)
FN:240,(anonymous_21)
FNF:22
FNH:22
FNDA:136,define_task
FNDA:597,(anonymous_1)
FNDA:4,(anonymous_2)
FNDA:18,(anonymous_3)
FNDA:2,(anonymous_4)
FNDA:2,(anonymous_5)
FNDA:17,(anonymous_6)
FNDA:3,(anonymous_7)
FNDA:597,(anonymous_8)
FNDA:20,(anonymous_9)
FNDA:310,(anonymous_10)
FNDA:595,(anonymous_11)
FNDA:5,(anonymous_12)
FNDA:4,(anonymous_13)
FNDA:3,(anonymous_14)
FNDA:2,(anonymous_15)
FNDA:7,(anonymous_16)
FNDA:11,(anonymous_17)
FNDA:17,(anonymous_18)
FNDA:2,(anonymous_19)
FNDA:2,(anonymous_20)
FNDA:17,(anonymous_21)
DA:16,597
DA:17,597
DA:18,597
DA:21,597
DA:22,597
DA:23,597
DA:24,597
DA:25,597
DA:26,597
DA:27,597
DA:28,597
DA:30,597
DA:31,597
DA:32,597
DA:33,597
DA:35,597
DA:36,597
DA:39,597
DA:40,597
DA:41,597
DA:42,597
DA:43,597
DA:44,597
DA:47,597
DA:50,597
DA:51,597
DA:52,597
DA:53,597
DA:54,597
DA:55,597
DA:56,597
DA:57,597
DA:58,597
DA:68,597
DA:69,597
DA:70,597
DA:78,20
DA:79,20
DA:80,20
DA:81,20
DA:89,310
DA:90,310
DA:91,310
DA:92,310
DA:93,310
DA:94,310
DA:95,310
DA:96,310
DA:97,64
DA:108,595
DA:109,595
DA:110,595
DA:111,595
DA:112,595
DA:113,595
DA:114,595
DA:115,310
DA:125,5
DA:127,4
DA:129,5
DA:138,4
DA:146,3
DA:147,2
DA:149,1
DA:161,2
DA:162,2
DA:163,2
DA:164,2
DA:165,6
DA:166,6
DA:167,6
DA:173,6
DA:174,6
DA:177,2
DA:178,2
DA:187,7
DA:188,11
DA:190,5
DA:193,6
DA:203,17
DA:205,17
DA:206,10
DA:209,7
DA:211,7
DA:218,7
DA:219,7
DA:221,7
DA:222,4
DA:224,2
DA:227,2
DA:230,3
DA:241,17
DA:242,2
DA:243,2
DA:245,15
DA:246,2
DA:247,2
DA:249,13
DA:250,4
DA:251,4
DA:253,9
DA:254,0
DA:255,0
DA:257,9
DA:258,2
DA:259,2
DA:261,7
DA:264,136
DA:265,136
LF:109
LH:107
BRDA:96,0,0,64
BRDA:96,0,1,246
BRDA:111,1,0,513
BRDA:111,1,1,82
BRDA:114,2,0,310
BRDA:114,2,1,285
BRDA:114,3,0,595
BRDA:114,3,1,595
BRDA:114,3,2,383
BRDA:125,4,0,4
BRDA:125,4,1,1
BRDA:146,5,0,2
BRDA:146,5,1,1
BRDA:188,6,0,5
BRDA:188,6,1,6
BRDA:205,7,0,10
BRDA:205,7,1,7
BRDA:211,8,0,1
BRDA:211,8,1,6
BRDA:221,9,0,4
BRDA:221,9,1,3
BRDA:241,10,0,2
BRDA:241,10,1,15
BRDA:245,11,0,2
BRDA:245,11,1,13
BRDA:249,12,0,4
BRDA:249,12,1,9
BRDA:253,13,0,0
BRDA:253,13,1,9
BRDA:257,14,0,2
BRDA:257,14,1,7
BRF:31
BRH:30
end_of_record
TN:
SF:frontend/js/components/timer-display.js
FN:6,define_timer_display
FN:12,(anonymous_1)
FN:39,(anonymous_2)
FN:42,(anonymous_3)
FN:43,(anonymous_4)
FN:75,(anonymous_5)
FN:113,(anonymous_6)
FN:130,(anonymous_7)
FN:138,(anonymous_8)
FN:148,(anonymous_9)
FNF:10
FNH:10
FNDA:136,define_timer_display
FNDA:136,(anonymous_1)
FNDA:43,(anonymous_2)
FNDA:99,(anonymous_3)
FNDA:27,(anonymous_4)
FNDA:99,(anonymous_5)
FNDA:183,(anonymous_6)
FNDA:43,(anonymous_7)
FNDA:18,(anonymous_8)
FNDA:18,(anonymous_9)
DA:13,136
DA:14,136
DA:17,136
DA:19,136
DA:20,136
DA:23,136
DA:24,136
DA:25,136
DA:26,136
DA:27,136
DA:28,136
DA:40,43
DA:42,99
DA:44,27
DA:50,43
DA:51,43
DA:53,43
DA:54,43
DA:56,43
DA:57,43
DA:59,43
DA:62,43
DA:65,43
DA:77,99
DA:80,99
DA:81,27
DA:82,27
DA:83,27
DA:84,27
DA:89,72
DA:90,72
DA:92,72
DA:93,72
DA:95,72
DA:96,72
DA:98,72
DA:101,72
DA:104,72
DA:117,183
DA:118,31
DA:119,31
DA:122,183
DA:131,43
DA:139,18
DA:140,18
DA:141,18
DA:149,18
DA:152,136
DA:153,136
LF:49
LH:49
BRDA:53,0,0,43
BRDA:53,0,1,0
BRDA:56,1,0,43
BRDA:56,1,1,0
BRDA:77,2,0,0
BRDA:77,2,1,99
BRDA:80,3,0,27
BRDA:80,3,1,72
BRDA:92,4,0,72
BRDA:92,4,1,0
BRDA:95,5,0,72
BRDA:95,5,1,0
BRDA:113,6,0,31
BRDA:117,7,0,31
BRDA:117,7,1,152
BRF:15
BRH:10
end_of_record
TN:
SF:frontend/js/persistence/data.js
FN:15,create_task
FN:16,(anonymous_1)
FN:30,delete_task
FN:31,(anonymous_3)
FN:42,read_task
FN:43,(anonymous_5)
FN:51,update_task
FN:52,(anonymous_7)
FN:67,update_settings
FN:79,upload_userdata
FN:86,(anonymous_10)
FN:98,delete_user_data
FN:116,move_task
FN:117,(anonymous_13)
FN:138,advance_break_cycle
FN:153,advance_task
FN:168,update_state
FN:181,current_task
FN:190,statelet
FN:200,is_finished
FN:210,is_running
FN:222,is_pending
FN:231,next_task_id
FN:232,(anonymous_23)
FN:241,active_userstate
FN:251,analysis
FN:253,(anonymous_26)
FN:254,(anonymous_27)
FN:256,(anonymous_28)
FN:257,(anonymous_29)
FN:259,(anonymous_30)
FN:260,(anonymous_31)
FNF:32
FNH:32
FNDA:12,create_task
FNDA:28,(anonymous_1)
FNDA:10,delete_task
FNDA:28,(anonymous_3)
FNDA:5754,read_task
FNDA:15780,(anonymous_5)
FNDA:47,update_task
FNDA:73,(anonymous_7)
FNDA:48,update_settings
FNDA:405,upload_userdata
FNDA:17,(anonymous_10)
FNDA:4,delete_user_data
FNDA:6,move_task
FNDA:12,(anonymous_13)
FNDA:17,advance_break_cycle
FNDA:9,advance_task
FNDA:279,update_state
FNDA:5723,current_task
FNDA:544,statelet
FNDA:1188,is_finished
FNDA:2432,is_running
FNDA:32,is_pending
FNDA:13,next_task_id
FNDA:28,(anonymous_23)
FNDA:7553,active_userstate
FNDA:77,analysis
FNDA:208,(anonymous_26)
FNDA:208,(anonymous_27)
FNDA:208,(anonymous_28)
FNDA:208,(anonymous_29)
FNDA:208,(anonymous_30)
FNDA:208,(anonymous_31)
DA:16,28
DA:17,12
DA:20,12
DA:23,12
DA:31,28
DA:34,10
DA:43,15780
DA:44,5754
DA:52,73
DA:53,47
DA:56,47
DA:57,47
DA:60,47
DA:69,48
DA:72,48
DA:80,405
DA:81,405
DA:82,19
DA:87,17
DA:91,386
DA:99,4
DA:100,2
DA:105,2
DA:117,12
DA:118,6
DA:120,6
DA:121,8
DA:124,6
DA:126,6
DA:127,6
DA:128,6
DA:130,6
DA:131,6
DA:140,17
DA:141,17
DA:142,17
DA:143,17
DA:144,13
DA:145,13
DA:154,9
DA:155,9
DA:156,6
DA:158,9
DA:161,9
DA:169,279
DA:172,279
DA:182,5723
DA:191,544
DA:201,1188
DA:211,2432
DA:212,2346
DA:213,2344
DA:223,32
DA:232,28
DA:233,13
DA:242,7553
DA:252,77
DA:253,208
DA:254,208
DA:255,77
DA:256,208
DA:257,208
DA:258,77
DA:259,208
DA:260,208
DA:261,77
DA:262,77
DA:263,77
DA:264,77
DA:265,77
LF:70
LH:70
BRDA:15,0,0,10
BRDA:17,1,0,2
BRDA:17,1,1,10
BRDA:44,2,0,5620
BRDA:44,2,1,134
BRDA:81,3,0,19
BRDA:81,3,1,386
BRDA:99,4,0,2
BRDA:99,4,1,2
BRDA:122,5,0,8
BRDA:122,5,1,6
BRDA:122,5,2,4
BRDA:143,6,0,13
BRDA:143,6,1,4
BRDA:145,7,0,8
BRDA:145,7,1,5
BRDA:155,8,0,6
BRDA:155,8,1,3
BRDA:211,9,0,86
BRDA:211,9,1,2346
BRDA:212,10,0,2
BRDA:212,10,1,2344
BRDA:223,11,0,32
BRDA:223,11,1,18
BRDA:233,12,0,5
BRDA:233,12,1,8
BRF:26
BRH:26
end_of_record
TN:
SF:frontend/js/state_machines/state_machine.js
FN:19,transition
FN:30,(anonymous_1)
FN:40,(anonymous_2)
FN:49,rev_transition
FN:57,force_state
FN:59,(anonymous_5)
FNF:6
FNH:6
FNDA:153,transition
FNDA:44,(anonymous_1)
FNDA:584,(anonymous_2)
FNDA:6,rev_transition
FNDA:136,force_state
FNDA:404,(anonymous_5)
DA:20,153
DA:23,153
DA:24,2
DA:25,2
DA:29,151
DA:30,151
DA:34,151
DA:35,151
DA:36,151
DA:37,151
DA:40,584
DA:42,151
DA:50,6
DA:58,136
DA:59,404
DA:60,126
DA:61,126
LF:17
LH:17
BRDA:23,0,0,2
BRDA:23,0,1,151
BRDA:29,1,0,151
BRDA:29,1,1,0
BRDA:30,2,0,44
BRDA:30,2,1,44
BRDA:40,3,0,584
BRDA:40,3,1,581
BRF:8
BRH:7
end_of_record
TN:
SF:frontend/js/state_machines/timer_state_machine.js
FN:32,(anonymous_0)
FN:34,(anonymous_1)
FN:36,(anonymous_2)
FN:68,(anonymous_3)
FN:70,(anonymous_4)
FN:78,(anonymous_5)
FN:92,(anonymous_6)
FN:94,(anonymous_7)
FN:96,(anonymous_8)
FN:98,(anonymous_9)
FN:99,(anonymous_10)
FN:101,(anonymous_11)
FN:119,(anonymous_12)
FN:130,(anonymous_13)
FN:132,(anonymous_14)
FN:151,(anonymous_15)
FN:152,(anonymous_16)
FN:155,(anonymous_17)
FN:175,(anonymous_18)
FN:177,(anonymous_19)
FN:195,(anonymous_20)
FN:197,(anonymous_21)
FN:197,(anonymous_22)
FN:202,(anonymous_23)
FN:212,(anonymous_24)
FN:214,(anonymous_25)
FN:232,(anonymous_26)
FN:243,(anonymous_27)
FN:253,(anonymous_28)
FNF:29
FNH:29
FNDA:156,(anonymous_0)
FNDA:156,(anonymous_1)
FNDA:152,(anonymous_2)
FNDA:29,(anonymous_3)
FNDA:29,(anonymous_4)
FNDA:5,(anonymous_5)
FNDA:38,(anonymous_6)
FNDA:38,(anonymous_7)
FNDA:38,(anonymous_8)
FNDA:38,(anonymous_9)
FNDA:38,(anonymous_10)
FNDA:38,(anonymous_11)
FNDA:8,(anonymous_12)
FNDA:28,(anonymous_13)
FNDA:28,(anonymous_14)
FNDA:28,(anonymous_15)
FNDA:25,(anonymous_16)
FNDA:18,(anonymous_17)
FNDA:18,(anonymous_18)
FNDA:18,(anonymous_19)
FNDA:18,(anonymous_20)
FNDA:18,(anonymous_21)
FNDA:18,(anonymous_22)
FNDA:18,(anonymous_23)
FNDA:18,(anonymous_24)
FNDA:18,(anonymous_25)
FNDA:18,(anonymous_26)
FNDA:9,(anonymous_27)
FNDA:13,(anonymous_28)
DA:22,136
DA:32,156
DA:34,156
DA:38,152
DA:40,152
DA:41,152
DA:42,152
DA:43,152
DA:44,152
DA:45,152
DA:46,152
DA:48,152
DA:49,152
DA:50,152
DA:51,152
DA:53,152
DA:54,152
DA:68,29
DA:71,29
DA:72,29
DA:73,29
DA:78,5
DA:92,38
DA:94,38
DA:96,38
DA:98,38
DA:99,38
DA:102,38
DA:103,34
DA:104,34
DA:105,34
DA:106,34
DA:107,34
DA:109,4
DA:110,4
DA:111,4
DA:112,4
DA:113,4
DA:119,8
DA:130,28
DA:134,28
DA:135,28
DA:136,28
DA:137,28
DA:139,28
DA:140,28
DA:141,28
DA:142,28
DA:143,28
DA:144,28
DA:145,28
DA:146,28
DA:148,28
DA:151,28
DA:153,25
DA:154,25
DA:155,25
DA:157,18
DA:158,18
DA:159,18
DA:175,18
DA:179,18
DA:180,18
DA:182,18
DA:183,18
DA:184,13
DA:186,5
DA:188,18
DA:189,18
DA:190,18
DA:191,18
DA:195,18
DA:197,18
DA:202,18
DA:212,18
DA:216,18
DA:217,13
DA:219,5
DA:220,5
DA:222,18
DA:223,18
DA:225,18
DA:226,18
DA:227,18
DA:228,18
DA:229,18
DA:233,18
DA:235,18
DA:236,18
DA:238,18
DA:239,15
DA:241,3
DA:243,18
DA:245,9
DA:246,9
DA:254,13
DA:255,6
LF:97
LH:97
BRDA:102,0,0,34
BRDA:102,0,1,4
BRDA:110,1,0,2
BRDA:110,1,1,2
BRDA:134,2,0,22
BRDA:134,2,1,6
BRDA:151,3,0,3
BRDA:151,3,1,25
BRDA:153,4,0,25
BRDA:153,4,1,0
BRDA:179,5,0,13
BRDA:179,5,1,5
BRDA:183,6,0,13
BRDA:183,6,1,5
BRDA:216,7,0,13
BRDA:216,7,1,5
BRDA:217,8,0,2
BRDA:217,8,1,11
BRDA:220,9,0,1
BRDA:220,9,1,4
BRDA:223,10,0,13
BRDA:223,10,1,5
BRDA:233,11,0,18
BRDA:233,11,1,0
BRDA:238,12,0,15
BRDA:238,12,1,3
BRDA:254,13,0,6
BRDA:254,13,1,7
BRF:28
BRH:26
end_of_record
