TN:
SF:frontend/js/timer.js
FN:89,(anonymous_0)
FN:91,(anonymous_1)
FN:95,(anonymous_2)
FN:102,(anonymous_3)
FN:112,(anonymous_4)
FN:124,(anonymous_5)
FN:132,(anonymous_6)
FN:145,(anonymous_7)
FN:156,(anonymous_8)
FN:172,request_user_data_and_start
FN:178,(anonymous_10)
FN:184,state_entry
FN:194,(anonymous_12)
FN:195,(anonymous_13)
FN:197,(anonymous_14)
FN:198,(anonymous_15)
FN:200,(anonymous_16)
FN:201,(anonymous_17)
FN:203,(anonymous_18)
FN:204,(anonymous_19)
FN:206,(anonymous_20)
FN:207,(anonymous_21)
FN:209,(anonymous_22)
FN:210,(anonymous_23)
FN:211,(anonymous_24)
FN:222,(anonymous_25)
FNF:26
FNH:26
FNDA:6,(anonymous_0)
FNDA:4,(anonymous_1)
FNDA:2,(anonymous_2)
FNDA:5,(anonymous_3)
FNDA:19,(anonymous_4)
FNDA:4,(anonymous_5)
FNDA:224,(anonymous_6)
FNDA:2,(anonymous_7)
FNDA:2,(anonymous_8)
FNDA:13,request_user_data_and_start
FNDA:12,(anonymous_10)
FNDA:131,state_entry
FNDA:132,(anonymous_12)
FNDA:132,(anonymous_13)
FNDA:132,(anonymous_14)
FNDA:132,(anonymous_15)
FNDA:132,(anonymous_16)
FNDA:132,(anonymous_17)
FNDA:132,(anonymous_18)
FNDA:132,(anonymous_19)
FNDA:132,(anonymous_20)
FNDA:132,(anonymous_21)
FNDA:132,(anonymous_22)
FNDA:132,(anonymous_23)
FNDA:132,(anonymous_24)
FNDA:12,(anonymous_25)
DA:15,132
DA:16,132
DA:17,132
DA:20,132
DA:21,132
DA:22,132
DA:23,132
DA:24,132
DA:25,132
DA:26,132
DA:27,132
DA:28,132
DA:29,132
DA:32,132
DA:33,132
DA:34,132
DA:35,132
DA:36,132
DA:37,132
DA:41,132
DA:42,132
DA:45,132
DA:46,132
DA:47,132
DA:48,132
DA:49,132
DA:50,132
DA:51,132
DA:52,132
DA:53,132
DA:54,132
DA:55,132
DA:56,132
DA:57,132
DA:58,132
DA:59,132
DA:60,132
DA:89,132
DA:90,6
DA:92,4
DA:93,4
DA:102,132
DA:103,5
DA:104,5
DA:105,5
DA:106,5
DA:112,132
DA:113,19
DA:114,1
DA:116,19
DA:117,19
DA:118,19
DA:124,132
DA:125,4
DA:126,4
DA:132,132
DA:133,224
DA:145,132
DA:146,2
DA:147,2
DA:148,2
DA:149,2
DA:150,2
DA:156,132
DA:157,2
DA:158,2
DA:159,2
DA:160,2
DA:164,132
DA:165,132
DA:166,132
DA:175,13
DA:180,12
DA:185,131
DA:193,132
DA:194,132
DA:195,132
DA:197,132
DA:198,132
DA:200,132
DA:201,132
DA:203,132
DA:204,132
DA:206,132
DA:207,132
DA:209,132
DA:210,132
DA:213,132
DA:214,119
DA:216,119
DA:217,109
DA:219,119
DA:220,115
DA:222,13
DA:224,12
LF:95
LH:95
BRDA:113,0,0,1
BRDA:113,0,1,18
BRDA:134,1,0,35
BRDA:134,1,1,189
BRDA:213,2,0,119
BRDA:213,2,1,13
BRDA:216,3,0,109
BRDA:216,3,1,10
BRF:8
BRH:8
end_of_record
TN:
SF:frontend/js/utils.js
FN:10,postData
FN:24,(anonymous_1)
FN:31,create_uid
FNF:3
FNH:3
FNDA:110,postData
FNDA:107,(anonymous_1)
FNDA:7,create_uid
DA:11,110
DA:24,107
DA:32,7
DA:33,7
LF:4
LH:4
BRDA:32,0,0,0
BRDA:32,0,1,7
BRF:2
BRH:1
end_of_record
TN:
SF:frontend/js/components/control-button.js
FN:6,define_control_button
FN:12,(anonymous_1)
FNF:2
FNH:2
FNDA:132,define_control_button
FNDA:4284,(anonymous_1)
DA:13,4284
DA:14,4284
DA:17,4284
DA:20,4284
DA:23,132
DA:24,132
LF:6
LH:6
BRF:0
BRH:0
end_of_record
TN:
SF:frontend/js/components/modal.js
FN:6,define_modal
FN:12,(anonymous_1)
FN:41,(anonymous_2)
FN:52,(anonymous_3)
FN:65,(anonymous_4)
FN:78,(anonymous_5)
FN:92,(anonymous_6)
FNF:7
FNH:7
FNDA:132,define_modal
FNDA:132,(anonymous_1)
FNDA:99,(anonymous_2)
FNDA:8,(anonymous_3)
FNDA:5,(anonymous_4)
FNDA:133,(anonymous_5)
FNDA:13,(anonymous_6)
DA:13,132
DA:14,132
DA:17,132
DA:20,132
DA:21,132
DA:22,132
DA:23,132
DA:24,132
DA:27,132
DA:28,132
DA:29,132
DA:32,132
DA:33,132
DA:34,132
DA:41,132
DA:42,99
DA:43,99
DA:44,99
DA:45,99
DA:52,132
DA:53,8
DA:54,8
DA:55,8
DA:56,8
DA:58,8
DA:65,132
DA:66,5
DA:67,5
DA:68,5
DA:69,5
DA:71,5
DA:78,132
DA:79,133
DA:80,133
DA:81,133
DA:82,133
DA:83,133
DA:92,132
DA:93,13
DA:94,13
DA:95,13
DA:96,13
DA:97,13
DA:99,13
DA:100,13
DA:105,132
DA:106,132
LF:47
LH:47
BRF:0
BRH:0
end_of_record
TN:
SF:frontend/js/components/settings.js
FN:7,define_settings
FN:13,(anonymous_1)
FN:21,_class
FN:31,(anonymous_3)
FN:55,(anonymous_4)
FN:56,(anonymous_5)
FN:68,(anonymous_6)
FN:77,(anonymous_7)
FN:87,(anonymous_8)
FN:109,(anonymous_9)
FN:111,(anonymous_10)
FN:115,(anonymous_11)
FN:125,validate_durations
FN:140,(anonymous_13)
FN:155,(anonymous_14)
FN:170,(anonymous_15)
FN:190,(anonymous_16)
FN:198,(anonymous_17)
FN:199,(anonymous_18)
FN:208,(anonymous_19)
FN:209,(anonymous_20)
FNF:21
FNH:21
FNDA:132,define_settings
FNDA:132,(anonymous_1)
FNDA:414,_class
FNDA:25,(anonymous_3)
FNDA:132,(anonymous_4)
FNDA:131,(anonymous_5)
FNDA:2,(anonymous_6)
FNDA:2,(anonymous_7)
FNDA:7,(anonymous_8)
FNDA:3,(anonymous_9)
FNDA:2,(anonymous_10)
FNDA:1,(anonymous_11)
FNDA:12,validate_durations
FNDA:4,(anonymous_13)
FNDA:4,(anonymous_14)
FNDA:4,(anonymous_15)
FNDA:77,(anonymous_16)
FNDA:77,(anonymous_17)
FNDA:138,(anonymous_18)
FNDA:2,(anonymous_19)
FNDA:2,(anonymous_20)
DA:14,132
DA:15,132
DA:18,132
DA:20,132
DA:22,414
DA:25,132
DA:27,132
DA:30,132
DA:31,528
DA:33,25
DA:34,25
DA:36,25
DA:38,25
DA:39,25
DA:41,25
DA:42,3
DA:45,22
DA:48,25
DA:53,132
DA:54,132
DA:55,132
DA:57,131
DA:63,132
DA:68,132
DA:69,2
DA:72,132
DA:77,132
DA:78,2
DA:82,132
DA:87,132
DA:88,7
DA:89,7
DA:96,132
DA:102,132
DA:108,132
DA:109,132
DA:110,3
DA:112,2
DA:113,2
DA:126,12
DA:128,6
DA:130,6
DA:135,132
DA:140,132
DA:141,4
DA:142,2
DA:144,2
DA:146,4
DA:150,132
DA:155,132
DA:156,4
DA:157,2
DA:159,2
DA:161,4
DA:165,132
DA:170,132
DA:171,4
DA:172,2
DA:174,2
DA:176,4
DA:182,132
DA:183,132
DA:191,77
DA:192,77
DA:193,77
DA:194,77
DA:195,77
DA:196,77
DA:199,138
DA:209,2
DA:210,2
DA:211,2
DA:215,132
DA:216,132
LF:74
LH:74
BRDA:41,0,0,3
BRDA:41,0,1,22
BRDA:126,1,0,6
BRDA:126,1,1,6
BRDA:126,2,0,12
BRDA:126,2,1,8
BRDA:141,3,0,2
BRDA:141,3,1,2
BRDA:156,4,0,2
BRDA:156,4,1,2
BRDA:171,5,0,2
BRDA:171,5,1,2
BRF:12
BRH:12
end_of_record
TN:
SF:frontend/js/components/task-list.js
FN:6,define_task_list
FN:12,(anonymous_1)
FN:36,(anonymous_2)
FN:48,(anonymous_3)
FN:59,(anonymous_4)
FN:63,(anonymous_5)
FN:63,(anonymous_6)
FN:66,(anonymous_7)
FN:66,(anonymous_8)
FN:69,(anonymous_9)
FN:69,(anonymous_10)
FN:76,(anonymous_11)
FN:87,(anonymous_12)
FN:96,(anonymous_13)
FNF:14
FNH:14
FNDA:132,define_task_list
FNDA:132,(anonymous_1)
FNDA:2,(anonymous_2)
FNDA:601,(anonymous_3)
FNDA:255,(anonymous_4)
FNDA:603,(anonymous_5)
FNDA:289,(anonymous_6)
FNDA:599,(anonymous_7)
FNDA:214,(anonymous_8)
FNDA:599,(anonymous_9)
FNDA:98,(anonymous_10)
FNDA:2,(anonymous_11)
FNDA:38,(anonymous_12)
FNDA:36,(anonymous_13)
DA:16,132
DA:18,132
DA:21,132
DA:24,132
DA:25,132
DA:26,132
DA:27,132
DA:29,132
DA:36,132
DA:38,132
DA:39,132
DA:49,601
DA:50,601
DA:51,599
DA:52,599
DA:61,255
DA:63,603
DA:66,599
DA:69,599
DA:77,2
DA:78,2
DA:79,2
DA:80,2
DA:88,38
DA:89,38
DA:97,36
DA:98,36
DA:102,132
DA:103,132
LF:29
LH:29
BRDA:63,0,0,603
BRDA:63,0,1,387
BRDA:69,1,0,599
BRDA:69,1,1,385
BRF:4
BRH:4
end_of_record
TN:
SF:frontend/js/components/task.js
FN:9,define_task
FN:15,(anonymous_1)
FN:39,(anonymous_2)
FN:40,(anonymous_3)
FN:41,(anonymous_4)
FN:42,(anonymous_5)
FN:43,(anonymous_6)
FN:44,(anonymous_7)
FN:67,(anonymous_8)
FN:77,(anonymous_9)
FN:88,(anonymous_10)
FN:107,(anonymous_11)
FN:124,(anonymous_12)
FN:137,(anonymous_13)
FN:145,(anonymous_14)
FN:160,(anonymous_15)
FN:186,(anonymous_16)
FN:187,(anonymous_17)
FN:202,(anonymous_18)
FN:223,(anonymous_19)
FN:226,(anonymous_20)
FN:240,(anonymous_21)
FNF:22
FNH:22
FNDA:132,define_task
FNDA:601,(anonymous_1)
FNDA:4,(anonymous_2)
FNDA:18,(anonymous_3)
FNDA:2,(anonymous_4)
FNDA:2,(anonymous_5)
FNDA:17,(anonymous_6)
FNDA:3,(anonymous_7)
FNDA:601,(anonymous_8)
FNDA:20,(anonymous_9)
FNDA:312,(anonymous_10)
FNDA:599,(anonymous_11)
FNDA:5,(anonymous_12)
FNDA:4,(anonymous_13)
FNDA:3,(anonymous_14)
FNDA:2,(anonymous_15)
FNDA:7,(anonymous_16)
FNDA:11,(anonymous_17)
FNDA:17,(anonymous_18)
FNDA:2,(anonymous_19)
FNDA:2,(anonymous_20)
FNDA:17,(anonymous_21)
DA:16,601
DA:17,601
DA:18,601
DA:21,601
DA:22,601
DA:23,601
DA:24,601
DA:25,601
DA:26,601
DA:27,601
DA:28,601
DA:30,601
DA:31,601
DA:32,601
DA:33,601
DA:35,601
DA:36,601
DA:39,601
DA:40,601
DA:41,601
DA:42,601
DA:43,601
DA:44,601
DA:47,601
DA:50,601
DA:51,601
DA:52,601
DA:53,601
DA:54,601
DA:55,601
DA:56,601
DA:57,601
DA:58,601
DA:68,601
DA:69,601
DA:70,601
DA:78,20
DA:79,20
DA:80,20
DA:81,20
DA:89,312
DA:90,312
DA:91,312
DA:92,312
DA:93,312
DA:94,312
DA:95,312
DA:96,312
DA:97,64
DA:108,599
DA:109,599
DA:110,599
DA:111,599
DA:112,599
DA:113,599
DA:114,599
DA:115,312
DA:125,5
DA:127,4
DA:129,5
DA:138,4
DA:146,3
DA:147,2
DA:149,1
DA:161,2
DA:162,2
DA:163,2
DA:164,2
DA:165,6
DA:166,6
DA:167,6
DA:173,6
DA:174,6
DA:177,2
DA:178,2
DA:187,7
DA:188,11
DA:190,5
DA:193,6
DA:203,17
DA:205,17
DA:206,10
DA:209,7
DA:211,7
DA:218,7
DA:219,7
DA:221,7
DA:222,4
DA:224,2
DA:227,2
DA:230,3
DA:241,17
DA:242,2
DA:243,2
DA:245,15
DA:246,2
DA:247,2
DA:249,13
DA:250,4
DA:251,4
DA:253,9
DA:254,2
DA:255,2
DA:257,7
DA:260,132
DA:261,132
LF:106
LH:106
BRDA:96,0,0,64
BRDA:96,0,1,248
BRDA:111,1,0,517
BRDA:111,1,1,82
BRDA:114,2,0,312
BRDA:114,2,1,287
BRDA:114,3,0,599
BRDA:114,3,1,599
BRDA:114,3,2,385
BRDA:125,4,0,4
BRDA:125,4,1,1
BRDA:146,5,0,2
BRDA:146,5,1,1
BRDA:188,6,0,5
BRDA:188,6,1,6
BRDA:205,7,0,10
BRDA:205,7,1,7
BRDA:211,8,0,1
BRDA:211,8,1,6
BRDA:221,9,0,4
BRDA:221,9,1,3
BRDA:241,10,0,2
BRDA:241,10,1,15
BRDA:245,11,0,2
BRDA:245,11,1,13
BRDA:249,12,0,4
BRDA:249,12,1,9
BRDA:253,13,0,2
BRDA:253,13,1,7
BRF:29
BRH:29
end_of_record
TN:
SF:frontend/js/components/timer-display.js
FN:6,define_timer_display
FN:12,(anonymous_1)
FN:39,(anonymous_2)
FN:42,(anonymous_3)
FN:43,(anonymous_4)
FN:72,(anonymous_5)
FN:107,(anonymous_6)
FN:124,(anonymous_7)
FN:132,(anonymous_8)
FN:142,(anonymous_9)
FNF:10
FNH:10
FNDA:132,define_timer_display
FNDA:132,(anonymous_1)
FNDA:43,(anonymous_2)
FNDA:99,(anonymous_3)
FNDA:27,(anonymous_4)
FNDA:99,(anonymous_5)
FNDA:180,(anonymous_6)
FNDA:43,(anonymous_7)
FNDA:18,(anonymous_8)
FNDA:18,(anonymous_9)
DA:13,132
DA:14,132
DA:17,132
DA:19,132
DA:20,132
DA:23,132
DA:24,132
DA:25,132
DA:26,132
DA:27,132
DA:28,132
DA:40,43
DA:42,99
DA:44,27
DA:50,43
DA:51,43
DA:53,43
DA:54,43
DA:56,43
DA:57,43
DA:59,43
DA:62,43
DA:74,99
DA:77,99
DA:78,27
DA:79,27
DA:80,27
DA:81,27
DA:86,72
DA:87,72
DA:89,72
DA:90,72
DA:92,72
DA:93,72
DA:95,72
DA:98,72
DA:111,180
DA:112,31
DA:113,31
DA:116,180
DA:125,43
DA:133,18
DA:134,18
DA:135,18
DA:143,18
DA:146,132
DA:147,132
LF:47
LH:47
BRDA:53,0,0,43
BRDA:53,0,1,0
BRDA:56,1,0,43
BRDA:56,1,1,0
BRDA:74,2,0,0
BRDA:74,2,1,99
BRDA:77,3,0,27
BRDA:77,3,1,72
BRDA:89,4,0,72
BRDA:89,4,1,0
BRDA:92,5,0,72
BRDA:92,5,1,0
BRDA:107,6,0,31
BRDA:111,7,0,31
BRDA:111,7,1,149
BRF:15
BRH:10
end_of_record
TN:
SF:frontend/js/persistence/data.js
FN:15,create_task
FN:16,(anonymous_1)
FN:30,delete_task
FN:31,(anonymous_3)
FN:42,read_task
FN:43,(anonymous_5)
FN:51,update_task
FN:52,(anonymous_7)
FN:67,update_settings
FN:79,upload_userdata
FN:86,(anonymous_10)
FN:98,delete_user_data
FN:116,move_task
FN:117,(anonymous_13)
FN:138,advance_break_cycle
FN:153,advance_task
FN:168,update_state
FN:181,current_task
FN:190,statelet
FN:200,is_finished
FN:210,is_running
FN:222,is_pending
FN:231,next_task_id
FN:232,(anonymous_23)
FN:241,active_userstate
FN:251,analysis
FN:253,(anonymous_26)
FN:254,(anonymous_27)
FN:256,(anonymous_28)
FN:257,(anonymous_29)
FN:259,(anonymous_30)
FN:260,(anonymous_31)
FNF:32
FNH:32
FNDA:12,create_task
FNDA:28,(anonymous_1)
FNDA:10,delete_task
FNDA:28,(anonymous_3)
FNDA:5757,read_task
FNDA:15768,(anonymous_5)
FNDA:47,update_task
FNDA:73,(anonymous_7)
FNDA:48,update_settings
FNDA:406,upload_userdata
FNDA:17,(anonymous_10)
FNDA:4,delete_user_data
FNDA:6,move_task
FNDA:12,(anonymous_13)
FNDA:17,advance_break_cycle
FNDA:9,advance_task
FNDA:280,update_state
FNDA:5726,current_task
FNDA:545,statelet
FNDA:1188,is_finished
FNDA:2438,is_running
FNDA:32,is_pending
FNDA:13,next_task_id
FNDA:28,(anonymous_23)
FNDA:7554,active_userstate
FNDA:77,analysis
FNDA:208,(anonymous_26)
FNDA:208,(anonymous_27)
FNDA:208,(anonymous_28)
FNDA:208,(anonymous_29)
FNDA:208,(anonymous_30)
FNDA:208,(anonymous_31)
DA:16,28
DA:17,12
DA:20,12
DA:23,12
DA:31,28
DA:34,10
DA:43,15768
DA:44,5757
DA:52,73
DA:53,47
DA:56,47
DA:57,47
DA:60,47
DA:69,48
DA:72,48
DA:80,406
DA:81,406
DA:82,18
DA:87,17
DA:91,388
DA:99,4
DA:100,2
DA:105,2
DA:117,12
DA:118,6
DA:120,6
DA:121,8
DA:124,6
DA:126,6
DA:127,6
DA:128,6
DA:130,6
DA:131,6
DA:140,17
DA:141,17
DA:142,17
DA:143,17
DA:144,13
DA:145,13
DA:154,9
DA:155,9
DA:156,6
DA:158,9
DA:161,9
DA:169,280
DA:172,280
DA:182,5726
DA:191,545
DA:201,1188
DA:211,2438
DA:212,2352
DA:213,2350
DA:223,32
DA:232,28
DA:233,13
DA:242,7554
DA:252,77
DA:253,208
DA:254,208
DA:255,77
DA:256,208
DA:257,208
DA:258,77
DA:259,208
DA:260,208
DA:261,77
DA:262,77
DA:263,77
DA:264,77
DA:265,77
LF:70
LH:70
BRDA:15,0,0,10
BRDA:17,1,0,2
BRDA:17,1,1,10
BRDA:44,2,0,5624
BRDA:44,2,1,133
BRDA:81,3,0,18
BRDA:81,3,1,388
BRDA:99,4,0,2
BRDA:99,4,1,2
BRDA:122,5,0,8
BRDA:122,5,1,6
BRDA:122,5,2,4
BRDA:143,6,0,13
BRDA:143,6,1,4
BRDA:145,7,0,8
BRDA:145,7,1,5
BRDA:155,8,0,6
BRDA:155,8,1,3
BRDA:211,9,0,86
BRDA:211,9,1,2352
BRDA:212,10,0,2
BRDA:212,10,1,2350
BRDA:223,11,0,32
BRDA:223,11,1,18
BRDA:233,12,0,5
BRDA:233,12,1,8
BRF:26
BRH:26
end_of_record
TN:
SF:frontend/js/state_machines/state_machine.js
FN:19,transition
FN:30,(anonymous_1)
FN:40,(anonymous_2)
FN:49,rev_transition
FN:57,force_state
FN:59,(anonymous_5)
FNF:6
FNH:6
FNDA:153,transition
FNDA:44,(anonymous_1)
FNDA:584,(anonymous_2)
FNDA:6,rev_transition
FNDA:131,force_state
FNDA:391,(anonymous_5)
DA:20,153
DA:23,153
DA:24,2
DA:25,2
DA:29,151
DA:30,151
DA:34,151
DA:35,151
DA:36,151
DA:37,151
DA:40,584
DA:42,151
DA:50,6
DA:58,131
DA:59,391
DA:60,127
DA:61,127
LF:17
LH:17
BRDA:23,0,0,2
BRDA:23,0,1,151
BRDA:29,1,0,151
BRDA:29,1,1,0
BRDA:30,2,0,44
BRDA:30,2,1,44
BRDA:40,3,0,584
BRDA:40,3,1,581
BRF:8
BRH:7
end_of_record
TN:
SF:frontend/js/state_machines/timer_state_machine.js
FN:32,(anonymous_0)
FN:34,(anonymous_1)
FN:36,(anonymous_2)
FN:66,(anonymous_3)
FN:68,(anonymous_4)
FN:76,(anonymous_5)
FN:90,(anonymous_6)
FN:92,(anonymous_7)
FN:94,(anonymous_8)
FN:96,(anonymous_9)
FN:97,(anonymous_10)
FN:99,(anonymous_11)
FN:117,(anonymous_12)
FN:128,(anonymous_13)
FN:130,(anonymous_14)
FN:149,(anonymous_15)
FN:150,(anonymous_16)
FN:153,(anonymous_17)
FN:173,(anonymous_18)
FN:175,(anonymous_19)
FN:193,(anonymous_20)
FN:195,(anonymous_21)
FN:195,(anonymous_22)
FN:200,(anonymous_23)
FN:210,(anonymous_24)
FN:212,(anonymous_25)
FN:230,(anonymous_26)
FN:241,(anonymous_27)
FN:251,(anonymous_28)
FNF:29
FNH:29
FNDA:151,(anonymous_0)
FNDA:151,(anonymous_1)
FNDA:149,(anonymous_2)
FNDA:29,(anonymous_3)
FNDA:29,(anonymous_4)
FNDA:5,(anonymous_5)
FNDA:38,(anonymous_6)
FNDA:38,(anonymous_7)
FNDA:38,(anonymous_8)
FNDA:38,(anonymous_9)
FNDA:38,(anonymous_10)
FNDA:38,(anonymous_11)
FNDA:8,(anonymous_12)
FNDA:28,(anonymous_13)
FNDA:28,(anonymous_14)
FNDA:28,(anonymous_15)
FNDA:25,(anonymous_16)
FNDA:18,(anonymous_17)
FNDA:18,(anonymous_18)
FNDA:18,(anonymous_19)
FNDA:18,(anonymous_20)
FNDA:18,(anonymous_21)
FNDA:18,(anonymous_22)
FNDA:18,(anonymous_23)
FNDA:18,(anonymous_24)
FNDA:18,(anonymous_25)
FNDA:18,(anonymous_26)
FNDA:9,(anonymous_27)
FNDA:13,(anonymous_28)
DA:22,132
DA:32,151
DA:34,151
DA:38,149
DA:39,149
DA:40,149
DA:41,149
DA:42,149
DA:43,149
DA:44,149
DA:46,149
DA:47,149
DA:48,149
DA:49,149
DA:51,149
DA:52,149
DA:66,29
DA:69,29
DA:70,29
DA:71,29
DA:76,5
DA:90,38
DA:92,38
DA:94,38
DA:96,38
DA:97,38
DA:100,38
DA:101,34
DA:102,34
DA:103,34
DA:104,34
DA:105,34
DA:107,4
DA:108,4
DA:109,4
DA:110,4
DA:111,4
DA:117,8
DA:128,28
DA:132,28
DA:133,28
DA:134,28
DA:135,28
DA:137,28
DA:138,28
DA:139,28
DA:140,28
DA:141,28
DA:142,28
DA:143,28
DA:144,28
DA:146,28
DA:149,28
DA:151,25
DA:152,25
DA:153,25
DA:155,18
DA:156,18
DA:157,18
DA:173,18
DA:177,18
DA:178,18
DA:180,18
DA:181,18
DA:182,13
DA:184,5
DA:186,18
DA:187,18
DA:188,18
DA:189,18
DA:193,18
DA:195,18
DA:200,18
DA:210,18
DA:214,18
DA:215,13
DA:217,5
DA:218,5
DA:220,18
DA:221,18
DA:223,18
DA:224,18
DA:225,18
DA:226,18
DA:227,18
DA:231,18
DA:233,18
DA:234,18
DA:236,18
DA:237,15
DA:239,3
DA:241,18
DA:243,9
DA:244,9
DA:252,13
DA:253,6
LF:96
LH:96
BRDA:100,0,0,34
BRDA:100,0,1,4
BRDA:108,1,0,2
BRDA:108,1,1,2
BRDA:132,2,0,22
BRDA:132,2,1,6
BRDA:149,3,0,3
BRDA:149,3,1,25
BRDA:151,4,0,25
BRDA:151,4,1,0
BRDA:177,5,0,13
BRDA:177,5,1,5
BRDA:181,6,0,13
BRDA:181,6,1,5
BRDA:214,7,0,13
BRDA:214,7,1,5
BRDA:215,8,0,2
BRDA:215,8,1,11
BRDA:218,9,0,1
BRDA:218,9,1,4
BRDA:221,10,0,13
BRDA:221,10,1,5
BRDA:231,11,0,18
BRDA:231,11,1,0
BRDA:236,12,0,15
BRDA:236,12,1,3
BRDA:252,13,0,6
BRDA:252,13,1,7
BRF:28
BRH:26
end_of_record
