{"/home/runner/work/cse110-w21-group17/cse110-w21-group17/source/site/frontend/js/utils.js": {"path":"/home/runner/work/cse110-w21-group17/cse110-w21-group17/source/site/frontend/js/utils.js","statementMap":{"0":{"start":{"line":11,"column":4},"end":{"line":24,"column":42}},"1":{"start":{"line":24,"column":26},"end":{"line":24,"column":41}},"2":{"start":{"line":32,"column":4},"end":{"line":32,"column":33}},"3":{"start":{"line":32,"column":21},"end":{"line":32,"column":33}},"4":{"start":{"line":33,"column":4},"end":{"line":33,"column":83}}},"fnMap":{"0":{"name":"postData","decl":{"start":{"line":10,"column":16},"end":{"line":10,"column":24}},"loc":{"start":{"line":10,"column":36},"end":{"line":25,"column":1}},"line":10},"1":{"name":"(anonymous_1)","decl":{"start":{"line":24,"column":14},"end":{"line":24,"column":15}},"loc":{"start":{"line":24,"column":26},"end":{"line":24,"column":41}},"line":24},"2":{"name":"create_uid","decl":{"start":{"line":31,"column":16},"end":{"line":31,"column":26}},"loc":{"start":{"line":31,"column":35},"end":{"line":34,"column":1}},"line":31}},"branchMap":{"0":{"loc":{"start":{"line":32,"column":4},"end":{"line":32,"column":33}},"type":"if","locations":[{"start":{"line":32,"column":4},"end":{"line":32,"column":33}},{"start":{"line":32,"column":4},"end":{"line":32,"column":33}}],"line":32}},"s":{"0":0,"1":0,"2":3,"3":2,"4":1},"f":{"0":0,"1":0,"2":3},"b":{"0":[2,1]},"_coverageSchema":"1a1c01bbd47fc00a2c39e90264f33305004495a9","hash":"9ba9d0ce9c6c3acb207295cb659ef3ecfa70df1f"}
,"/home/runner/work/cse110-w21-group17/cse110-w21-group17/source/site/frontend/js/components/control-button.js": {"path":"/home/runner/work/cse110-w21-group17/cse110-w21-group17/source/site/frontend/js/components/control-button.js","statementMap":{"0":{"start":{"line":13,"column":12},"end":{"line":13,"column":20}},"1":{"start":{"line":14,"column":25},"end":{"line":16,"column":14}},"2":{"start":{"line":17,"column":12},"end":{"line":17,"column":36}},"3":{"start":{"line":20,"column":12},"end":{"line":20,"column":81}},"4":{"start":{"line":23,"column":4},"end":{"line":23,"column":62}},"5":{"start":{"line":24,"column":4},"end":{"line":24,"column":26}}},"fnMap":{"0":{"name":"define_control_button","decl":{"start":{"line":6,"column":16},"end":{"line":6,"column":37}},"loc":{"start":{"line":6,"column":44},"end":{"line":25,"column":1}},"line":6},"1":{"name":"(anonymous_1)","decl":{"start":{"line":12,"column":8},"end":{"line":12,"column":9}},"loc":{"start":{"line":12,"column":22},"end":{"line":21,"column":9}},"line":12}},"branchMap":{},"s":{"0":1,"1":1,"2":1,"3":1,"4":1,"5":1},"f":{"0":1,"1":1},"b":{},"_coverageSchema":"1a1c01bbd47fc00a2c39e90264f33305004495a9","hash":"61f7b69209660ea7b9726129fed3679b132ecef2"}
,"/home/runner/work/cse110-w21-group17/cse110-w21-group17/source/site/frontend/js/components/modal.js": {"path":"/home/runner/work/cse110-w21-group17/cse110-w21-group17/source/site/frontend/js/components/modal.js","statementMap":{"0":{"start":{"line":13,"column":12},"end":{"line":13,"column":20}},"1":{"start":{"line":14,"column":25},"end":{"line":16,"column":14}},"2":{"start":{"line":17,"column":12},"end":{"line":17,"column":36}},"3":{"start":{"line":20,"column":12},"end":{"line":20,"column":71}},"4":{"start":{"line":21,"column":12},"end":{"line":21,"column":75}},"5":{"start":{"line":22,"column":12},"end":{"line":22,"column":75}},"6":{"start":{"line":23,"column":12},"end":{"line":23,"column":83}},"7":{"start":{"line":24,"column":12},"end":{"line":24,"column":81}},"8":{"start":{"line":27,"column":12},"end":{"line":27,"column":39}},"9":{"start":{"line":28,"column":12},"end":{"line":28,"column":44}},"10":{"start":{"line":29,"column":12},"end":{"line":29,"column":43}},"11":{"start":{"line":32,"column":12},"end":{"line":32,"column":89}},"12":{"start":{"line":33,"column":12},"end":{"line":33,"column":87}},"13":{"start":{"line":34,"column":12},"end":{"line":34,"column":85}},"14":{"start":{"line":41,"column":34},"end":{"line":46,"column":9}},"15":{"start":{"line":42,"column":12},"end":{"line":42,"column":46}},"16":{"start":{"line":43,"column":12},"end":{"line":43,"column":56}},"17":{"start":{"line":44,"column":12},"end":{"line":44,"column":55}},"18":{"start":{"line":45,"column":12},"end":{"line":45,"column":54}},"19":{"start":{"line":52,"column":33},"end":{"line":59,"column":9}},"20":{"start":{"line":53,"column":12},"end":{"line":53,"column":46}},"21":{"start":{"line":54,"column":12},"end":{"line":54,"column":56}},"22":{"start":{"line":55,"column":12},"end":{"line":55,"column":55}},"23":{"start":{"line":56,"column":12},"end":{"line":56,"column":54}},"24":{"start":{"line":58,"column":12},"end":{"line":58,"column":48}},"25":{"start":{"line":65,"column":32},"end":{"line":72,"column":9}},"26":{"start":{"line":66,"column":12},"end":{"line":66,"column":46}},"27":{"start":{"line":67,"column":12},"end":{"line":67,"column":56}},"28":{"start":{"line":68,"column":12},"end":{"line":68,"column":55}},"29":{"start":{"line":69,"column":12},"end":{"line":69,"column":54}},"30":{"start":{"line":71,"column":12},"end":{"line":71,"column":47}},"31":{"start":{"line":78,"column":24},"end":{"line":84,"column":9}},"32":{"start":{"line":79,"column":12},"end":{"line":79,"column":47}},"33":{"start":{"line":80,"column":12},"end":{"line":80,"column":57}},"34":{"start":{"line":81,"column":12},"end":{"line":81,"column":55}},"35":{"start":{"line":82,"column":12},"end":{"line":82,"column":54}},"36":{"start":{"line":83,"column":12},"end":{"line":83,"column":52}},"37":{"start":{"line":92,"column":26},"end":{"line":101,"column":9}},"38":{"start":{"line":93,"column":12},"end":{"line":93,"column":47}},"39":{"start":{"line":94,"column":12},"end":{"line":94,"column":56}},"40":{"start":{"line":95,"column":12},"end":{"line":95,"column":56}},"41":{"start":{"line":96,"column":12},"end":{"line":96,"column":55}},"42":{"start":{"line":97,"column":12},"end":{"line":97,"column":52}},"43":{"start":{"line":99,"column":12},"end":{"line":99,"column":48}},"44":{"start":{"line":100,"column":12},"end":{"line":100,"column":46}},"45":{"start":{"line":105,"column":4},"end":{"line":105,"column":45}},"46":{"start":{"line":106,"column":4},"end":{"line":106,"column":18}}},"fnMap":{"0":{"name":"define_modal","decl":{"start":{"line":6,"column":16},"end":{"line":6,"column":28}},"loc":{"start":{"line":6,"column":35},"end":{"line":107,"column":1}},"line":6},"1":{"name":"(anonymous_1)","decl":{"start":{"line":12,"column":8},"end":{"line":12,"column":9}},"loc":{"start":{"line":12,"column":22},"end":{"line":35,"column":9}},"line":12},"2":{"name":"(anonymous_2)","decl":{"start":{"line":41,"column":34},"end":{"line":41,"column":35}},"loc":{"start":{"line":41,"column":40},"end":{"line":46,"column":9}},"line":41},"3":{"name":"(anonymous_3)","decl":{"start":{"line":52,"column":33},"end":{"line":52,"column":34}},"loc":{"start":{"line":52,"column":39},"end":{"line":59,"column":9}},"line":52},"4":{"name":"(anonymous_4)","decl":{"start":{"line":65,"column":32},"end":{"line":65,"column":33}},"loc":{"start":{"line":65,"column":38},"end":{"line":72,"column":9}},"line":65},"5":{"name":"(anonymous_5)","decl":{"start":{"line":78,"column":24},"end":{"line":78,"column":25}},"loc":{"start":{"line":78,"column":42},"end":{"line":84,"column":9}},"line":78},"6":{"name":"(anonymous_6)","decl":{"start":{"line":92,"column":26},"end":{"line":92,"column":27}},"loc":{"start":{"line":92,"column":63},"end":{"line":101,"column":9}},"line":92}},"branchMap":{},"s":{"0":4,"1":4,"2":4,"3":4,"4":4,"5":4,"6":4,"7":4,"8":4,"9":4,"10":4,"11":4,"12":4,"13":4,"14":4,"15":1,"16":1,"17":1,"18":1,"19":4,"20":1,"21":1,"22":1,"23":1,"24":1,"25":4,"26":1,"27":1,"28":1,"29":1,"30":1,"31":4,"32":1,"33":1,"34":1,"35":1,"36":1,"37":4,"38":3,"39":3,"40":3,"41":3,"42":3,"43":3,"44":3,"45":1,"46":1},"f":{"0":1,"1":4,"2":1,"3":1,"4":1,"5":1,"6":3},"b":{},"_coverageSchema":"1a1c01bbd47fc00a2c39e90264f33305004495a9","hash":"ddd3b0af1e1977a8ad0917a7b0ae6d44b6bda0ff"}
,"/home/runner/work/cse110-w21-group17/cse110-w21-group17/source/site/frontend/js/components/timer-display.js": {"path":"/home/runner/work/cse110-w21-group17/cse110-w21-group17/source/site/frontend/js/components/timer-display.js","statementMap":{"0":{"start":{"line":13,"column":12},"end":{"line":13,"column":20}},"1":{"start":{"line":14,"column":25},"end":{"line":16,"column":14}},"2":{"start":{"line":17,"column":12},"end":{"line":17,"column":36}},"3":{"start":{"line":19,"column":12},"end":{"line":19,"column":80}},"4":{"start":{"line":20,"column":12},"end":{"line":20,"column":77}},"5":{"start":{"line":23,"column":12},"end":{"line":23,"column":46}},"6":{"start":{"line":24,"column":12},"end":{"line":24,"column":45}},"7":{"start":{"line":25,"column":12},"end":{"line":25,"column":44}},"8":{"start":{"line":26,"column":12},"end":{"line":26,"column":44}},"9":{"start":{"line":27,"column":12},"end":{"line":27,"column":33}},"10":{"start":{"line":28,"column":12},"end":{"line":28,"column":38}},"11":{"start":{"line":40,"column":12},"end":{"line":46,"column":13}},"12":{"start":{"line":42,"column":43},"end":{"line":42,"column":66}},"13":{"start":{"line":44,"column":20},"end":{"line":44,"column":37}},"14":{"start":{"line":50,"column":26},"end":{"line":50,"column":65}},"15":{"start":{"line":51,"column":32},"end":{"line":51,"column":71}},"16":{"start":{"line":53,"column":12},"end":{"line":54,"column":40}},"17":{"start":{"line":54,"column":16},"end":{"line":54,"column":40}},"18":{"start":{"line":56,"column":12},"end":{"line":57,"column":52}},"19":{"start":{"line":57,"column":16},"end":{"line":57,"column":52}},"20":{"start":{"line":59,"column":12},"end":{"line":59,"column":73}},"21":{"start":{"line":62,"column":12},"end":{"line":62,"column":40}},"22":{"start":{"line":74,"column":12},"end":{"line":74,"column":47}},"23":{"start":{"line":74,"column":40},"end":{"line":74,"column":47}},"24":{"start":{"line":77,"column":12},"end":{"line":82,"column":13}},"25":{"start":{"line":78,"column":33},"end":{"line":78,"column":58}},"26":{"start":{"line":79,"column":16},"end":{"line":79,"column":39}},"27":{"start":{"line":80,"column":16},"end":{"line":80,"column":29}},"28":{"start":{"line":81,"column":16},"end":{"line":81,"column":23}},"29":{"start":{"line":86,"column":26},"end":{"line":86,"column":65}},"30":{"start":{"line":87,"column":26},"end":{"line":87,"column":65}},"31":{"start":{"line":89,"column":12},"end":{"line":90,"column":40}},"32":{"start":{"line":90,"column":16},"end":{"line":90,"column":40}},"33":{"start":{"line":92,"column":12},"end":{"line":93,"column":40}},"34":{"start":{"line":93,"column":16},"end":{"line":93,"column":40}},"35":{"start":{"line":95,"column":12},"end":{"line":95,"column":67}},"36":{"start":{"line":98,"column":12},"end":{"line":98,"column":40}},"37":{"start":{"line":111,"column":12},"end":{"line":114,"column":13}},"38":{"start":{"line":112,"column":16},"end":{"line":112,"column":52}},"39":{"start":{"line":113,"column":16},"end":{"line":113,"column":38}},"40":{"start":{"line":116,"column":12},"end":{"line":116,"column":51}},"41":{"start":{"line":125,"column":12},"end":{"line":125,"column":42}},"42":{"start":{"line":133,"column":12},"end":{"line":133,"column":42}},"43":{"start":{"line":134,"column":12},"end":{"line":134,"column":36}},"44":{"start":{"line":135,"column":12},"end":{"line":135,"column":49}},"45":{"start":{"line":143,"column":12},"end":{"line":143,"column":40}},"46":{"start":{"line":146,"column":4},"end":{"line":146,"column":60}},"47":{"start":{"line":147,"column":4},"end":{"line":147,"column":25}}},"fnMap":{"0":{"name":"define_timer_display","decl":{"start":{"line":6,"column":16},"end":{"line":6,"column":36}},"loc":{"start":{"line":6,"column":43},"end":{"line":148,"column":1}},"line":6},"1":{"name":"(anonymous_1)","decl":{"start":{"line":12,"column":8},"end":{"line":12,"column":9}},"loc":{"start":{"line":12,"column":22},"end":{"line":29,"column":9}},"line":12},"2":{"name":"(anonymous_2)","decl":{"start":{"line":39,"column":8},"end":{"line":39,"column":9}},"loc":{"start":{"line":39,"column":47},"end":{"line":63,"column":9}},"line":39},"3":{"name":"(anonymous_3)","decl":{"start":{"line":42,"column":37},"end":{"line":42,"column":38}},"loc":{"start":{"line":42,"column":43},"end":{"line":42,"column":66}},"line":42},"4":{"name":"(anonymous_4)","decl":{"start":{"line":43,"column":16},"end":{"line":43,"column":17}},"loc":{"start":{"line":43,"column":33},"end":{"line":45,"column":17}},"line":43},"5":{"name":"(anonymous_5)","decl":{"start":{"line":72,"column":8},"end":{"line":72,"column":9}},"loc":{"start":{"line":72,"column":27},"end":{"line":99,"column":9}},"line":72},"6":{"name":"(anonymous_6)","decl":{"start":{"line":107,"column":8},"end":{"line":107,"column":9}},"loc":{"start":{"line":107,"column":40},"end":{"line":117,"column":9}},"line":107},"7":{"name":"(anonymous_7)","decl":{"start":{"line":124,"column":8},"end":{"line":124,"column":9}},"loc":{"start":{"line":124,"column":26},"end":{"line":126,"column":9}},"line":124},"8":{"name":"(anonymous_8)","decl":{"start":{"line":132,"column":8},"end":{"line":132,"column":9}},"loc":{"start":{"line":132,"column":15},"end":{"line":136,"column":9}},"line":132},"9":{"name":"(anonymous_9)","decl":{"start":{"line":142,"column":8},"end":{"line":142,"column":9}},"loc":{"start":{"line":142,"column":20},"end":{"line":144,"column":9}},"line":142}},"branchMap":{"0":{"loc":{"start":{"line":53,"column":12},"end":{"line":54,"column":40}},"type":"if","locations":[{"start":{"line":53,"column":12},"end":{"line":54,"column":40}},{"start":{"line":53,"column":12},"end":{"line":54,"column":40}}],"line":53},"1":{"loc":{"start":{"line":56,"column":12},"end":{"line":57,"column":52}},"type":"if","locations":[{"start":{"line":56,"column":12},"end":{"line":57,"column":52}},{"start":{"line":56,"column":12},"end":{"line":57,"column":52}}],"line":56},"2":{"loc":{"start":{"line":74,"column":12},"end":{"line":74,"column":47}},"type":"if","locations":[{"start":{"line":74,"column":12},"end":{"line":74,"column":47}},{"start":{"line":74,"column":12},"end":{"line":74,"column":47}}],"line":74},"3":{"loc":{"start":{"line":77,"column":12},"end":{"line":82,"column":13}},"type":"if","locations":[{"start":{"line":77,"column":12},"end":{"line":82,"column":13}},{"start":{"line":77,"column":12},"end":{"line":82,"column":13}}],"line":77},"4":{"loc":{"start":{"line":89,"column":12},"end":{"line":90,"column":40}},"type":"if","locations":[{"start":{"line":89,"column":12},"end":{"line":90,"column":40}},{"start":{"line":89,"column":12},"end":{"line":90,"column":40}}],"line":89},"5":{"loc":{"start":{"line":92,"column":12},"end":{"line":93,"column":40}},"type":"if","locations":[{"start":{"line":92,"column":12},"end":{"line":93,"column":40}},{"start":{"line":92,"column":12},"end":{"line":93,"column":40}}],"line":92},"6":{"loc":{"start":{"line":107,"column":24},"end":{"line":107,"column":38}},"type":"default-arg","locations":[{"start":{"line":107,"column":34},"end":{"line":107,"column":38}}],"line":107},"7":{"loc":{"start":{"line":111,"column":12},"end":{"line":114,"column":13}},"type":"if","locations":[{"start":{"line":111,"column":12},"end":{"line":114,"column":13}},{"start":{"line":111,"column":12},"end":{"line":114,"column":13}}],"line":111}},"s":{"0":11,"1":11,"2":11,"3":11,"4":11,"5":11,"6":11,"7":11,"8":11,"9":11,"10":11,"11":8,"12":734,"13":8,"14":8,"15":8,"16":8,"17":7,"18":8,"19":4,"20":8,"21":8,"22":736,"23":1,"24":735,"25":8,"26":8,"27":8,"28":8,"29":727,"30":727,"31":727,"32":701,"33":727,"34":156,"35":727,"36":727,"37":9,"38":8,"39":8,"40":9,"41":3,"42":2,"43":2,"44":2,"45":1,"46":1,"47":1},"f":{"0":1,"1":11,"2":8,"3":734,"4":8,"5":736,"6":9,"7":3,"8":2,"9":1},"b":{"0":[7,1],"1":[4,4],"2":[1,735],"3":[8,727],"4":[701,26],"5":[156,571],"6":[9],"7":[8,1]},"_coverageSchema":"1a1c01bbd47fc00a2c39e90264f33305004495a9","hash":"47f3a99c15a19e459da9845b377f0c5cae3b89cb"}
}
